Searching DEVSIM_MATH_LIBS="libopenblas.dylib:liblapack.dylib:libblas.dylib"
Loading "libopenblas.dylib": ALL BLAS/LAPACK LOADED
Skipping liblapack.dylib
Skipping libblas.dylib
Physical group name bot has 0 Tetrahedra.
Physical group name bot has 0 Triangles.
Physical group name bot has 24 Lines.
Physical group name bot has 25 Points.
Physical group name dielectric has 0 Tetrahedra.
Physical group name dielectric has 1597 Triangles.
Physical group name dielectric has 2457 Lines.
Physical group name dielectric has 861 Points.
Physical group name dielectric_solution has 0 Tetrahedra.
Physical group name dielectric_solution has 0 Triangles.
Physical group name dielectric_solution has 118 Lines.
Physical group name dielectric_solution has 119 Points.
Physical group name dna has 0 Tetrahedra.
Physical group name dna has 20652 Triangles.
Physical group name dna has 31397 Lines.
Physical group name dna has 10746 Points.
Physical group name dna_solution has 0 Tetrahedra.
Physical group name dna_solution has 0 Triangles.
Physical group name dna_solution has 439 Lines.
Physical group name dna_solution has 440 Points.
Physical group name solution has 0 Tetrahedra.
Physical group name solution has 20853 Triangles.
Physical group name solution has 31684 Lines.
Physical group name solution has 10832 Points.
Physical group name top has 0 Tetrahedra.
Physical group name top has 0 Triangles.
Physical group name top has 24 Lines.
Physical group name top has 25 Points.
Device disk has 21880 coordinates with max index 21880
Region dielectric has 861 nodes.
Region dna has 10746 nodes.
Region solution has 10832 nodes.
Contact bot in region solution with 25 nodes
Contact top in region solution with 25 nodes
Adding interface dielectric_solution with 119, 119 nodes
Adding interface dna_solution with 440, 440 nodes
Volume dna 6.373529476563929e-20 2.0052545537930616e-13
Volume dielectric 9.756678569823221e-12 1.1035733974877949e-08
Volume solution 3.977731347627863e-11 5.160562609001867e-08
number of equations 44103
Iteration: 0
  Device: "disk"	RelError: 3.38649e+00	AbsError: 2.02298e+17
    Region: "dielectric"	RelError: 1.00000e+00	AbsError: 3.47930e+00
      Equation: "PotentialEquation"	RelError: 1.00000e+00	AbsError: 3.47930e+00
    Region: "dna"	RelError: 1.00000e+00	AbsError: 7.87485e-02
      Equation: "PotentialEquation"	RelError: 1.00000e+00	AbsError: 7.87485e-02
    Region: "solution"	RelError: 1.38649e+00	AbsError: 2.02298e+17
      Equation: "AnionContinuityEquation"	RelError: 2.01954e-01	AbsError: 1.01149e+17
      Equation: "CationContinuityEquation"	RelError: 1.84536e-01	AbsError: 1.01149e+17
      Equation: "PotentialEquation"	RelError: 1.00000e+00	AbsError: 3.50000e+00
Iteration: 1
  Device: "disk"	RelError: 2.86101e+05	AbsError: 2.60274e+17
    Region: "dielectric"	RelError: 4.41748e-01	AbsError: 3.66102e-02
      Equation: "PotentialEquation"	RelError: 4.41748e-01	AbsError: 3.66102e-02
    Region: "dna"	RelError: 2.86083e+05	AbsError: 1.10945e-03
      Equation: "PotentialEquation"	RelError: 2.86083e+05	AbsError: 1.10945e-03
    Region: "solution"	RelError: 1.82074e+01	AbsError: 2.60274e+17
      Equation: "AnionContinuityEquation"	RelError: 2.06683e-01	AbsError: 1.30487e+17
      Equation: "CationContinuityEquation"	RelError: 2.03357e-01	AbsError: 1.29787e+17
      Equation: "PotentialEquation"	RelError: 1.77973e+01	AbsError: 3.66102e-02
Iteration: 2
  Device: "disk"	RelError: 1.11128e+00	AbsError: 6.22611e+15
    Region: "dielectric"	RelError: 5.26775e-03	AbsError: 1.09200e-03
      Equation: "PotentialEquation"	RelError: 5.26775e-03	AbsError: 1.09200e-03
    Region: "dna"	RelError: 1.00064e+00	AbsError: 3.91980e-05
      Equation: "PotentialEquation"	RelError: 1.00064e+00	AbsError: 3.91980e-05
    Region: "solution"	RelError: 1.05364e-01	AbsError: 6.22611e+15
      Equation: "AnionContinuityEquation"	RelError: 4.58695e-03	AbsError: 3.18490e+15
      Equation: "CationContinuityEquation"	RelError: 4.39055e-03	AbsError: 3.04121e+15
      Equation: "PotentialEquation"	RelError: 9.63869e-02	AbsError: 1.09200e-03
Iteration: 3
  Device: "disk"	RelError: 6.27253e-03	AbsError: 3.34715e+12
    Region: "dielectric"	RelError: 1.19938e-05	AbsError: 4.96316e-07
      Equation: "PotentialEquation"	RelError: 1.19938e-05	AbsError: 4.96316e-07
    Region: "dna"	RelError: 5.70638e-03	AbsError: 2.30171e-08
      Equation: "PotentialEquation"	RelError: 5.70638e-03	AbsError: 2.30171e-08
    Region: "solution"	RelError: 5.54155e-04	AbsError: 3.34715e+12
      Equation: "AnionContinuityEquation"	RelError: 2.50162e-06	AbsError: 1.73697e+12
      Equation: "CationContinuityEquation"	RelError: 2.32460e-06	AbsError: 1.61018e+12
      Equation: "PotentialEquation"	RelError: 5.49329e-04	AbsError: 4.96316e-07
Iteration: 4
  Device: "disk"	RelError: 4.92399e-09	AbsError: 2.18693e+06
    Region: "dielectric"	RelError: 4.85236e-12	AbsError: 2.40326e-13
      Equation: "PotentialEquation"	RelError: 4.85236e-12	AbsError: 2.40326e-13
    Region: "dna"	RelError: 4.53146e-09	AbsError: 2.57813e-14
      Equation: "PotentialEquation"	RelError: 4.53146e-09	AbsError: 2.57813e-14
    Region: "solution"	RelError: 3.87673e-10	AbsError: 2.18693e+06
      Equation: "AnionContinuityEquation"	RelError: 1.87976e-12	AbsError: 1.07860e+06
      Equation: "CationContinuityEquation"	RelError: 1.76978e-12	AbsError: 1.10833e+06
      Equation: "PotentialEquation"	RelError: 3.84023e-10	AbsError: 2.40326e-13
number of equations 44103
Iteration: 0
  Device: "disk"	RelError: 3.33879e+03	AbsError: 1.34188e+19
    Region: "dielectric"	RelError: 1.33773e+00	AbsError: 9.09572e-03
      Equation: "PotentialEquation"	RelError: 1.33773e+00	AbsError: 9.09572e-03
    Region: "dna"	RelError: 1.31918e+00	AbsError: 2.89326e+00
      Equation: "PotentialEquation"	RelError: 1.31918e+00	AbsError: 2.89326e+00
    Region: "solution"	RelError: 3.33614e+03	AbsError: 1.34188e+19
      Equation: "AnionContinuityEquation"	RelError: 1.96883e+00	AbsError: 1.27606e+19
      Equation: "CationContinuityEquation"	RelError: 9.99000e+02	AbsError: 6.58170e+17
      Equation: "PotentialEquation"	RelError: 2.33517e+03	AbsError: 5.81175e-01
Iteration: 1
  Device: "disk"	RelError: 4.33257e+05	AbsError: 8.48162e+21
    Region: "dielectric"	RelError: 1.58210e+00	AbsError: 4.16663e-03
      Equation: "PotentialEquation"	RelError: 1.58210e+00	AbsError: 4.16663e-03
    Region: "dna"	RelError: 3.32278e+00	AbsError: 4.56762e-01
      Equation: "PotentialEquation"	RelError: 3.32278e+00	AbsError: 4.56762e-01
    Region: "solution"	RelError: 4.33252e+05	AbsError: 8.48162e+21
      Equation: "AnionContinuityEquation"	RelError: 2.54168e+00	AbsError: 8.48127e+21
      Equation: "CationContinuityEquation"	RelError: 4.31910e+05	AbsError: 3.59600e+17
      Equation: "PotentialEquation"	RelError: 1.33873e+03	AbsError: 4.56762e-01
Iteration: 2
  Device: "disk"	RelError: 2.80062e+02	AbsError: 4.12631e+21
    Region: "dielectric"	RelError: 6.95120e-01	AbsError: 1.07951e-03
      Equation: "PotentialEquation"	RelError: 6.95120e-01	AbsError: 1.07951e-03
    Region: "dna"	RelError: 7.39160e-01	AbsError: 1.65697e-01
      Equation: "PotentialEquation"	RelError: 7.39160e-01	AbsError: 1.65697e-01
    Region: "solution"	RelError: 2.78628e+02	AbsError: 4.12631e+21
      Equation: "AnionContinuityEquation"	RelError: 9.45069e-01	AbsError: 4.12608e+21
      Equation: "CationContinuityEquation"	RelError: 1.16178e+01	AbsError: 2.32812e+17
      Equation: "PotentialEquation"	RelError: 2.66065e+02	AbsError: 1.65697e-01
Iteration: 3
  Device: "disk"	RelError: 1.66393e+03	AbsError: 1.77864e+21
    Region: "dielectric"	RelError: 1.60214e-01	AbsError: 2.96425e-04
      Equation: "PotentialEquation"	RelError: 1.60214e-01	AbsError: 2.96425e-04
    Region: "dna"	RelError: 1.37541e-01	AbsError: 3.57572e-02
      Equation: "PotentialEquation"	RelError: 1.37541e-01	AbsError: 3.57572e-02
    Region: "solution"	RelError: 1.66364e+03	AbsError: 1.77864e+21
      Equation: "AnionContinuityEquation"	RelError: 1.02771e+00	AbsError: 1.77846e+21
      Equation: "CationContinuityEquation"	RelError: 1.62611e+03	AbsError: 1.75594e+17
      Equation: "PotentialEquation"	RelError: 3.65028e+01	AbsError: 3.57572e-02
Iteration: 4
  Device: "disk"	RelError: 9.17143e+00	AbsError: 3.04222e+20
    Region: "dielectric"	RelError: 9.42583e-03	AbsError: 1.76020e-05
      Equation: "PotentialEquation"	RelError: 9.42583e-03	AbsError: 1.76020e-05
    Region: "dna"	RelError: 1.46847e-02	AbsError: 3.87720e-03
      Equation: "PotentialEquation"	RelError: 1.46847e-02	AbsError: 3.87720e-03
    Region: "solution"	RelError: 9.14732e+00	AbsError: 3.04222e+20
      Equation: "AnionContinuityEquation"	RelError: 1.40055e-01	AbsError: 3.04209e+20
      Equation: "CationContinuityEquation"	RelError: 3.46340e+00	AbsError: 1.32017e+16
      Equation: "PotentialEquation"	RelError: 5.54387e+00	AbsError: 3.87720e-03
Iteration: 5
  Device: "disk"	RelError: 1.89097e-01	AbsError: 5.53730e+18
    Region: "dielectric"	RelError: 8.58538e-06	AbsError: 1.60406e-08
      Equation: "PotentialEquation"	RelError: 8.58538e-06	AbsError: 1.60406e-08
    Region: "dna"	RelError: 1.24760e-04	AbsError: 3.29446e-05
      Equation: "PotentialEquation"	RelError: 1.24760e-04	AbsError: 3.29446e-05
    Region: "solution"	RelError: 1.88964e-01	AbsError: 5.53730e+18
      Equation: "AnionContinuityEquation"	RelError: 2.15931e-03	AbsError: 5.53720e+18
      Equation: "CationContinuityEquation"	RelError: 1.79731e-01	AbsError: 1.00174e+14
      Equation: "PotentialEquation"	RelError: 7.07316e-03	AbsError: 3.29446e-05
Iteration: 6
  Device: "disk"	RelError: 1.05488e-04	AbsError: 1.21097e+15
    Region: "dielectric"	RelError: 6.81467e-10	AbsError: 1.27414e-12
      Equation: "PotentialEquation"	RelError: 6.81467e-10	AbsError: 1.27414e-12
    Region: "dna"	RelError: 1.21367e-08	AbsError: 3.20610e-09
      Equation: "PotentialEquation"	RelError: 1.21367e-08	AbsError: 3.20610e-09
    Region: "solution"	RelError: 1.05476e-04	AbsError: 1.21097e+15
      Equation: "AnionContinuityEquation"	RelError: 4.68396e-07	AbsError: 1.21096e+15
      Equation: "CationContinuityEquation"	RelError: 1.04544e-04	AbsError: 3.66480e+09
      Equation: "PotentialEquation"	RelError: 4.63662e-07	AbsError: 3.20610e-09
Iteration: 7
  Device: "disk"	RelError: 1.06060e-11	AbsError: 2.11376e+09
    Region: "dielectric"	RelError: 1.25110e-13	AbsError: 3.39059e-16
      Equation: "PotentialEquation"	RelError: 1.25110e-13	AbsError: 3.39059e-16
    Region: "dna"	RelError: 7.49071e-14	AbsError: 1.97321e-14
      Equation: "PotentialEquation"	RelError: 7.49071e-14	AbsError: 1.97321e-14
    Region: "solution"	RelError: 1.04059e-11	AbsError: 2.11376e+09
      Equation: "AnionContinuityEquation"	RelError: 8.33001e-13	AbsError: 2.11373e+09
      Equation: "CationContinuityEquation"	RelError: 6.98728e-12	AbsError: 2.64641e+04
      Equation: "PotentialEquation"	RelError: 2.58566e-12	AbsError: 1.97321e-14
