Searching DEVSIM_MATH_LIBS="libopenblas.dylib:liblapack.dylib:libblas.dylib"
Loading "libopenblas.dylib": ALL BLAS/LAPACK LOADED
Skipping liblapack.dylib
Skipping libblas.dylib
mid
bot
 (region: MyRegion)
 (contact: top)
 (contact: bot)
NetDoping
-1.00000e+18
-1.00000e+18
-1.00000e+18
-1.00000e+18
-1.00000e+18
-1.00000e+18
-1.00000e+18
-1.00000e+18
-1.00000e+18
-1.00000e+18
-1.00000e+18
-1.00000e+18
-1.00000e+18
-1.00000e+18
-1.00000e+18
-1.00000e+18
-1.00000e+18
-1.00000e+18
-1.00000e+18
-1.00000e+18
-1.00000e+18
-1.00000e+18
-1.00000e+18
-1.00000e+18
-1.00000e+18
-1.00000e+18
-1.00000e+18
-1.00000e+18
-1.00000e+18
-1.00000e+18
-1.00000e+18
-1.00000e+18
-1.00000e+18
-1.00000e+18
-1.00000e+18
-1.00000e+18
-1.00000e+18
-1.00000e+18
-1.00000e+18
-1.00000e+18
-1.00000e+18
-1.00000e+18
-1.00000e+18
-1.00000e+18
-1.00000e+18
-1.00000e+18
-1.00000e+18
-1.00000e+18
-1.00000e+18
-1.00000e+18
-1.00000e+18
-1.00000e+18
-1.00000e+18
-1.00000e+18
-1.00000e+18
-1.00000e+18
-1.00000e+18
-1.00000e+18
-1.00000e+18
-1.00000e+18
-1.00000e+18
-1.00000e+18
-1.00000e+18
-1.00000e+18
-1.00000e+18
-1.00000e+18
-1.00000e+18
-1.00000e+18
-1.00000e+18
-1.00000e+18
-1.00000e+18
-1.00000e+18
-1.00000e+18
-1.00000e+18
-1.00000e+18
-1.00000e+18
-1.00000e+18
-1.00000e+18
-1.00000e+18
-1.00000e+18
-1.00000e+18
-1.00000e+18
-1.00000e+18
-1.00000e+18
-1.00000e+18
-1.00000e+18
-1.00000e+18
-1.00000e+18
-1.00000e+18
-1.00000e+18
-1.00000e+18
-1.00000e+18
-1.00000e+18
-1.00000e+18
-1.00000e+18
-1.00000e+18
-1.00000e+18
-1.00000e+18
-1.00000e+18
-1.00000e+18
-1.00000e+18
-1.00000e+18
-1.00000e+18
-1.00000e+18
-1.00000e+18
-1.00000e+18
-1.00000e+18
-1.00000e+18
-1.00000e+18
-1.00000e+18
-1.00000e+18
-1.00000e+18
-1.00000e+18
-1.00000e+18
-1.00000e+18
-1.00000e+18
-1.00000e+18
-1.00000e+18
-1.00000e+18
-1.00000e+18
-1.00000e+18
-1.00000e+18
-1.00000e+18
-1.00000e+18
-1.00000e+18
-1.00000e+18
-1.00000e+18
-1.00000e+18
-1.00000e+18
-1.00000e+18
-1.00000e+18
-1.00000e+18
-1.00000e+18
-1.00000e+18
-1.00000e+18
-1.00000e+18
-1.00000e+18
-1.00000e+18
-1.00000e+18
-1.00000e+18
-1.00000e+18
-1.00000e+18
-1.00000e+18
-1.00000e+18
-1.00000e+18
-1.00000e+18
-1.00000e+18
-1.00000e+18
-1.00000e+18
-1.00000e+18
-1.00000e+18
-1.00000e+18
-1.00000e+18
-1.00000e+18
-1.00000e+18
-1.00000e+18
-1.00000e+18
-1.00000e+18
-1.00000e+18
-1.00000e+18
-1.00000e+18
-1.00000e+18
-1.00000e+18
-1.00000e+18
-1.00000e+18
-1.00000e+18
-1.00000e+18
-1.00000e+18
-1.00000e+18
-1.00000e+18
-1.00000e+18
-1.00000e+18
-1.00000e+18
-1.00000e+18
-1.00000e+18
-1.00000e+18
-1.00000e+18
-1.00000e+18
-1.00000e+18
-1.00000e+18
-1.00000e+18
-1.00000e+18
-1.00000e+18
-1.00000e+18
-1.00000e+18
-1.00000e+18
-1.00000e+18
-1.00000e+18
-1.00000e+18
-1.00000e+18
-1.00000e+18
-1.00000e+18
-1.00000e+18
-1.00000e+18
-1.00000e+18
-1.00000e+18
-1.00000e+18
-1.00000e+18
-1.00000e+18
-1.00000e+18
-1.00000e+18
-1.00000e+18
-1.00000e+18
-1.00000e+18
-1.00000e+18
-1.00000e+18
-1.00000e+18
-1.00000e+18
-1.00000e+18
-1.00000e+18
-1.00000e+18
-1.00000e+18
-1.00000e+18
-1.00000e+18
-1.00000e+18
-1.00000e+18
-1.00000e+18
-1.00000e+18
-1.00000e+18
-1.00000e+18
-1.00000e+18
-1.00000e+18
-1.00000e+18
-1.00000e+18
-1.00000e+18
-1.00000e+18
-1.00000e+18
-1.00000e+18
-1.00000e+18
-1.00000e+18
-1.00000e+18
-1.00000e+18
0.00000e+00
1.00000e+18
1.00000e+18
1.00000e+18
1.00000e+18
1.00000e+18
1.00000e+18
1.00000e+18
1.00000e+18
1.00000e+18
1.00000e+18
1.00000e+18
1.00000e+18
1.00000e+18
1.00000e+18
1.00000e+18
1.00000e+18
1.00000e+18
1.00000e+18
1.00000e+18
1.00000e+18
1.00000e+18
1.00000e+18
1.00000e+18
1.00000e+18
1.00000e+18
1.00000e+18
1.00000e+18
1.00000e+18
1.00000e+18
1.00000e+18
1.00000e+18
1.00000e+18
1.00000e+18
1.00000e+18
1.00000e+18
1.00000e+18
1.00000e+18
1.00000e+18
1.00000e+18
1.00000e+18
1.00000e+18
1.00000e+18
1.00000e+18
1.00000e+18
1.00000e+18
1.00000e+18
1.00000e+18
1.00000e+18
1.00000e+18
1.00000e+18
1.00000e+18
1.00000e+18
1.00000e+18
1.00000e+18
1.00000e+18
1.00000e+18
1.00000e+18
1.00000e+18
1.00000e+18
1.00000e+18
1.00000e+18
1.00000e+18
1.00000e+18
1.00000e+18
1.00000e+18
1.00000e+18
1.00000e+18
1.00000e+18
1.00000e+18
1.00000e+18
1.00000e+18
1.00000e+18
1.00000e+18
1.00000e+18
1.00000e+18
1.00000e+18
1.00000e+18
1.00000e+18
1.00000e+18
1.00000e+18
1.00000e+18
1.00000e+18
1.00000e+18
1.00000e+18
1.00000e+18
1.00000e+18
1.00000e+18
1.00000e+18
1.00000e+18
1.00000e+18
1.00000e+18
1.00000e+18
1.00000e+18
1.00000e+18
1.00000e+18
1.00000e+18
1.00000e+18
1.00000e+18
1.00000e+18
1.00000e+18
1.00000e+18
1.00000e+18
1.00000e+18
1.00000e+18
1.00000e+18
1.00000e+18
1.00000e+18
1.00000e+18
1.00000e+18
1.00000e+18
1.00000e+18
1.00000e+18
1.00000e+18
1.00000e+18
1.00000e+18
1.00000e+18
1.00000e+18
1.00000e+18
1.00000e+18
1.00000e+18
1.00000e+18
1.00000e+18
1.00000e+18
1.00000e+18
1.00000e+18
1.00000e+18
1.00000e+18
1.00000e+18
1.00000e+18
1.00000e+18
1.00000e+18
1.00000e+18
1.00000e+18
1.00000e+18
1.00000e+18
1.00000e+18
1.00000e+18
1.00000e+18
1.00000e+18
1.00000e+18
1.00000e+18
1.00000e+18
1.00000e+18
1.00000e+18
1.00000e+18
1.00000e+18
1.00000e+18
1.00000e+18
1.00000e+18
1.00000e+18
1.00000e+18
1.00000e+18
1.00000e+18
1.00000e+18
1.00000e+18
1.00000e+18
1.00000e+18
1.00000e+18
1.00000e+18
1.00000e+18
1.00000e+18
1.00000e+18
1.00000e+18
1.00000e+18
1.00000e+18
1.00000e+18
1.00000e+18
1.00000e+18
1.00000e+18
1.00000e+18
1.00000e+18
1.00000e+18
1.00000e+18
1.00000e+18
1.00000e+18
1.00000e+18
1.00000e+18
1.00000e+18
1.00000e+18
1.00000e+18
1.00000e+18
1.00000e+18
1.00000e+18
1.00000e+18
1.00000e+18
1.00000e+18
1.00000e+18
1.00000e+18
1.00000e+18
1.00000e+18
1.00000e+18
1.00000e+18
1.00000e+18
1.00000e+18
1.00000e+18
1.00000e+18
1.00000e+18
1.00000e+18
1.00000e+18
1.00000e+18
1.00000e+18
1.00000e+18
1.00000e+18
1.00000e+18
1.00000e+18
1.00000e+18
1.00000e+18
1.00000e+18
1.00000e+18
1.00000e+18
1.00000e+18
1.00000e+18
1.00000e+18
1.00000e+18
1.00000e+18
1.00000e+18
1.00000e+18
1.00000e+18
1.00000e+18
1.00000e+18
1.00000e+18
1.00000e+18
1.00000e+18
1.00000e+18
1.00000e+18
1.00000e+18
1.00000e+18
1.00000e+18
1.00000e+18
1.00000e+18
1.00000e+18
1.00000e+18
number of equations 465
Iteration: 0
  Device: "MyDevice"	RelError: 1.00000e+00	AbsError: 8.88882e-02
    Region: "MyRegion"	RelError: 1.00000e+00	AbsError: 8.88882e-02
      Equation: "PotentialEquation"	RelError: 1.00000e+00	AbsError: 8.88882e-02
Iteration: 1
  Device: "MyDevice"	RelError: 4.91285e-01	AbsError: 8.58427e-02
    Region: "MyRegion"	RelError: 4.91285e-01	AbsError: 8.58427e-02
      Equation: "PotentialEquation"	RelError: 4.91285e-01	AbsError: 8.58427e-02
Iteration: 2
  Device: "MyDevice"	RelError: 3.20761e-01	AbsError: 8.25143e-02
    Region: "MyRegion"	RelError: 3.20761e-01	AbsError: 8.25143e-02
      Equation: "PotentialEquation"	RelError: 3.20761e-01	AbsError: 8.25143e-02
Iteration: 3
  Device: "MyDevice"	RelError: 2.34478e-01	AbsError: 7.87938e-02
    Region: "MyRegion"	RelError: 2.34478e-01	AbsError: 7.87938e-02
      Equation: "PotentialEquation"	RelError: 2.34478e-01	AbsError: 7.87938e-02
Iteration: 4
  Device: "MyDevice"	RelError: 1.94308e-01	AbsError: 7.35513e-02
    Region: "MyRegion"	RelError: 1.94308e-01	AbsError: 7.35513e-02
      Equation: "PotentialEquation"	RelError: 1.94308e-01	AbsError: 7.35513e-02
Iteration: 5
  Device: "MyDevice"	RelError: 2.20512e+00	AbsError: 5.56633e-02
    Region: "MyRegion"	RelError: 2.20512e+00	AbsError: 5.56633e-02
      Equation: "PotentialEquation"	RelError: 2.20512e+00	AbsError: 5.56633e-02
Iteration: 6
  Device: "MyDevice"	RelError: 4.42954e-01	AbsError: 3.95692e-02
    Region: "MyRegion"	RelError: 4.42954e-01	AbsError: 3.95692e-02
      Equation: "PotentialEquation"	RelError: 4.42954e-01	AbsError: 3.95692e-02
Iteration: 7
  Device: "MyDevice"	RelError: 6.44444e-02	AbsError: 2.91367e-02
    Region: "MyRegion"	RelError: 6.44444e-02	AbsError: 2.91367e-02
      Equation: "PotentialEquation"	RelError: 6.44444e-02	AbsError: 2.91367e-02
Iteration: 8
  Device: "MyDevice"	RelError: 5.18778e-02	AbsError: 2.47384e-02
    Region: "MyRegion"	RelError: 5.18778e-02	AbsError: 2.47384e-02
      Equation: "PotentialEquation"	RelError: 5.18778e-02	AbsError: 2.47384e-02
Iteration: 9
  Device: "MyDevice"	RelError: 8.86327e-04	AbsError: 4.22634e-04
    Region: "MyRegion"	RelError: 8.86327e-04	AbsError: 4.22634e-04
      Equation: "PotentialEquation"	RelError: 8.86327e-04	AbsError: 4.22634e-04
Iteration: 10
  Device: "MyDevice"	RelError: 4.57979e-06	AbsError: 9.93520e-07
    Region: "MyRegion"	RelError: 4.57979e-06	AbsError: 9.93520e-07
      Equation: "PotentialEquation"	RelError: 4.57979e-06	AbsError: 9.93520e-07
Iteration: 11
  Device: "MyDevice"	RelError: 9.66553e-11	AbsError: 7.81762e-12
    Region: "MyRegion"	RelError: 9.66553e-11	AbsError: 7.81762e-12
      Equation: "PotentialEquation"	RelError: 9.66553e-11	AbsError: 7.81762e-12
Warning: Replacing equation with equation of the same name.
Region: MyRegion, Equation: PotentialEquation, Variable: Potential
number of equations 1395
Iteration: 0
  Device: "MyDevice"	RelError: 1.44684e-13	AbsError: 1.02400e+04
    Region: "MyRegion"	RelError: 1.44684e-13	AbsError: 1.02400e+04
      Equation: "ElectronContinuityEquation"	RelError: 9.37418e-15	AbsError: 5.12000e+03
      Equation: "HoleContinuityEquation"	RelError: 1.00615e-14	AbsError: 5.12000e+03
      Equation: "PotentialEquation"	RelError: 1.25248e-13	AbsError: 1.58050e-16
number of equations 1395
Iteration: 0
  Device: "MyDevice"	RelError: 3.67354e-13	AbsError: 4.00623e+02
    Region: "MyRegion"	RelError: 3.67354e-13	AbsError: 4.00623e+02
      Equation: "ElectronContinuityEquation"	RelError: 1.74200e-15	AbsError: 2.15446e+02
      Equation: "HoleContinuityEquation"	RelError: 3.65304e-15	AbsError: 1.85177e+02
      Equation: "PotentialEquation"	RelError: 3.61959e-13	AbsError: 8.48050e-17
top	0.0	-8.693443938556645e-25	-2.1558854434500004e-09	-2.1558854434500012e-09
bot	0.0	1.0786600266157366e-07	5.701282598288415e-24	1.0786600266157366e-07
number of equations 1395
Iteration: 0
  Device: "MyDevice"	RelError: 9.67313e+01	AbsError: 5.60383e+17
    Region: "MyRegion"	RelError: 9.67313e+01	AbsError: 5.60383e+17
      Equation: "ElectronContinuityEquation"	RelError: 8.99715e-01	AbsError: 3.04847e+17
      Equation: "HoleContinuityEquation"	RelError: 9.07853e-01	AbsError: 2.55536e+17
      Equation: "PotentialEquation"	RelError: 9.49237e+01	AbsError: 5.47369e-02
Iteration: 1
  Device: "MyDevice"	RelError: 1.32375e+02	AbsError: 3.40245e+17
    Region: "MyRegion"	RelError: 1.32375e+02	AbsError: 3.40245e+17
      Equation: "ElectronContinuityEquation"	RelError: 9.23550e-01	AbsError: 1.96509e+17
      Equation: "HoleContinuityEquation"	RelError: 6.11054e-01	AbsError: 1.43737e+17
      Equation: "PotentialEquation"	RelError: 1.30840e+02	AbsError: 3.63909e-02
Iteration: 2
  Device: "MyDevice"	RelError: 5.55954e+01	AbsError: 1.79839e+16
    Region: "MyRegion"	RelError: 5.55954e+01	AbsError: 1.79839e+16
      Equation: "ElectronContinuityEquation"	RelError: 4.28537e+00	AbsError: 1.23867e+16
      Equation: "HoleContinuityEquation"	RelError: 2.72074e-01	AbsError: 5.59715e+15
      Equation: "PotentialEquation"	RelError: 5.10380e+01	AbsError: 2.58733e-02
Iteration: 3
  Device: "MyDevice"	RelError: 1.26975e+02	AbsError: 6.20049e+15
    Region: "MyRegion"	RelError: 1.26975e+02	AbsError: 6.20049e+15
      Equation: "ElectronContinuityEquation"	RelError: 6.01444e-01	AbsError: 5.35266e+14
      Equation: "HoleContinuityEquation"	RelError: 6.63836e-02	AbsError: 5.66523e+15
      Equation: "PotentialEquation"	RelError: 1.26308e+02	AbsError: 1.86048e-02
Iteration: 4
  Device: "MyDevice"	RelError: 1.55445e+00	AbsError: 3.87186e+15
    Region: "MyRegion"	RelError: 1.55445e+00	AbsError: 3.87186e+15
      Equation: "ElectronContinuityEquation"	RelError: 1.84866e-01	AbsError: 1.60085e+15
      Equation: "HoleContinuityEquation"	RelError: 5.46718e-02	AbsError: 2.27101e+15
      Equation: "PotentialEquation"	RelError: 1.31491e+00	AbsError: 1.46703e-03
Iteration: 5
  Device: "MyDevice"	RelError: 9.19227e-03	AbsError: 1.34929e+13
    Region: "MyRegion"	RelError: 9.19227e-03	AbsError: 1.34929e+13
      Equation: "ElectronContinuityEquation"	RelError: 3.42921e-03	AbsError: 6.64892e+12
      Equation: "HoleContinuityEquation"	RelError: 1.76463e-03	AbsError: 6.84396e+12
      Equation: "PotentialEquation"	RelError: 3.99843e-03	AbsError: 4.38076e-06
Iteration: 6
  Device: "MyDevice"	RelError: 2.86018e-05	AbsError: 5.29547e+10
    Region: "MyRegion"	RelError: 2.86018e-05	AbsError: 5.29547e+10
      Equation: "ElectronContinuityEquation"	RelError: 1.01409e-06	AbsError: 3.44335e+10
      Equation: "HoleContinuityEquation"	RelError: 1.22879e-06	AbsError: 1.85212e+10
      Equation: "PotentialEquation"	RelError: 2.63589e-05	AbsError: 3.00296e-08
Iteration: 7
  Device: "MyDevice"	RelError: 2.29854e-08	AbsError: 1.00307e+08
    Region: "MyRegion"	RelError: 2.29854e-08	AbsError: 1.00307e+08
      Equation: "ElectronContinuityEquation"	RelError: 5.30926e-10	AbsError: 1.81369e+07
      Equation: "HoleContinuityEquation"	RelError: 7.46832e-10	AbsError: 8.21697e+07
      Equation: "PotentialEquation"	RelError: 2.17077e-08	AbsError: 1.98007e-11
Iteration: 8
  Device: "MyDevice"	RelError: 9.87690e-10	AbsError: 1.83215e+06
    Region: "MyRegion"	RelError: 9.87690e-10	AbsError: 1.83215e+06
      Equation: "ElectronContinuityEquation"	RelError: 3.24915e-11	AbsError: 1.20036e+06
      Equation: "HoleContinuityEquation"	RelError: 3.92329e-11	AbsError: 6.31789e+05
      Equation: "PotentialEquation"	RelError: 9.15966e-10	AbsError: 1.04526e-12
Iteration: 9
  Device: "MyDevice"	RelError: 2.73864e-12	AbsError: 5.00194e+03
    Region: "MyRegion"	RelError: 2.73864e-12	AbsError: 5.00194e+03
      Equation: "ElectronContinuityEquation"	RelError: 8.97562e-14	AbsError: 3.42262e+03
      Equation: "HoleContinuityEquation"	RelError: 1.08768e-13	AbsError: 1.57932e+03
      Equation: "PotentialEquation"	RelError: 2.54011e-12	AbsError: 2.91364e-15
top	0.1	2.7759053630803923e-09	1.1314722596688752e-07	1.1592313132996792e-07
bot	0.0	-1.1737266843262372e-07	-1.388121555242851e-09	-1.1876078998786658e-07
number of equations 1395
Iteration: 0
  Device: "MyDevice"	RelError: 3.43318e+01	AbsError: 2.42078e+17
    Region: "MyRegion"	RelError: 3.43318e+01	AbsError: 2.42078e+17
      Equation: "ElectronContinuityEquation"	RelError: 7.96576e-01	AbsError: 1.27622e+17
      Equation: "HoleContinuityEquation"	RelError: 8.11748e-01	AbsError: 1.14456e+17
      Equation: "PotentialEquation"	RelError: 3.27235e+01	AbsError: 4.09542e-02
Iteration: 1
  Device: "MyDevice"	RelError: 2.75677e+01	AbsError: 4.26241e+16
    Region: "MyRegion"	RelError: 2.75677e+01	AbsError: 4.26241e+16
      Equation: "ElectronContinuityEquation"	RelError: 7.65154e-01	AbsError: 1.79866e+16
      Equation: "HoleContinuityEquation"	RelError: 8.31972e-01	AbsError: 2.46375e+16
      Equation: "PotentialEquation"	RelError: 2.59705e+01	AbsError: 3.07632e-02
Iteration: 2
  Device: "MyDevice"	RelError: 1.48047e+01	AbsError: 3.33995e+16
    Region: "MyRegion"	RelError: 1.48047e+01	AbsError: 3.33995e+16
      Equation: "ElectronContinuityEquation"	RelError: 4.51354e-01	AbsError: 1.52415e+15
      Equation: "HoleContinuityEquation"	RelError: 3.66375e-01	AbsError: 3.18753e+16
      Equation: "PotentialEquation"	RelError: 1.39870e+01	AbsError: 2.57466e-02
Iteration: 3
  Device: "MyDevice"	RelError: 3.57129e-01	AbsError: 5.71256e+15
    Region: "MyRegion"	RelError: 3.57129e-01	AbsError: 5.71256e+15
      Equation: "ElectronContinuityEquation"	RelError: 2.12708e-01	AbsError: 3.77220e+14
      Equation: "HoleContinuityEquation"	RelError: 4.38584e-02	AbsError: 5.33534e+15
      Equation: "PotentialEquation"	RelError: 1.00563e-01	AbsError: 9.16533e-03
Iteration: 4
  Device: "MyDevice"	RelError: 9.83286e-02	AbsError: 1.53969e+15
    Region: "MyRegion"	RelError: 9.83286e-02	AbsError: 1.53969e+15
      Equation: "ElectronContinuityEquation"	RelError: 6.34553e-02	AbsError: 1.25255e+14
      Equation: "HoleContinuityEquation"	RelError: 4.43768e-03	AbsError: 1.41443e+15
      Equation: "PotentialEquation"	RelError: 3.04356e-02	AbsError: 8.10776e-05
Iteration: 5
  Device: "MyDevice"	RelError: 1.66706e-04	AbsError: 6.75543e+12
    Region: "MyRegion"	RelError: 1.66706e-04	AbsError: 6.75543e+12
      Equation: "ElectronContinuityEquation"	RelError: 5.20133e-05	AbsError: 1.62720e+11
      Equation: "HoleContinuityEquation"	RelError: 6.61088e-06	AbsError: 6.59271e+12
      Equation: "PotentialEquation"	RelError: 1.08082e-04	AbsError: 1.51638e-07
Iteration: 6
  Device: "MyDevice"	RelError: 5.88382e-07	AbsError: 1.15813e+10
    Region: "MyRegion"	RelError: 5.88382e-07	AbsError: 1.15813e+10
      Equation: "ElectronContinuityEquation"	RelError: 2.89872e-08	AbsError: 8.79182e+08
      Equation: "HoleContinuityEquation"	RelError: 2.95834e-08	AbsError: 1.07021e+10
      Equation: "PotentialEquation"	RelError: 5.29811e-07	AbsError: 7.76429e-10
Iteration: 7
  Device: "MyDevice"	RelError: 3.56972e-09	AbsError: 2.52837e+07
    Region: "MyRegion"	RelError: 3.56972e-09	AbsError: 2.52837e+07
      Equation: "ElectronContinuityEquation"	RelError: 1.99864e-10	AbsError: 5.83724e+06
      Equation: "HoleContinuityEquation"	RelError: 1.87915e-10	AbsError: 1.94464e+07
      Equation: "PotentialEquation"	RelError: 3.18194e-09	AbsError: 4.93508e-12
Iteration: 8
  Device: "MyDevice"	RelError: 1.10350e-12	AbsError: 3.37468e+04
    Region: "MyRegion"	RelError: 1.10350e-12	AbsError: 3.37468e+04
      Equation: "ElectronContinuityEquation"	RelError: 1.73782e-13	AbsError: 1.57520e+03
      Equation: "HoleContinuityEquation"	RelError: 5.24221e-14	AbsError: 3.21716e+04
      Equation: "PotentialEquation"	RelError: 8.77299e-13	AbsError: 1.33147e-15
top	0.2	1.283294428575949e-07	1.0080071751381564e-06	1.1363366179957514e-06
bot	0.0	-1.0351389802923312e-06	-6.417201268020018e-08	-1.0993109929725313e-06
number of equations 1395
Iteration: 0
  Device: "MyDevice"	RelError: 3.25925e+01	AbsError: 2.35683e+17
    Region: "MyRegion"	RelError: 3.25925e+01	AbsError: 2.35683e+17
      Equation: "ElectronContinuityEquation"	RelError: 7.93513e-01	AbsError: 1.18466e+17
      Equation: "HoleContinuityEquation"	RelError: 7.92390e-01	AbsError: 1.17218e+17
      Equation: "PotentialEquation"	RelError: 3.10066e+01	AbsError: 4.10268e-02
Iteration: 1
  Device: "MyDevice"	RelError: 2.76163e+01	AbsError: 3.36289e+16
    Region: "MyRegion"	RelError: 2.76163e+01	AbsError: 3.36289e+16
      Equation: "ElectronContinuityEquation"	RelError: 6.87635e-01	AbsError: 1.64659e+16
      Equation: "HoleContinuityEquation"	RelError: 7.77960e-01	AbsError: 1.71629e+16
      Equation: "PotentialEquation"	RelError: 2.61507e+01	AbsError: 3.07665e-02
Iteration: 2
  Device: "MyDevice"	RelError: 1.23188e+01	AbsError: 3.09894e+15
    Region: "MyRegion"	RelError: 1.23188e+01	AbsError: 3.09894e+15
      Equation: "ElectronContinuityEquation"	RelError: 5.06544e-01	AbsError: 1.53705e+15
      Equation: "HoleContinuityEquation"	RelError: 4.95194e-01	AbsError: 1.56188e+15
      Equation: "PotentialEquation"	RelError: 1.13171e+01	AbsError: 2.58993e-02
Iteration: 3
  Device: "MyDevice"	RelError: 4.10713e-01	AbsError: 5.57944e+14
    Region: "MyRegion"	RelError: 4.10713e-01	AbsError: 5.57944e+14
      Equation: "ElectronContinuityEquation"	RelError: 2.84741e-01	AbsError: 1.11269e+14
      Equation: "HoleContinuityEquation"	RelError: 7.41125e-02	AbsError: 4.46674e+14
      Equation: "PotentialEquation"	RelError: 5.18592e-02	AbsError: 9.17090e-03
Iteration: 4
  Device: "MyDevice"	RelError: 1.05211e-01	AbsError: 3.01554e+14
    Region: "MyRegion"	RelError: 1.05211e-01	AbsError: 3.01554e+14
      Equation: "ElectronContinuityEquation"	RelError: 7.70513e-02	AbsError: 1.88687e+13
      Equation: "HoleContinuityEquation"	RelError: 1.40616e-03	AbsError: 2.82685e+14
      Equation: "PotentialEquation"	RelError: 2.67532e-02	AbsError: 2.95601e-05
Iteration: 5
  Device: "MyDevice"	RelError: 9.00587e-05	AbsError: 1.03100e+13
    Region: "MyRegion"	RelError: 9.00587e-05	AbsError: 1.03100e+13
      Equation: "ElectronContinuityEquation"	RelError: 2.51442e-05	AbsError: 2.60488e+12
      Equation: "HoleContinuityEquation"	RelError: 9.53822e-06	AbsError: 7.70512e+12
      Equation: "PotentialEquation"	RelError: 5.53762e-05	AbsError: 2.45755e-07
Iteration: 6
  Device: "MyDevice"	RelError: 1.32673e-06	AbsError: 7.67892e+11
    Region: "MyRegion"	RelError: 1.32673e-06	AbsError: 7.67892e+11
      Equation: "ElectronContinuityEquation"	RelError: 7.00779e-07	AbsError: 7.00650e+11
      Equation: "HoleContinuityEquation"	RelError: 4.60323e-07	AbsError: 6.72421e+10
      Equation: "PotentialEquation"	RelError: 1.65631e-07	AbsError: 1.82527e-08
Iteration: 7
  Device: "MyDevice"	RelError: 3.78516e-09	AbsError: 1.24970e+09
    Region: "MyRegion"	RelError: 3.78516e-09	AbsError: 1.24970e+09
      Equation: "ElectronContinuityEquation"	RelError: 1.28372e-09	AbsError: 1.15716e+08
      Equation: "HoleContinuityEquation"	RelError: 1.20109e-09	AbsError: 1.13399e+09
      Equation: "PotentialEquation"	RelError: 1.30035e-09	AbsError: 3.10928e-11
Iteration: 8
  Device: "MyDevice"	RelError: 1.90383e-10	AbsError: 3.38740e+07
    Region: "MyRegion"	RelError: 1.90383e-10	AbsError: 3.38740e+07
      Equation: "ElectronContinuityEquation"	RelError: 3.75515e-11	AbsError: 7.27903e+05
      Equation: "HoleContinuityEquation"	RelError: 3.61916e-11	AbsError: 3.31460e+07
      Equation: "PotentialEquation"	RelError: 1.16640e-10	AbsError: 9.36894e-13
Iteration: 9
  Device: "MyDevice"	RelError: 9.43868e-12	AbsError: 1.81980e+06
    Region: "MyRegion"	RelError: 9.43868e-12	AbsError: 1.81980e+06
      Equation: "ElectronContinuityEquation"	RelError: 1.94707e-12	AbsError: 1.28778e+05
      Equation: "HoleContinuityEquation"	RelError: 1.84640e-12	AbsError: 1.69102e+06
      Equation: "PotentialEquation"	RelError: 5.64521e-12	AbsError: 4.77993e-14
top	0.30000000000000004	5.806848290162492e-06	1.0124612479256645e-05	1.5931460769419137e-05
bot	0.0	-1.3116453265613847e-05	-2.903730853546231e-06	-1.602018411916008e-05
number of equations 1395
Iteration: 0
  Device: "MyDevice"	RelError: 5.90393e+03	AbsError: 3.03322e+17
    Region: "MyRegion"	RelError: 5.90393e+03	AbsError: 3.03322e+17
      Equation: "ElectronContinuityEquation"	RelError: 7.90587e-01	AbsError: 1.26757e+17
      Equation: "HoleContinuityEquation"	RelError: 7.92631e-01	AbsError: 1.76564e+17
      Equation: "PotentialEquation"	RelError: 5.90235e+03	AbsError: 4.09542e-02
Iteration: 1
  Device: "MyDevice"	RelError: 2.63521e+02	AbsError: 1.70150e+17
    Region: "MyRegion"	RelError: 2.63521e+02	AbsError: 1.70150e+17
      Equation: "ElectronContinuityEquation"	RelError: 6.89226e-01	AbsError: 1.88187e+16
      Equation: "HoleContinuityEquation"	RelError: 7.79616e-01	AbsError: 1.51331e+17
      Equation: "PotentialEquation"	RelError: 2.62052e+02	AbsError: 3.08591e-02
Iteration: 2
  Device: "MyDevice"	RelError: 1.91809e+01	AbsError: 5.99829e+15
    Region: "MyRegion"	RelError: 1.91809e+01	AbsError: 5.99829e+15
      Equation: "ElectronContinuityEquation"	RelError: 5.10121e-01	AbsError: 2.71616e+15
      Equation: "HoleContinuityEquation"	RelError: 4.96329e-01	AbsError: 3.28213e+15
      Equation: "PotentialEquation"	RelError: 1.81745e+01	AbsError: 2.57938e-02
Iteration: 3
  Device: "MyDevice"	RelError: 4.77554e-01	AbsError: 7.77825e+14
    Region: "MyRegion"	RelError: 4.77554e-01	AbsError: 7.77825e+14
      Equation: "ElectronContinuityEquation"	RelError: 2.83841e-01	AbsError: 3.34633e+14
      Equation: "HoleContinuityEquation"	RelError: 7.08576e-02	AbsError: 4.43192e+14
      Equation: "PotentialEquation"	RelError: 1.22855e-01	AbsError: 9.25784e-03
Iteration: 4
  Device: "MyDevice"	RelError: 8.51103e-02	AbsError: 5.21162e+14
    Region: "MyRegion"	RelError: 8.51103e-02	AbsError: 5.21162e+14
      Equation: "ElectronContinuityEquation"	RelError: 7.83115e-02	AbsError: 3.45420e+14
      Equation: "HoleContinuityEquation"	RelError: 4.26066e-04	AbsError: 1.75742e+14
      Equation: "PotentialEquation"	RelError: 6.37282e-03	AbsError: 8.80755e-06
Iteration: 5
  Device: "MyDevice"	RelError: 1.10425e-05	AbsError: 1.57678e+11
    Region: "MyRegion"	RelError: 1.10425e-05	AbsError: 1.57678e+11
      Equation: "ElectronContinuityEquation"	RelError: 1.09256e-05	AbsError: 1.47905e+11
      Equation: "HoleContinuityEquation"	RelError: 1.06703e-07	AbsError: 9.77279e+09
      Equation: "PotentialEquation"	RelError: 1.02262e-08	AbsError: 2.28418e-09
Iteration: 6
  Device: "MyDevice"	RelError: 5.44668e-12	AbsError: 3.20488e+06
    Region: "MyRegion"	RelError: 5.44668e-12	AbsError: 3.20488e+06
      Equation: "ElectronContinuityEquation"	RelError: 3.20497e-12	AbsError: 3.20458e+06
      Equation: "HoleContinuityEquation"	RelError: 2.06738e-12	AbsError: 2.95912e+02
      Equation: "PotentialEquation"	RelError: 1.74330e-13	AbsError: 8.31302e-14
top	0.4	0.0002622125271691069	0.00018653934487173894	0.00044875187204084584
bot	0.0	-0.00031770168648369084	-0.00013111905584502426	-0.0004488207423287151
number of equations 1395
Iteration: 0
  Device: "MyDevice"	RelError: 1.75289e+02	AbsError: 2.79353e+17
    Region: "MyRegion"	RelError: 1.75289e+02	AbsError: 2.79353e+17
      Equation: "ElectronContinuityEquation"	RelError: 7.92056e-01	AbsError: 1.39695e+17
      Equation: "HoleContinuityEquation"	RelError: 7.92162e-01	AbsError: 1.39658e+17
      Equation: "PotentialEquation"	RelError: 1.73705e+02	AbsError: 4.09542e-02
Iteration: 1
  Device: "MyDevice"	RelError: 1.74807e+02	AbsError: 4.71346e+16
    Region: "MyRegion"	RelError: 1.74807e+02	AbsError: 4.71346e+16
      Equation: "ElectronContinuityEquation"	RelError: 6.87375e-01	AbsError: 2.46830e+16
      Equation: "HoleContinuityEquation"	RelError: 7.76623e-01	AbsError: 2.24516e+16
      Equation: "PotentialEquation"	RelError: 1.73343e+02	AbsError: 3.07632e-02
Iteration: 2
  Device: "MyDevice"	RelError: 2.37603e+00	AbsError: 7.26254e+15
    Region: "MyRegion"	RelError: 2.37603e+00	AbsError: 7.26254e+15
      Equation: "ElectronContinuityEquation"	RelError: 5.06850e-01	AbsError: 4.30987e+15
      Equation: "HoleContinuityEquation"	RelError: 5.01223e-01	AbsError: 2.95267e+15
      Equation: "PotentialEquation"	RelError: 1.36796e+00	AbsError: 2.57722e-02
Iteration: 3
  Device: "MyDevice"	RelError: 7.54665e-01	AbsError: 2.48169e+14
    Region: "MyRegion"	RelError: 7.54665e-01	AbsError: 2.48169e+14
      Equation: "ElectronContinuityEquation"	RelError: 2.83987e-01	AbsError: 2.29972e+13
      Equation: "HoleContinuityEquation"	RelError: 7.46018e-02	AbsError: 2.25172e+14
      Equation: "PotentialEquation"	RelError: 3.96077e-01	AbsError: 9.16533e-03
Iteration: 4
  Device: "MyDevice"	RelError: 7.62880e-02	AbsError: 8.97327e+13
    Region: "MyRegion"	RelError: 7.62880e-02	AbsError: 8.97327e+13
      Equation: "ElectronContinuityEquation"	RelError: 7.59909e-02	AbsError: 5.85534e+12
      Equation: "HoleContinuityEquation"	RelError: 2.22735e-04	AbsError: 8.38773e+13
      Equation: "PotentialEquation"	RelError: 7.44008e-05	AbsError: 3.10161e-06
Iteration: 5
  Device: "MyDevice"	RelError: 4.20064e-06	AbsError: 2.12431e+09
    Region: "MyRegion"	RelError: 4.20064e-06	AbsError: 2.12431e+09
      Equation: "ElectronContinuityEquation"	RelError: 4.18330e-06	AbsError: 5.66783e+08
      Equation: "HoleContinuityEquation"	RelError: 1.66928e-08	AbsError: 1.55753e+09
      Equation: "PotentialEquation"	RelError: 6.41298e-10	AbsError: 1.92153e-11
Iteration: 6
  Device: "MyDevice"	RelError: 1.05731e-14	AbsError: 1.65607e+03
    Region: "MyRegion"	RelError: 1.05731e-14	AbsError: 1.65607e+03
      Equation: "ElectronContinuityEquation"	RelError: 3.59900e-15	AbsError: 1.35882e+03
      Equation: "HoleContinuityEquation"	RelError: 3.91709e-15	AbsError: 2.97255e+02
      Equation: "PotentialEquation"	RelError: 3.05701e-15	AbsError: 7.51231e-17
top	0.5	0.011810543175282595	0.006344611998005865	0.01815515517328846
bot	0.0	-0.012249431878576914	-0.005905798880927586	-0.018155230759504502
