Searching DEVSIM_MATH_LIBS="libopenblas.dylib:liblapack.dylib:libblas.dylib"
Loading "libopenblas.dylib": ALL BLAS/LAPACK LOADED
Skipping liblapack.dylib
Skipping libblas.dylib
Creating Region air1
Creating Region MyRegion
Creating Region air2
Contact: top region MyRegion ni: 16 ci: 19 (0, 8e-06, 0)
Contact: top region MyRegion ni: 18 ci: 20 (0, 9e-06, 0)
Contact: top region MyRegion ni: 20 ci: 21 (0, 1e-05, 0)
Contact: bot region MyRegion ni: 484 ci: 495 (1e-05, 0, 0)
Contact: bot region MyRegion ni: 485 ci: 496 (1e-05, 1e-06, 0)
Contact: bot region MyRegion ni: 486 ci: 497 (1e-05, 2e-06, 0)
Contact: bot region MyRegion ni: 487 ci: 498 (1e-05, 3e-06, 0)
Contact: bot region MyRegion ni: 488 ci: 499 (1e-05, 4e-06, 0)
Contact: bot region MyRegion ni: 489 ci: 500 (1e-05, 5e-06, 0)
Contact: bot region MyRegion ni: 490 ci: 501 (1e-05, 6e-06, 0)
Contact: bot region MyRegion ni: 491 ci: 502 (1e-05, 7e-06, 0)
Contact: bot region MyRegion ni: 492 ci: 503 (1e-05, 8e-06, 0)
Contact: bot region MyRegion ni: 493 ci: 504 (1e-05, 9e-06, 0)
Contact: bot region MyRegion ni: 494 ci: 505 (1e-05, 1e-05, 0)
Adding 495 nodes
Adding 1374 edges with 1266 duplicates removed
Adding 880 triangles  with 0 duplicate removed
Adding 22 nodes
Adding 41 edges with 19 duplicates removed
Adding 20 triangles  with 0 duplicate removed
Adding 22 nodes
Adding 41 edges with 19 duplicates removed
Adding 20 triangles  with 0 duplicate removed
Contact bot in region MyRegion with 11 nodes
Contact top in region MyRegion with 3 nodes
number of equations 495
Iteration: 0
  Device: "MyDevice"	RelError: 1.00000e+00	AbsError: 1.18567e-01
    Region: "MyRegion"	RelError: 1.00000e+00	AbsError: 1.18567e-01
      Equation: "PotentialEquation"	RelError: 1.00000e+00	AbsError: 1.18567e-01
Iteration: 1
  Device: "MyDevice"	RelError: 4.97350e-01	AbsError: 1.17317e-01
    Region: "MyRegion"	RelError: 4.97350e-01	AbsError: 1.17317e-01
      Equation: "PotentialEquation"	RelError: 4.97350e-01	AbsError: 1.17317e-01
Iteration: 2
  Device: "MyDevice"	RelError: 6.18329e-01	AbsError: 1.15853e-01
    Region: "MyRegion"	RelError: 6.18329e-01	AbsError: 1.15853e-01
      Equation: "PotentialEquation"	RelError: 6.18329e-01	AbsError: 1.15853e-01
Iteration: 3
  Device: "MyDevice"	RelError: 1.05154e+02	AbsError: 1.04169e-01
    Region: "MyRegion"	RelError: 1.05154e+02	AbsError: 1.04169e-01
      Equation: "PotentialEquation"	RelError: 1.05154e+02	AbsError: 1.04169e-01
Iteration: 4
  Device: "MyDevice"	RelError: 1.79077e+01	AbsError: 8.36778e-02
    Region: "MyRegion"	RelError: 1.79077e+01	AbsError: 8.36778e-02
      Equation: "PotentialEquation"	RelError: 1.79077e+01	AbsError: 8.36778e-02
Iteration: 5
  Device: "MyDevice"	RelError: 7.69366e+01	AbsError: 7.87874e-02
    Region: "MyRegion"	RelError: 7.69366e+01	AbsError: 7.87874e-02
      Equation: "PotentialEquation"	RelError: 7.69366e+01	AbsError: 7.87874e-02
Iteration: 6
  Device: "MyDevice"	RelError: 2.69506e+01	AbsError: 6.28109e-02
    Region: "MyRegion"	RelError: 2.69506e+01	AbsError: 6.28109e-02
      Equation: "PotentialEquation"	RelError: 2.69506e+01	AbsError: 6.28109e-02
Iteration: 7
  Device: "MyDevice"	RelError: 4.55468e+01	AbsError: 5.24596e-02
    Region: "MyRegion"	RelError: 4.55468e+01	AbsError: 5.24596e-02
      Equation: "PotentialEquation"	RelError: 4.55468e+01	AbsError: 5.24596e-02
Iteration: 8
  Device: "MyDevice"	RelError: 3.01156e+02	AbsError: 4.37414e-02
    Region: "MyRegion"	RelError: 3.01156e+02	AbsError: 4.37414e-02
      Equation: "PotentialEquation"	RelError: 3.01156e+02	AbsError: 4.37414e-02
Iteration: 9
  Device: "MyDevice"	RelError: 1.86042e+02	AbsError: 3.37983e-02
    Region: "MyRegion"	RelError: 1.86042e+02	AbsError: 3.37983e-02
      Equation: "PotentialEquation"	RelError: 1.86042e+02	AbsError: 3.37983e-02
Iteration: 10
  Device: "MyDevice"	RelError: 1.02977e+02	AbsError: 2.57010e-02
    Region: "MyRegion"	RelError: 1.02977e+02	AbsError: 2.57010e-02
      Equation: "PotentialEquation"	RelError: 1.02977e+02	AbsError: 2.57010e-02
Iteration: 11
  Device: "MyDevice"	RelError: 3.12367e-01	AbsError: 1.31004e-02
    Region: "MyRegion"	RelError: 3.12367e-01	AbsError: 1.31004e-02
      Equation: "PotentialEquation"	RelError: 3.12367e-01	AbsError: 1.31004e-02
Iteration: 12
  Device: "MyDevice"	RelError: 2.32363e-02	AbsError: 6.92465e-06
    Region: "MyRegion"	RelError: 2.32363e-02	AbsError: 6.92465e-06
      Equation: "PotentialEquation"	RelError: 2.32363e-02	AbsError: 6.92465e-06
Iteration: 13
  Device: "MyDevice"	RelError: 1.28496e-07	AbsError: 5.25536e-11
    Region: "MyRegion"	RelError: 1.28496e-07	AbsError: 5.25536e-11
      Equation: "PotentialEquation"	RelError: 1.28496e-07	AbsError: 5.25536e-11
Iteration: 14
  Device: "MyDevice"	RelError: 5.61942e-13	AbsError: 1.03632e-16
    Region: "MyRegion"	RelError: 5.61942e-13	AbsError: 1.03632e-16
      Equation: "PotentialEquation"	RelError: 5.61942e-13	AbsError: 1.03632e-16
Warning: Replacing equation with equation of the same name.
Region: MyRegion, Equation: PotentialEquation, Variable: Potential
number of equations 1485
Iteration: 0
  Device: "MyDevice"	RelError: 3.00846e-13	AbsError: 1.02400e+04
    Region: "MyRegion"	RelError: 3.00846e-13	AbsError: 1.02400e+04
      Equation: "ElectronContinuityEquation"	RelError: 9.38236e-15	AbsError: 5.12000e+03
      Equation: "HoleContinuityEquation"	RelError: 1.03185e-14	AbsError: 5.12000e+03
      Equation: "PotentialEquation"	RelError: 2.81145e-13	AbsError: 1.37779e-16
number of equations 1485
Iteration: 0
  Device: "MyDevice"	RelError: 2.47111e-13	AbsError: 2.30936e+02
    Region: "MyRegion"	RelError: 2.47111e-13	AbsError: 2.30936e+02
      Equation: "ElectronContinuityEquation"	RelError: 5.01939e-15	AbsError: 1.22199e+02
      Equation: "HoleContinuityEquation"	RelError: 4.58209e-15	AbsError: 1.08737e+02
      Equation: "PotentialEquation"	RelError: 2.37510e-13	AbsError: 5.57802e-17
top	0.0	-1.4619517042824277e-30	6.451088526750008e-16	6.451088526749993e-16
bot	0.0	1.8458157505893387e-15	2.1715444639786976e-30	1.845815750589341e-15
number of equations 1485
Iteration: 0
  Device: "MyDevice"	RelError: 3.35500e+01	AbsError: 2.04061e+17
    Region: "MyRegion"	RelError: 3.35500e+01	AbsError: 2.04061e+17
      Equation: "ElectronContinuityEquation"	RelError: 7.92143e-01	AbsError: 1.03524e+17
      Equation: "HoleContinuityEquation"	RelError: 7.74400e-01	AbsError: 1.00537e+17
      Equation: "PotentialEquation"	RelError: 3.19834e+01	AbsError: 4.09542e-02
Iteration: 1
  Device: "MyDevice"	RelError: 1.53700e+02	AbsError: 2.32432e+16
    Region: "MyRegion"	RelError: 1.53700e+02	AbsError: 2.32432e+16
      Equation: "ElectronContinuityEquation"	RelError: 6.90020e-01	AbsError: 1.25519e+16
      Equation: "HoleContinuityEquation"	RelError: 7.54207e-01	AbsError: 1.06913e+16
      Equation: "PotentialEquation"	RelError: 1.52256e+02	AbsError: 3.07632e-02
Iteration: 2
  Device: "MyDevice"	RelError: 1.55121e+00	AbsError: 1.60109e+15
    Region: "MyRegion"	RelError: 1.55121e+00	AbsError: 1.60109e+15
      Equation: "ElectronContinuityEquation"	RelError: 5.11552e-01	AbsError: 4.38317e+14
      Equation: "HoleContinuityEquation"	RelError: 4.96218e-01	AbsError: 1.16277e+15
      Equation: "PotentialEquation"	RelError: 5.43436e-01	AbsError: 2.44133e-02
Iteration: 3
  Device: "MyDevice"	RelError: 5.47521e-01	AbsError: 1.12321e+15
    Region: "MyRegion"	RelError: 5.47521e-01	AbsError: 1.12321e+15
      Equation: "ElectronContinuityEquation"	RelError: 2.68399e-01	AbsError: 5.21217e+13
      Equation: "HoleContinuityEquation"	RelError: 8.19169e-02	AbsError: 1.07109e+15
      Equation: "PotentialEquation"	RelError: 1.97205e-01	AbsError: 9.16533e-03
Iteration: 4
  Device: "MyDevice"	RelError: 5.56270e-01	AbsError: 1.11791e+15
    Region: "MyRegion"	RelError: 5.56270e-01	AbsError: 1.11791e+15
      Equation: "ElectronContinuityEquation"	RelError: 8.87983e-02	AbsError: 8.36040e+13
      Equation: "HoleContinuityEquation"	RelError: 4.68509e-03	AbsError: 1.03431e+15
      Equation: "PotentialEquation"	RelError: 4.62787e-01	AbsError: 6.60649e-05
Iteration: 5
  Device: "MyDevice"	RelError: 1.97937e-04	AbsError: 2.02260e+11
    Region: "MyRegion"	RelError: 1.97937e-04	AbsError: 2.02260e+11
      Equation: "ElectronContinuityEquation"	RelError: 1.27976e-04	AbsError: 1.24274e+10
      Equation: "HoleContinuityEquation"	RelError: 7.97660e-06	AbsError: 1.89833e+11
      Equation: "PotentialEquation"	RelError: 6.19839e-05	AbsError: 7.21346e-09
Iteration: 6
  Device: "MyDevice"	RelError: 5.10155e-09	AbsError: 7.98783e+06
    Region: "MyRegion"	RelError: 5.10155e-09	AbsError: 7.98783e+06
      Equation: "ElectronContinuityEquation"	RelError: 2.63311e-11	AbsError: 7.58439e+05
      Equation: "HoleContinuityEquation"	RelError: 2.65011e-11	AbsError: 7.22939e+06
      Equation: "PotentialEquation"	RelError: 5.04872e-09	AbsError: 6.85320e-13
Iteration: 7
  Device: "MyDevice"	RelError: 6.80329e-13	AbsError: 3.81741e+02
    Region: "MyRegion"	RelError: 6.80329e-13	AbsError: 3.81741e+02
      Equation: "ElectronContinuityEquation"	RelError: 5.02880e-15	AbsError: 2.30197e+02
      Equation: "HoleContinuityEquation"	RelError: 4.06576e-15	AbsError: 1.51544e+02
      Equation: "PotentialEquation"	RelError: 6.71234e-13	AbsError: 7.48057e-17
top	0.1	1.009012651359439e-14	1.5737031798232506e-14	2.5827158311826895e-14
bot	0.0	-9.37895268141335e-15	-1.4046793026714901e-14	-2.3425745708128252e-14
number of equations 1485
Iteration: 0
  Device: "MyDevice"	RelError: 8.90547e+00	AbsError: 2.17497e+17
    Region: "MyRegion"	RelError: 8.90547e+00	AbsError: 2.17497e+17
      Equation: "ElectronContinuityEquation"	RelError: 7.94113e-01	AbsError: 1.07465e+17
      Equation: "HoleContinuityEquation"	RelError: 7.89474e-01	AbsError: 1.10033e+17
      Equation: "PotentialEquation"	RelError: 7.32188e+00	AbsError: 4.09542e-02
Iteration: 1
  Device: "MyDevice"	RelError: 3.99902e+00	AbsError: 2.61664e+16
    Region: "MyRegion"	RelError: 3.99902e+00	AbsError: 2.61664e+16
      Equation: "ElectronContinuityEquation"	RelError: 6.88188e-01	AbsError: 1.31171e+16
      Equation: "HoleContinuityEquation"	RelError: 7.74614e-01	AbsError: 1.30493e+16
      Equation: "PotentialEquation"	RelError: 2.53622e+00	AbsError: 3.07632e-02
Iteration: 2
  Device: "MyDevice"	RelError: 7.57122e+00	AbsError: 1.68856e+15
    Region: "MyRegion"	RelError: 7.57122e+00	AbsError: 1.68856e+15
      Equation: "ElectronContinuityEquation"	RelError: 5.14340e-01	AbsError: 3.59794e+14
      Equation: "HoleContinuityEquation"	RelError: 4.90695e-01	AbsError: 1.32876e+15
      Equation: "PotentialEquation"	RelError: 6.56618e+00	AbsError: 2.51366e-02
Iteration: 3
  Device: "MyDevice"	RelError: 3.96013e-01	AbsError: 1.02205e+15
    Region: "MyRegion"	RelError: 3.96013e-01	AbsError: 1.02205e+15
      Equation: "ElectronContinuityEquation"	RelError: 2.80219e-01	AbsError: 4.15383e+13
      Equation: "HoleContinuityEquation"	RelError: 8.26896e-02	AbsError: 9.80508e+14
      Equation: "PotentialEquation"	RelError: 3.31046e-02	AbsError: 9.16533e-03
Iteration: 4
  Device: "MyDevice"	RelError: 1.23573e-01	AbsError: 9.37753e+14
    Region: "MyRegion"	RelError: 1.23573e-01	AbsError: 9.37753e+14
      Equation: "ElectronContinuityEquation"	RelError: 9.02709e-02	AbsError: 7.35049e+13
      Equation: "HoleContinuityEquation"	RelError: 3.62875e-03	AbsError: 8.64248e+14
      Equation: "PotentialEquation"	RelError: 2.96732e-02	AbsError: 5.90426e-05
Iteration: 5
  Device: "MyDevice"	RelError: 1.24414e-04	AbsError: 1.39692e+11
    Region: "MyRegion"	RelError: 1.24414e-04	AbsError: 1.39692e+11
      Equation: "ElectronContinuityEquation"	RelError: 1.13892e-04	AbsError: 1.05519e+10
      Equation: "HoleContinuityEquation"	RelError: 5.28599e-06	AbsError: 1.29140e+11
      Equation: "PotentialEquation"	RelError: 5.23628e-06	AbsError: 9.62607e-09
Iteration: 6
  Device: "MyDevice"	RelError: 3.27238e-09	AbsError: 7.32193e+07
    Region: "MyRegion"	RelError: 3.27238e-09	AbsError: 7.32193e+07
      Equation: "ElectronContinuityEquation"	RelError: 1.66305e-10	AbsError: 4.91599e+06
      Equation: "HoleContinuityEquation"	RelError: 1.66236e-10	AbsError: 6.83033e+07
      Equation: "PotentialEquation"	RelError: 2.93984e-09	AbsError: 4.30365e-12
Iteration: 7
  Device: "MyDevice"	RelError: 7.84598e-14	AbsError: 4.74056e+02
    Region: "MyRegion"	RelError: 7.84598e-14	AbsError: 4.74056e+02
      Equation: "ElectronContinuityEquation"	RelError: 4.47505e-15	AbsError: 2.23538e+02
      Equation: "HoleContinuityEquation"	RelError: 4.98111e-15	AbsError: 2.50518e+02
      Equation: "PotentialEquation"	RelError: 6.90037e-14	AbsError: 1.06471e-16
top	0.2	4.734773785462521e-13	6.563139688959978e-13	1.1297913474422499e-12
bot	0.0	-4.792948512109905e-13	-6.481225904139339e-13	-1.1274174416249245e-12
number of equations 1485
Iteration: 0
  Device: "MyDevice"	RelError: 5.62852e+00	AbsError: 2.18416e+17
    Region: "MyRegion"	RelError: 5.62852e+00	AbsError: 2.18416e+17
      Equation: "ElectronContinuityEquation"	RelError: 7.94150e-01	AbsError: 1.07251e+17
      Equation: "HoleContinuityEquation"	RelError: 7.91908e-01	AbsError: 1.11165e+17
      Equation: "PotentialEquation"	RelError: 4.04246e+00	AbsError: 4.09542e-02
Iteration: 1
  Device: "MyDevice"	RelError: 1.41275e+02	AbsError: 2.88831e+16
    Region: "MyRegion"	RelError: 1.41275e+02	AbsError: 2.88831e+16
      Equation: "ElectronContinuityEquation"	RelError: 6.89385e-01	AbsError: 1.59470e+16
      Equation: "HoleContinuityEquation"	RelError: 7.75448e-01	AbsError: 1.29361e+16
      Equation: "PotentialEquation"	RelError: 1.39810e+02	AbsError: 3.07632e-02
Iteration: 2
  Device: "MyDevice"	RelError: 2.02329e+00	AbsError: 2.70442e+15
    Region: "MyRegion"	RelError: 2.02329e+00	AbsError: 2.70442e+15
      Equation: "ElectronContinuityEquation"	RelError: 5.13399e-01	AbsError: 9.23935e+14
      Equation: "HoleContinuityEquation"	RelError: 4.95102e-01	AbsError: 1.78048e+15
      Equation: "PotentialEquation"	RelError: 1.01479e+00	AbsError: 2.57941e-02
Iteration: 3
  Device: "MyDevice"	RelError: 4.21202e-01	AbsError: 8.45654e+14
    Region: "MyRegion"	RelError: 4.21202e-01	AbsError: 8.45654e+14
      Equation: "ElectronContinuityEquation"	RelError: 2.87876e-01	AbsError: 3.09388e+13
      Equation: "HoleContinuityEquation"	RelError: 8.15031e-02	AbsError: 8.14716e+14
      Equation: "PotentialEquation"	RelError: 5.18227e-02	AbsError: 9.16534e-03
Iteration: 4
  Device: "MyDevice"	RelError: 9.65399e-02	AbsError: 7.36362e+14
    Region: "MyRegion"	RelError: 9.65399e-02	AbsError: 7.36362e+14
      Equation: "ElectronContinuityEquation"	RelError: 9.05009e-02	AbsError: 7.11537e+13
      Equation: "HoleContinuityEquation"	RelError: 2.67521e-03	AbsError: 6.65208e+14
      Equation: "PotentialEquation"	RelError: 3.36385e-03	AbsError: 4.88431e-05
Iteration: 5
  Device: "MyDevice"	RelError: 9.76025e-05	AbsError: 3.37054e+11
    Region: "MyRegion"	RelError: 9.76025e-05	AbsError: 3.37054e+11
      Equation: "ElectronContinuityEquation"	RelError: 9.22905e-05	AbsError: 6.56252e+10
      Equation: "HoleContinuityEquation"	RelError: 3.08536e-06	AbsError: 2.71429e+11
      Equation: "PotentialEquation"	RelError: 2.22665e-06	AbsError: 2.61988e-08
Iteration: 6
  Device: "MyDevice"	RelError: 5.50810e-10	AbsError: 5.27316e+07
    Region: "MyRegion"	RelError: 5.50810e-10	AbsError: 5.27316e+07
      Equation: "ElectronContinuityEquation"	RelError: 1.24873e-10	AbsError: 5.65666e+06
      Equation: "HoleContinuityEquation"	RelError: 1.23632e-10	AbsError: 4.70750e+07
      Equation: "PotentialEquation"	RelError: 3.02305e-10	AbsError: 3.19086e-12
Iteration: 7
  Device: "MyDevice"	RelError: 7.52276e-13	AbsError: 1.41415e+05
    Region: "MyRegion"	RelError: 7.52276e-13	AbsError: 1.41415e+05
      Equation: "ElectronContinuityEquation"	RelError: 2.39050e-13	AbsError: 7.35945e+03
      Equation: "HoleContinuityEquation"	RelError: 2.39176e-13	AbsError: 1.34055e+05
      Equation: "PotentialEquation"	RelError: 2.74050e-13	AbsError: 6.18211e-15
top	0.30000000000000004	2.1770837029988546e-11	2.9347560997376456e-11	5.1118398027365e-11
bot	0.0	-2.1839545538088997e-11	-2.92746276117465e-11	-5.11141731498355e-11
number of equations 1485
Iteration: 0
  Device: "MyDevice"	RelError: 4.01748e+00	AbsError: 2.53210e+17
    Region: "MyRegion"	RelError: 4.01748e+00	AbsError: 2.53210e+17
      Equation: "ElectronContinuityEquation"	RelError: 7.95197e-01	AbsError: 1.27317e+17
      Equation: "HoleContinuityEquation"	RelError: 7.92047e-01	AbsError: 1.25893e+17
      Equation: "PotentialEquation"	RelError: 2.43023e+00	AbsError: 4.10934e-02
Iteration: 1
  Device: "MyDevice"	RelError: 6.14542e+00	AbsError: 5.66025e+16
    Region: "MyRegion"	RelError: 6.14542e+00	AbsError: 5.66025e+16
      Equation: "ElectronContinuityEquation"	RelError: 6.91065e-01	AbsError: 1.95792e+16
      Equation: "HoleContinuityEquation"	RelError: 7.74413e-01	AbsError: 3.70233e+16
      Equation: "PotentialEquation"	RelError: 4.67994e+00	AbsError: 3.08003e-02
Iteration: 2
  Device: "MyDevice"	RelError: 2.83844e+00	AbsError: 4.26965e+15
    Region: "MyRegion"	RelError: 2.83844e+00	AbsError: 4.26965e+15
      Equation: "ElectronContinuityEquation"	RelError: 5.13084e-01	AbsError: 2.07381e+15
      Equation: "HoleContinuityEquation"	RelError: 5.00165e-01	AbsError: 2.19584e+15
      Equation: "PotentialEquation"	RelError: 1.82519e+00	AbsError: 2.37761e-02
Iteration: 3
  Device: "MyDevice"	RelError: 4.57948e-01	AbsError: 1.01975e+15
    Region: "MyRegion"	RelError: 4.57948e-01	AbsError: 1.01975e+15
      Equation: "ElectronContinuityEquation"	RelError: 2.59353e-01	AbsError: 3.07243e+13
      Equation: "HoleContinuityEquation"	RelError: 7.85341e-02	AbsError: 9.89026e+14
      Equation: "PotentialEquation"	RelError: 1.20061e-01	AbsError: 9.21183e-03
Iteration: 4
  Device: "MyDevice"	RelError: 9.41763e-02	AbsError: 9.71334e+14
    Region: "MyRegion"	RelError: 9.41763e-02	AbsError: 9.71334e+14
      Equation: "ElectronContinuityEquation"	RelError: 8.58099e-02	AbsError: 7.77948e+13
      Equation: "HoleContinuityEquation"	RelError: 3.56587e-03	AbsError: 8.93539e+14
      Equation: "PotentialEquation"	RelError: 4.80062e-03	AbsError: 4.76335e-05
Iteration: 5
  Device: "MyDevice"	RelError: 9.54006e-05	AbsError: 9.52416e+11
    Region: "MyRegion"	RelError: 9.54006e-05	AbsError: 9.52416e+11
      Equation: "ElectronContinuityEquation"	RelError: 9.01441e-05	AbsError: 6.62250e+11
      Equation: "HoleContinuityEquation"	RelError: 4.58817e-06	AbsError: 2.90167e+11
      Equation: "PotentialEquation"	RelError: 6.68341e-07	AbsError: 2.18288e-08
Iteration: 6
  Device: "MyDevice"	RelError: 6.96208e-10	AbsError: 2.67590e+08
    Region: "MyRegion"	RelError: 6.96208e-10	AbsError: 2.67590e+08
      Equation: "ElectronContinuityEquation"	RelError: 2.56129e-10	AbsError: 3.49231e+07
      Equation: "HoleContinuityEquation"	RelError: 2.57216e-10	AbsError: 2.32666e+08
      Equation: "PotentialEquation"	RelError: 1.82863e-10	AbsError: 6.63463e-12
Iteration: 7
  Device: "MyDevice"	RelError: 3.33984e-13	AbsError: 1.58847e+05
    Region: "MyRegion"	RelError: 3.33984e-13	AbsError: 1.58847e+05
      Equation: "ElectronContinuityEquation"	RelError: 1.27952e-13	AbsError: 6.77665e+04
      Equation: "HoleContinuityEquation"	RelError: 1.22416e-13	AbsError: 9.10803e+04
      Equation: "PotentialEquation"	RelError: 8.36148e-14	AbsError: 3.15468e-15
top	0.4	1.0003002857039395e-09	1.3202885145534634e-09	2.320588800257403e-09
bot	0.0	-1.000854318364741e-09	-1.319730352690415e-09	-2.320584671055156e-09
number of equations 1485
Iteration: 0
  Device: "MyDevice"	RelError: 2.50289e+01	AbsError: 2.76816e+17
    Region: "MyRegion"	RelError: 2.50289e+01	AbsError: 2.76816e+17
      Equation: "ElectronContinuityEquation"	RelError: 7.94351e-01	AbsError: 1.35360e+17
      Equation: "HoleContinuityEquation"	RelError: 7.92018e-01	AbsError: 1.41456e+17
      Equation: "PotentialEquation"	RelError: 2.34425e+01	AbsError: 4.09851e-02
Iteration: 1
  Device: "MyDevice"	RelError: 2.65879e+01	AbsError: 4.50545e+16
    Region: "MyRegion"	RelError: 2.65879e+01	AbsError: 4.50545e+16
      Equation: "ElectronContinuityEquation"	RelError: 6.88837e-01	AbsError: 2.43239e+16
      Equation: "HoleContinuityEquation"	RelError: 7.76870e-01	AbsError: 2.07306e+16
      Equation: "PotentialEquation"	RelError: 2.51222e+01	AbsError: 3.07856e-02
Iteration: 2
  Device: "MyDevice"	RelError: 2.38402e+00	AbsError: 5.91956e+15
    Region: "MyRegion"	RelError: 2.38402e+00	AbsError: 5.91956e+15
      Equation: "ElectronContinuityEquation"	RelError: 5.14540e-01	AbsError: 2.94315e+15
      Equation: "HoleContinuityEquation"	RelError: 4.97931e-01	AbsError: 2.97641e+15
      Equation: "PotentialEquation"	RelError: 1.37155e+00	AbsError: 2.47689e-02
Iteration: 3
  Device: "MyDevice"	RelError: 7.50910e-01	AbsError: 9.11840e+14
    Region: "MyRegion"	RelError: 7.50910e-01	AbsError: 9.11840e+14
      Equation: "ElectronContinuityEquation"	RelError: 2.74920e-01	AbsError: 1.53911e+13
      Equation: "HoleContinuityEquation"	RelError: 7.88580e-02	AbsError: 8.96449e+14
      Equation: "PotentialEquation"	RelError: 3.97131e-01	AbsError: 9.19457e-03
Iteration: 4
  Device: "MyDevice"	RelError: 9.11394e-02	AbsError: 7.84035e+14
    Region: "MyRegion"	RelError: 9.11394e-02	AbsError: 7.84035e+14
      Equation: "ElectronContinuityEquation"	RelError: 8.75667e-02	AbsError: 7.67239e+13
      Equation: "HoleContinuityEquation"	RelError: 2.55207e-03	AbsError: 7.07312e+14
      Equation: "PotentialEquation"	RelError: 1.02058e-03	AbsError: 4.09063e-05
Iteration: 5
  Device: "MyDevice"	RelError: 8.06750e-05	AbsError: 6.38038e+11
    Region: "MyRegion"	RelError: 8.06750e-05	AbsError: 6.38038e+11
      Equation: "ElectronContinuityEquation"	RelError: 7.74537e-05	AbsError: 3.54213e+11
      Equation: "HoleContinuityEquation"	RelError: 2.90849e-06	AbsError: 2.83826e+11
      Equation: "PotentialEquation"	RelError: 3.12738e-07	AbsError: 1.19594e-08
Iteration: 6
  Device: "MyDevice"	RelError: 2.00590e-09	AbsError: 5.47721e+08
    Region: "MyRegion"	RelError: 2.00590e-09	AbsError: 5.47721e+08
      Equation: "ElectronContinuityEquation"	RelError: 7.13517e-10	AbsError: 3.01356e+07
      Equation: "HoleContinuityEquation"	RelError: 7.13344e-10	AbsError: 5.17585e+08
      Equation: "PotentialEquation"	RelError: 5.79037e-10	AbsError: 1.84666e-11
Iteration: 7
  Device: "MyDevice"	RelError: 8.51584e-13	AbsError: 4.18883e+05
    Region: "MyRegion"	RelError: 8.51584e-13	AbsError: 4.18883e+05
      Equation: "ElectronContinuityEquation"	RelError: 3.49033e-13	AbsError: 2.98390e+05
      Equation: "HoleContinuityEquation"	RelError: 3.68198e-13	AbsError: 1.20493e+05
      Equation: "PotentialEquation"	RelError: 1.34353e-13	AbsError: 9.04641e-15
top	0.5	4.592247962966216e-08	5.935743613040702e-08	1.0527991576006918e-07
bot	0.0	-4.5926900911758844e-08	-5.935301494328806e-08	-1.052799158550469e-07
number of equations 1485
Iteration: 0
  Device: "MyDevice"	RelError: 2.86315e+00	AbsError: 2.95185e+19
    Region: "MyRegion"	RelError: 2.86315e+00	AbsError: 2.95185e+19
      Equation: "ElectronContinuityEquation"	RelError: 9.97278e-01	AbsError: 1.48450e+19
      Equation: "HoleContinuityEquation"	RelError: 9.97241e-01	AbsError: 1.46735e+19
      Equation: "PotentialEquation"	RelError: 8.68630e-01	AbsError: 1.53019e-01
Iteration: 1
  Device: "MyDevice"	RelError: 2.88734e+01	AbsError: 1.35949e+20
    Region: "MyRegion"	RelError: 2.88734e+01	AbsError: 1.35949e+20
      Equation: "ElectronContinuityEquation"	RelError: 1.55366e+01	AbsError: 6.93151e+19
      Equation: "HoleContinuityEquation"	RelError: 1.28722e+01	AbsError: 6.66342e+19
      Equation: "PotentialEquation"	RelError: 4.64586e-01	AbsError: 1.52843e-01
Iteration: 2
  Device: "MyDevice"	RelError: 1.00345e+03	AbsError: 7.28037e+20
    Region: "MyRegion"	RelError: 1.00345e+03	AbsError: 7.28037e+20
      Equation: "ElectronContinuityEquation"	RelError: 4.13556e+00	AbsError: 2.60469e+20
      Equation: "HoleContinuityEquation"	RelError: 9.99000e+02	AbsError: 4.67568e+20
      Equation: "PotentialEquation"	RelError: 3.17235e-01	AbsError: 1.52461e-01
Iteration: 3
  Device: "MyDevice"	RelError: 3.08099e+03	AbsError: 7.42069e+20
    Region: "MyRegion"	RelError: 3.08099e+03	AbsError: 7.42069e+20
      Equation: "ElectronContinuityEquation"	RelError: 9.99000e+02	AbsError: 2.57413e+20
      Equation: "HoleContinuityEquation"	RelError: 2.08175e+03	AbsError: 4.84655e+20
      Equation: "PotentialEquation"	RelError: 2.40174e-01	AbsError: 1.51983e-01
Iteration: 4
  Device: "MyDevice"	RelError: 4.04587e+03	AbsError: 1.81478e+22
    Region: "MyRegion"	RelError: 4.04587e+03	AbsError: 1.81478e+22
      Equation: "ElectronContinuityEquation"	RelError: 9.99000e+02	AbsError: 8.37464e+21
      Equation: "HoleContinuityEquation"	RelError: 3.04658e+03	AbsError: 9.77314e+21
      Equation: "PotentialEquation"	RelError: 2.84025e-01	AbsError: 1.56629e-01
Iteration: 5
  Device: "MyDevice"	RelError: 1.99838e+03	AbsError: 1.72611e+22
    Region: "MyRegion"	RelError: 1.99838e+03	AbsError: 1.72611e+22
      Equation: "ElectronContinuityEquation"	RelError: 9.99000e+02	AbsError: 7.33968e+21
      Equation: "HoleContinuityEquation"	RelError: 9.99000e+02	AbsError: 9.92140e+21
      Equation: "PotentialEquation"	RelError: 3.77397e-01	AbsError: 1.70397e-01
Iteration: 6
  Device: "MyDevice"	RelError: 4.20291e+03	AbsError: 2.87472e+21
    Region: "MyRegion"	RelError: 4.20291e+03	AbsError: 2.87472e+21
      Equation: "ElectronContinuityEquation"	RelError: 9.99000e+02	AbsError: 1.41285e+21
      Equation: "HoleContinuityEquation"	RelError: 3.20334e+03	AbsError: 1.46187e+21
      Equation: "PotentialEquation"	RelError: 5.70353e-01	AbsError: 1.79307e-01
Iteration: 7
  Device: "MyDevice"	RelError: 1.99825e+03	AbsError: 1.63902e+21
    Region: "MyRegion"	RelError: 1.99825e+03	AbsError: 1.63902e+21
      Equation: "ElectronContinuityEquation"	RelError: 9.99000e+02	AbsError: 1.78613e+20
      Equation: "HoleContinuityEquation"	RelError: 9.99000e+02	AbsError: 1.46041e+21
      Equation: "PotentialEquation"	RelError: 2.49452e-01	AbsError: 1.50053e-01
Iteration: 8
  Device: "MyDevice"	RelError: 1.99820e+03	AbsError: 1.66990e+20
    Region: "MyRegion"	RelError: 1.99820e+03	AbsError: 1.66990e+20
      Equation: "ElectronContinuityEquation"	RelError: 9.99000e+02	AbsError: 6.75837e+19
      Equation: "HoleContinuityEquation"	RelError: 9.99000e+02	AbsError: 9.94065e+19
      Equation: "PotentialEquation"	RelError: 1.96842e-01	AbsError: 1.49592e-01
Iteration: 9
  Device: "MyDevice"	RelError: 1.99816e+03	AbsError: 1.41612e+20
    Region: "MyRegion"	RelError: 1.99816e+03	AbsError: 1.41612e+20
      Equation: "ElectronContinuityEquation"	RelError: 9.99000e+02	AbsError: 5.94225e+19
      Equation: "HoleContinuityEquation"	RelError: 9.99000e+02	AbsError: 8.21895e+19
      Equation: "PotentialEquation"	RelError: 1.64265e-01	AbsError: 1.55869e-01
Iteration: 10
  Device: "MyDevice"	RelError: 1.99821e+03	AbsError: 4.08753e+20
    Region: "MyRegion"	RelError: 1.99821e+03	AbsError: 4.08753e+20
      Equation: "ElectronContinuityEquation"	RelError: 9.99000e+02	AbsError: 1.41588e+20
      Equation: "HoleContinuityEquation"	RelError: 9.99000e+02	AbsError: 2.67165e+20
      Equation: "PotentialEquation"	RelError: 2.11662e-01	AbsError: 1.69453e-01
Iteration: 11
  Device: "MyDevice"	RelError: 1.99813e+03	AbsError: 3.98430e+20
    Region: "MyRegion"	RelError: 1.99813e+03	AbsError: 3.98430e+20
      Equation: "ElectronContinuityEquation"	RelError: 9.99000e+02	AbsError: 1.31532e+20
      Equation: "HoleContinuityEquation"	RelError: 9.99000e+02	AbsError: 2.66898e+20
      Equation: "PotentialEquation"	RelError: 1.26136e-01	AbsError: 1.48258e-01
Iteration: 12
  Device: "MyDevice"	RelError: 2.38096e+03	AbsError: 3.50683e+20
    Region: "MyRegion"	RelError: 2.38096e+03	AbsError: 3.50683e+20
      Equation: "ElectronContinuityEquation"	RelError: 1.38186e+03	AbsError: 1.34207e+20
      Equation: "HoleContinuityEquation"	RelError: 9.99000e+02	AbsError: 2.16475e+20
      Equation: "PotentialEquation"	RelError: 9.77460e-02	AbsError: 1.47861e-01
Iteration: 13
  Device: "MyDevice"	RelError: 1.99811e+03	AbsError: 3.50442e+20
    Region: "MyRegion"	RelError: 1.99811e+03	AbsError: 3.50442e+20
      Equation: "ElectronContinuityEquation"	RelError: 9.99000e+02	AbsError: 1.34151e+20
      Equation: "HoleContinuityEquation"	RelError: 9.99000e+02	AbsError: 2.16291e+20
      Equation: "PotentialEquation"	RelError: 1.09981e-01	AbsError: 1.48441e-01
Iteration: 14
  Device: "MyDevice"	RelError: 1.99811e+03	AbsError: 5.44479e+20
    Region: "MyRegion"	RelError: 1.99811e+03	AbsError: 5.44479e+20
      Equation: "ElectronContinuityEquation"	RelError: 9.99000e+02	AbsError: 2.39776e+20
      Equation: "HoleContinuityEquation"	RelError: 9.99000e+02	AbsError: 3.04703e+20
      Equation: "PotentialEquation"	RelError: 1.09366e-01	AbsError: 1.97084e-01
Iteration: 15
  Device: "MyDevice"	RelError: 1.99809e+03	AbsError: 7.05909e+20
    Region: "MyRegion"	RelError: 1.99809e+03	AbsError: 7.05909e+20
      Equation: "ElectronContinuityEquation"	RelError: 9.99000e+02	AbsError: 4.01383e+20
      Equation: "HoleContinuityEquation"	RelError: 9.99000e+02	AbsError: 3.04526e+20
      Equation: "PotentialEquation"	RelError: 9.27831e-02	AbsError: 1.46766e-01
Iteration: 16
  Device: "MyDevice"	RelError: 1.99813e+03	AbsError: 1.26268e+21
    Region: "MyRegion"	RelError: 1.99813e+03	AbsError: 1.26268e+21
      Equation: "ElectronContinuityEquation"	RelError: 9.99000e+02	AbsError: 4.28536e+20
      Equation: "HoleContinuityEquation"	RelError: 9.99000e+02	AbsError: 8.34145e+20
      Equation: "PotentialEquation"	RelError: 1.30422e-01	AbsError: 1.79047e-01
Iteration: 17
  Device: "MyDevice"	RelError: 1.99809e+03	AbsError: 1.00184e+21
    Region: "MyRegion"	RelError: 1.99809e+03	AbsError: 1.00184e+21
      Equation: "ElectronContinuityEquation"	RelError: 9.99000e+02	AbsError: 1.68514e+20
      Equation: "HoleContinuityEquation"	RelError: 9.99000e+02	AbsError: 8.33326e+20
      Equation: "PotentialEquation"	RelError: 9.47017e-02	AbsError: 1.45665e-01
Iteration: 18
  Device: "MyDevice"	RelError: 1.99809e+03	AbsError: 5.91772e+20
    Region: "MyRegion"	RelError: 1.99809e+03	AbsError: 5.91772e+20
      Equation: "ElectronContinuityEquation"	RelError: 9.99000e+02	AbsError: 2.07604e+20
      Equation: "HoleContinuityEquation"	RelError: 9.99000e+02	AbsError: 3.84168e+20
      Equation: "PotentialEquation"	RelError: 8.74723e-02	AbsError: 1.88337e-01
Iteration: 19
  Device: "MyDevice"	RelError: 1.99814e+03	AbsError: 5.91227e+20
    Region: "MyRegion"	RelError: 1.99814e+03	AbsError: 5.91227e+20
      Equation: "ElectronContinuityEquation"	RelError: 9.99000e+02	AbsError: 2.07443e+20
      Equation: "HoleContinuityEquation"	RelError: 9.99000e+02	AbsError: 3.83783e+20
      Equation: "PotentialEquation"	RelError: 1.39179e-01	AbsError: 1.46590e-01
Iteration: 20
  Device: "MyDevice"	RelError: 1.99808e+03	AbsError: 5.22759e+20
    Region: "MyRegion"	RelError: 1.99808e+03	AbsError: 5.22759e+20
      Equation: "ElectronContinuityEquation"	RelError: 9.99000e+02	AbsError: 2.89293e+20
      Equation: "HoleContinuityEquation"	RelError: 9.99000e+02	AbsError: 2.33466e+20
      Equation: "PotentialEquation"	RelError: 7.88793e-02	AbsError: 1.94653e-01
Iteration: 21
  Device: "MyDevice"	RelError: 1.99808e+03	AbsError: 5.19789e+20
    Region: "MyRegion"	RelError: 1.99808e+03	AbsError: 5.19789e+20
      Equation: "ElectronContinuityEquation"	RelError: 9.99000e+02	AbsError: 2.89211e+20
      Equation: "HoleContinuityEquation"	RelError: 9.99000e+02	AbsError: 2.30578e+20
      Equation: "PotentialEquation"	RelError: 8.12904e-02	AbsError: 1.43120e-01
Iteration: 22
  Device: "MyDevice"	RelError: 2.09617e+00	AbsError: 1.82060e+21
    Region: "MyRegion"	RelError: 2.09617e+00	AbsError: 1.82060e+21
      Equation: "ElectronContinuityEquation"	RelError: 1.00000e+00	AbsError: 3.01934e+20
      Equation: "HoleContinuityEquation"	RelError: 1.00000e+00	AbsError: 1.51866e+21
      Equation: "PotentialEquation"	RelError: 9.61703e-02	AbsError: 1.92320e-01
Iteration: 23
  Device: "MyDevice"	RelError: 1.99809e+03	AbsError: 1.81889e+21
    Region: "MyRegion"	RelError: 1.99809e+03	AbsError: 1.81889e+21
      Equation: "ElectronContinuityEquation"	RelError: 9.99000e+02	AbsError: 3.01740e+20
      Equation: "HoleContinuityEquation"	RelError: 9.99000e+02	AbsError: 1.51715e+21
      Equation: "PotentialEquation"	RelError: 8.89977e-02	AbsError: 1.42262e-01
Iteration: 24
  Device: "MyDevice"	RelError: 1.99806e+03	AbsError: 1.32982e+21
    Region: "MyRegion"	RelError: 1.99806e+03	AbsError: 1.32982e+21
      Equation: "ElectronContinuityEquation"	RelError: 9.99000e+02	AbsError: 1.00183e+21
      Equation: "HoleContinuityEquation"	RelError: 9.99000e+02	AbsError: 3.27982e+20
      Equation: "PotentialEquation"	RelError: 6.33861e-02	AbsError: 1.76785e-01
Iteration: 25
  Device: "MyDevice"	RelError: 2.34820e+03	AbsError: 1.58224e+21
    Region: "MyRegion"	RelError: 2.34820e+03	AbsError: 1.58224e+21
      Equation: "ElectronContinuityEquation"	RelError: 1.34912e+03	AbsError: 1.00085e+21
      Equation: "HoleContinuityEquation"	RelError: 9.99000e+02	AbsError: 5.81390e+20
      Equation: "PotentialEquation"	RelError: 8.10413e-02	AbsError: 1.40506e-01
Iteration: 26
  Device: "MyDevice"	RelError: 2.76625e+03	AbsError: 1.35424e+21
    Region: "MyRegion"	RelError: 2.76625e+03	AbsError: 1.35424e+21
      Equation: "ElectronContinuityEquation"	RelError: 1.76706e+03	AbsError: 7.47052e+20
      Equation: "HoleContinuityEquation"	RelError: 9.99000e+02	AbsError: 6.07190e+20
      Equation: "PotentialEquation"	RelError: 1.90357e-01	AbsError: 1.47447e-01
Iteration: 27
  Device: "MyDevice"	RelError: 1.99806e+03	AbsError: 2.43704e+20
    Region: "MyRegion"	RelError: 1.99806e+03	AbsError: 2.43704e+20
      Equation: "ElectronContinuityEquation"	RelError: 9.99000e+02	AbsError: 1.35471e+20
      Equation: "HoleContinuityEquation"	RelError: 9.99000e+02	AbsError: 1.08233e+20
      Equation: "PotentialEquation"	RelError: 5.61555e-02	AbsError: 1.39199e-01
Iteration: 28
  Device: "MyDevice"	RelError: 1.99805e+03	AbsError: 2.40556e+20
    Region: "MyRegion"	RelError: 1.99805e+03	AbsError: 2.40556e+20
      Equation: "ElectronContinuityEquation"	RelError: 9.99000e+02	AbsError: 1.35336e+20
      Equation: "HoleContinuityEquation"	RelError: 9.99000e+02	AbsError: 1.05220e+20
      Equation: "PotentialEquation"	RelError: 4.67983e-02	AbsError: 1.38552e-01
Iteration: 29
  Device: "MyDevice"	RelError: 1.99805e+03	AbsError: 1.26871e+20
    Region: "MyRegion"	RelError: 1.99805e+03	AbsError: 1.26871e+20
      Equation: "ElectronContinuityEquation"	RelError: 9.99000e+02	AbsError: 5.78906e+19
      Equation: "HoleContinuityEquation"	RelError: 9.99000e+02	AbsError: 6.89800e+19
      Equation: "PotentialEquation"	RelError: 4.69049e-02	AbsError: 1.37929e-01
False
number of equations 1485
Iteration: 0
  Device: "MyDevice"	RelError: 2.22487e+00	AbsError: 3.11310e+17
    Region: "MyRegion"	RelError: 2.22487e+00	AbsError: 3.11310e+17
      Equation: "ElectronContinuityEquation"	RelError: 7.94056e-01	AbsError: 1.56263e+17
      Equation: "HoleContinuityEquation"	RelError: 7.91849e-01	AbsError: 1.55047e+17
      Equation: "PotentialEquation"	RelError: 6.38966e-01	AbsError: 4.09655e-02
Iteration: 1
  Device: "MyDevice"	RelError: 1.78939e+00	AbsError: 5.97150e+16
    Region: "MyRegion"	RelError: 1.78939e+00	AbsError: 5.97150e+16
      Equation: "ElectronContinuityEquation"	RelError: 6.90240e-01	AbsError: 3.13332e+16
      Equation: "HoleContinuityEquation"	RelError: 7.74780e-01	AbsError: 2.83818e+16
      Equation: "PotentialEquation"	RelError: 3.24370e-01	AbsError: 3.07680e-02
Iteration: 2
  Device: "MyDevice"	RelError: 1.21163e+00	AbsError: 1.05578e+16
    Region: "MyRegion"	RelError: 1.21163e+00	AbsError: 1.05578e+16
      Equation: "ElectronContinuityEquation"	RelError: 5.12435e-01	AbsError: 6.11757e+15
      Equation: "HoleContinuityEquation"	RelError: 5.03672e-01	AbsError: 4.44024e+15
      Equation: "PotentialEquation"	RelError: 1.95520e-01	AbsError: 2.56528e-02
Iteration: 3
  Device: "MyDevice"	RelError: 4.36059e-01	AbsError: 7.30646e+14
    Region: "MyRegion"	RelError: 4.36059e-01	AbsError: 7.30646e+14
      Equation: "ElectronContinuityEquation"	RelError: 2.84518e-01	AbsError: 4.59231e+13
      Equation: "HoleContinuityEquation"	RelError: 7.70692e-02	AbsError: 6.84722e+14
      Equation: "PotentialEquation"	RelError: 7.44719e-02	AbsError: 9.17100e-03
Iteration: 4
  Device: "MyDevice"	RelError: 8.97999e-02	AbsError: 5.47294e+14
    Region: "MyRegion"	RelError: 8.97999e-02	AbsError: 5.47294e+14
      Equation: "ElectronContinuityEquation"	RelError: 8.78804e-02	AbsError: 6.34914e+13
      Equation: "HoleContinuityEquation"	RelError: 1.70296e-03	AbsError: 4.83803e+14
      Equation: "PotentialEquation"	RelError: 2.16474e-04	AbsError: 3.04492e-05
Iteration: 5
  Device: "MyDevice"	RelError: 6.04389e-05	AbsError: 7.23942e+11
    Region: "MyRegion"	RelError: 6.04389e-05	AbsError: 7.23942e+11
      Equation: "ElectronContinuityEquation"	RelError: 5.61723e-05	AbsError: 2.10120e+11
      Equation: "HoleContinuityEquation"	RelError: 3.80319e-06	AbsError: 5.13822e+11
      Equation: "PotentialEquation"	RelError: 4.63376e-07	AbsError: 9.60647e-08
Iteration: 6
  Device: "MyDevice"	RelError: 3.79761e-09	AbsError: 2.40859e+08
    Region: "MyRegion"	RelError: 3.79761e-09	AbsError: 2.40859e+08
      Equation: "ElectronContinuityEquation"	RelError: 1.81533e-09	AbsError: 1.13875e+08
      Equation: "HoleContinuityEquation"	RelError: 1.82517e-09	AbsError: 1.26984e+08
      Equation: "PotentialEquation"	RelError: 1.57112e-10	AbsError: 4.71169e-11
Iteration: 7
  Device: "MyDevice"	RelError: 2.43641e-12	AbsError: 1.38780e+05
    Region: "MyRegion"	RelError: 2.43641e-12	AbsError: 1.38780e+05
      Equation: "ElectronContinuityEquation"	RelError: 1.16781e-12	AbsError: 7.36253e+04
      Equation: "HoleContinuityEquation"	RelError: 1.16934e-12	AbsError: 6.51544e+04
      Equation: "PotentialEquation"	RelError: 9.92546e-14	AbsError: 3.02554e-14
True
{'converged': True, 'iterations': ({'devices': ({'absolute_error': 3.113095872898501e+17, 'name': 'MyDevice', 'regions': ({'absolute_error': 3.113095872898501e+17, 'equations': ({'absolute_error': 1.5626306087059696e+17, 'absolute_error_node': 419, 'name': 'ElectronContinuityEquation', 'relative_error': 0.7940559836605776, 'relative_error_node': 419}, {'absolute_error': 1.5504652641925312e+17, 'absolute_error_node': 69, 'name': 'HoleContinuityEquation', 'relative_error': 0.7918490033298154, 'relative_error_node': 69}, {'absolute_error': 0.040965548441801544, 'absolute_error_node': 4, 'name': 'PotentialEquation', 'relative_error': 0.638966351966609, 'relative_error_node': 4}), 'name': 'MyRegion', 'relative_error': 2.2248713389570023}, {'absolute_error': 0.0, 'equations': (), 'name': 'air1', 'relative_error': 0.0}, {'absolute_error': 0.0, 'equations': (), 'name': 'air2', 'relative_error': 0.0}), 'relative_error': 2.2248713389570023},), 'iteration': 0}, {'devices': ({'absolute_error': 5.9715018245008616e+16, 'name': 'MyDevice', 'regions': ({'absolute_error': 5.9715018245008616e+16, 'equations': ({'absolute_error': 3.13332274277652e+16, 'absolute_error_node': 406, 'name': 'ElectronContinuityEquation', 'relative_error': 0.6902399042192204, 'relative_error_node': 406}, {'absolute_error': 2.8381790817243412e+16, 'absolute_error_node': 77, 'name': 'HoleContinuityEquation', 'relative_error': 0.7747796328198376, 'relative_error_node': 77}, {'absolute_error': 0.030768020893056296, 'absolute_error_node': 6, 'name': 'PotentialEquation', 'relative_error': 0.3243704291009549, 'relative_error_node': 6}), 'name': 'MyRegion', 'relative_error': 1.789389966140013}, {'absolute_error': 0.0, 'equations': (), 'name': 'air1', 'relative_error': 0.0}, {'absolute_error': 0.0, 'equations': (), 'name': 'air2', 'relative_error': 0.0}), 'relative_error': 1.789389966140013},), 'iteration': 1}, {'devices': ({'absolute_error': 1.055780341380888e+16, 'name': 'MyDevice', 'regions': ({'absolute_error': 1.055780341380888e+16, 'equations': ({'absolute_error': 6117565849648952.0, 'absolute_error_node': 389, 'name': 'ElectronContinuityEquation', 'relative_error': 0.5124348735712658, 'relative_error_node': 389}, {'absolute_error': 4440237564159927.0, 'absolute_error_node': 88, 'name': 'HoleContinuityEquation', 'relative_error': 0.5036717212745871, 'relative_error_node': 88}, {'absolute_error': 0.02565283450583699, 'absolute_error_node': 58, 'name': 'PotentialEquation', 'relative_error': 0.19552048190411836, 'relative_error_node': 58}), 'name': 'MyRegion', 'relative_error': 1.2116270767499713}, {'absolute_error': 0.0, 'equations': (), 'name': 'air1', 'relative_error': 0.0}, {'absolute_error': 0.0, 'equations': (), 'name': 'air2', 'relative_error': 0.0}), 'relative_error': 1.2116270767499713},), 'iteration': 2}, {'devices': ({'absolute_error': 730645519953061.4, 'name': 'MyDevice', 'regions': ({'absolute_error': 730645519953061.4, 'equations': ({'absolute_error': 45923125388344.84, 'absolute_error_node': 416, 'name': 'ElectronContinuityEquation', 'relative_error': 0.28451767508796394, 'relative_error_node': 416}, {'absolute_error': 684722394564716.5, 'absolute_error_node': 55, 'name': 'HoleContinuityEquation', 'relative_error': 0.07706924751213479, 'relative_error_node': 55}, {'absolute_error': 0.009170997150955406, 'absolute_error_node': 6, 'name': 'PotentialEquation', 'relative_error': 0.0744719020669816, 'relative_error_node': 6}), 'name': 'MyRegion', 'relative_error': 0.43605882466708035}, {'absolute_error': 0.0, 'equations': (), 'name': 'air1', 'relative_error': 0.0}, {'absolute_error': 0.0, 'equations': (), 'name': 'air2', 'relative_error': 0.0}), 'relative_error': 0.43605882466708035},), 'iteration': 3}, {'devices': ({'absolute_error': 547294122525382.1, 'name': 'MyDevice', 'regions': ({'absolute_error': 547294122525382.1, 'equations': ({'absolute_error': 63491370241640.83, 'absolute_error_node': 409, 'name': 'ElectronContinuityEquation', 'relative_error': 0.08788043651582587, 'relative_error_node': 409}, {'absolute_error': 483802752283741.3, 'absolute_error_node': 63, 'name': 'HoleContinuityEquation', 'relative_error': 0.0017029551334143643, 'relative_error_node': 63}, {'absolute_error': 3.0449212180001517e-05, 'absolute_error_node': 68, 'name': 'PotentialEquation', 'relative_error': 0.00021647376773582932, 'relative_error_node': 68}), 'name': 'MyRegion', 'relative_error': 0.08979986541697607}, {'absolute_error': 0.0, 'equations': (), 'name': 'air1', 'relative_error': 0.0}, {'absolute_error': 0.0, 'equations': (), 'name': 'air2', 'relative_error': 0.0}), 'relative_error': 0.08979986541697607},), 'iteration': 4}, {'devices': ({'absolute_error': 723942332190.2203, 'name': 'MyDevice', 'regions': ({'absolute_error': 723942332190.2203, 'equations': ({'absolute_error': 210120022642.2145, 'absolute_error_node': 417, 'name': 'ElectronContinuityEquation', 'relative_error': 5.617230315786691e-05, 'relative_error_node': 417}, {'absolute_error': 513822309548.0058, 'absolute_error_node': 87, 'name': 'HoleContinuityEquation', 'relative_error': 3.80319241375903e-06, 'relative_error_node': 87}, {'absolute_error': 9.606473071303877e-08, 'absolute_error_node': 120, 'name': 'PotentialEquation', 'relative_error': 4.6337597790198964e-07, 'relative_error_node': 120}), 'name': 'MyRegion', 'relative_error': 6.043887154952793e-05}, {'absolute_error': 0.0, 'equations': (), 'name': 'air1', 'relative_error': 0.0}, {'absolute_error': 0.0, 'equations': (), 'name': 'air2', 'relative_error': 0.0}), 'relative_error': 6.043887154952793e-05},), 'iteration': 5}, {'devices': ({'absolute_error': 240859101.27489808, 'name': 'MyDevice', 'regions': ({'absolute_error': 240859101.27489808, 'equations': ({'absolute_error': 113874906.64303154, 'absolute_error_node': 417, 'name': 'ElectronContinuityEquation', 'relative_error': 1.8153305385762225e-09, 'relative_error_node': 417}, {'absolute_error': 126984194.63186654, 'absolute_error_node': 87, 'name': 'HoleContinuityEquation', 'relative_error': 1.8251707232714246e-09, 'relative_error_node': 87}, {'absolute_error': 4.711690726870711e-11, 'absolute_error_node': 252, 'name': 'PotentialEquation', 'relative_error': 1.5711195261960698e-10, 'relative_error_node': 252}), 'name': 'MyRegion', 'relative_error': 3.797613214467254e-09}, {'absolute_error': 0.0, 'equations': (), 'name': 'air1', 'relative_error': 0.0}, {'absolute_error': 0.0, 'equations': (), 'name': 'air2', 'relative_error': 0.0}), 'relative_error': 3.797613214467254e-09},), 'iteration': 6}, {'devices': ({'absolute_error': 138779.61179974567, 'name': 'MyDevice', 'regions': ({'absolute_error': 138779.61179974567, 'equations': ({'absolute_error': 73625.25891341033, 'absolute_error_node': 407, 'name': 'ElectronContinuityEquation', 'relative_error': 1.1678120273112438e-12, 'relative_error_node': 407}, {'absolute_error': 65154.35288633533, 'absolute_error_node': 77, 'name': 'HoleContinuityEquation', 'relative_error': 1.1693415066996989e-12, 'relative_error_node': 77}, {'absolute_error': 3.0255365209224577e-14, 'absolute_error_node': 297, 'name': 'PotentialEquation', 'relative_error': 9.925460076928785e-14, 'relative_error_node': 297}), 'name': 'MyRegion', 'relative_error': 2.4364081347802304e-12}, {'absolute_error': 0.0, 'equations': (), 'name': 'air1', 'relative_error': 0.0}, {'absolute_error': 0.0, 'equations': (), 'name': 'air2', 'relative_error': 0.0}), 'relative_error': 2.4364081347802304e-12},), 'iteration': 7}), 'number_of_equations': 1485}
{'absolute_error': 1.5626306087059696e+17, 'absolute_error_node': 419, 'name': 'ElectronContinuityEquation', 'relative_error': 0.7940559836605776, 'relative_error_node': 419}
{'absolute_error': 1.5504652641925312e+17, 'absolute_error_node': 69, 'name': 'HoleContinuityEquation', 'relative_error': 0.7918490033298154, 'relative_error_node': 69}
{'absolute_error': 0.040965548441801544, 'absolute_error_node': 4, 'name': 'PotentialEquation', 'relative_error': 0.638966351966609, 'relative_error_node': 4}
{'absolute_error': 3.13332274277652e+16, 'absolute_error_node': 406, 'name': 'ElectronContinuityEquation', 'relative_error': 0.6902399042192204, 'relative_error_node': 406}
{'absolute_error': 2.8381790817243412e+16, 'absolute_error_node': 77, 'name': 'HoleContinuityEquation', 'relative_error': 0.7747796328198376, 'relative_error_node': 77}
{'absolute_error': 0.030768020893056296, 'absolute_error_node': 6, 'name': 'PotentialEquation', 'relative_error': 0.3243704291009549, 'relative_error_node': 6}
{'absolute_error': 6117565849648952.0, 'absolute_error_node': 389, 'name': 'ElectronContinuityEquation', 'relative_error': 0.5124348735712658, 'relative_error_node': 389}
{'absolute_error': 4440237564159927.0, 'absolute_error_node': 88, 'name': 'HoleContinuityEquation', 'relative_error': 0.5036717212745871, 'relative_error_node': 88}
{'absolute_error': 0.02565283450583699, 'absolute_error_node': 58, 'name': 'PotentialEquation', 'relative_error': 0.19552048190411836, 'relative_error_node': 58}
{'absolute_error': 45923125388344.84, 'absolute_error_node': 416, 'name': 'ElectronContinuityEquation', 'relative_error': 0.28451767508796394, 'relative_error_node': 416}
{'absolute_error': 684722394564716.5, 'absolute_error_node': 55, 'name': 'HoleContinuityEquation', 'relative_error': 0.07706924751213479, 'relative_error_node': 55}
{'absolute_error': 0.009170997150955406, 'absolute_error_node': 6, 'name': 'PotentialEquation', 'relative_error': 0.0744719020669816, 'relative_error_node': 6}
{'absolute_error': 63491370241640.83, 'absolute_error_node': 409, 'name': 'ElectronContinuityEquation', 'relative_error': 0.08788043651582587, 'relative_error_node': 409}
{'absolute_error': 483802752283741.3, 'absolute_error_node': 63, 'name': 'HoleContinuityEquation', 'relative_error': 0.0017029551334143643, 'relative_error_node': 63}
{'absolute_error': 3.0449212180001517e-05, 'absolute_error_node': 68, 'name': 'PotentialEquation', 'relative_error': 0.00021647376773582932, 'relative_error_node': 68}
{'absolute_error': 210120022642.2145, 'absolute_error_node': 417, 'name': 'ElectronContinuityEquation', 'relative_error': 5.617230315786691e-05, 'relative_error_node': 417}
{'absolute_error': 513822309548.0058, 'absolute_error_node': 87, 'name': 'HoleContinuityEquation', 'relative_error': 3.80319241375903e-06, 'relative_error_node': 87}
{'absolute_error': 9.606473071303877e-08, 'absolute_error_node': 120, 'name': 'PotentialEquation', 'relative_error': 4.6337597790198964e-07, 'relative_error_node': 120}
{'absolute_error': 113874906.64303154, 'absolute_error_node': 417, 'name': 'ElectronContinuityEquation', 'relative_error': 1.8153305385762225e-09, 'relative_error_node': 417}
{'absolute_error': 126984194.63186654, 'absolute_error_node': 87, 'name': 'HoleContinuityEquation', 'relative_error': 1.8251707232714246e-09, 'relative_error_node': 87}
{'absolute_error': 4.711690726870711e-11, 'absolute_error_node': 252, 'name': 'PotentialEquation', 'relative_error': 1.5711195261960698e-10, 'relative_error_node': 252}
{'absolute_error': 73625.25891341033, 'absolute_error_node': 407, 'name': 'ElectronContinuityEquation', 'relative_error': 1.1678120273112438e-12, 'relative_error_node': 407}
{'absolute_error': 65154.35288633533, 'absolute_error_node': 77, 'name': 'HoleContinuityEquation', 'relative_error': 1.1693415066996989e-12, 'relative_error_node': 77}
{'absolute_error': 3.0255365209224577e-14, 'absolute_error_node': 297, 'name': 'PotentialEquation', 'relative_error': 9.925460076928785e-14, 'relative_error_node': 297}
