Searching DEVSIM_MATH_LIBS="libopenblas.dylib:liblapack.dylib:libblas.dylib"
Loading "libopenblas.dylib": ALL BLAS/LAPACK LOADED
Skipping liblapack.dylib
Skipping libblas.dylib
mid
bot
 (region: MyRegion)
 (contact: top)
 (contact: bot)
NetDoping
-1.00000e+18
-1.00000e+18
-1.00000e+18
-1.00000e+18
-1.00000e+18
-1.00000e+18
-1.00000e+18
-1.00000e+18
-1.00000e+18
-1.00000e+18
-1.00000e+18
-1.00000e+18
-1.00000e+18
-1.00000e+18
-1.00000e+18
-1.00000e+18
-1.00000e+18
-1.00000e+18
-1.00000e+18
-1.00000e+18
-1.00000e+18
-1.00000e+18
-1.00000e+18
-1.00000e+18
-1.00000e+18
-1.00000e+18
-1.00000e+18
-1.00000e+18
-1.00000e+18
-1.00000e+18
-1.00000e+18
-1.00000e+18
-1.00000e+18
-1.00000e+18
-1.00000e+18
-1.00000e+18
-1.00000e+18
-1.00000e+18
-1.00000e+18
-1.00000e+18
-1.00000e+18
-1.00000e+18
-1.00000e+18
-1.00000e+18
-1.00000e+18
-1.00000e+18
-1.00000e+18
-1.00000e+18
-1.00000e+18
-1.00000e+18
-1.00000e+18
-1.00000e+18
-1.00000e+18
-1.00000e+18
-1.00000e+18
-1.00000e+18
-1.00000e+18
-1.00000e+18
-1.00000e+18
-1.00000e+18
-1.00000e+18
-1.00000e+18
-1.00000e+18
-1.00000e+18
-1.00000e+18
-1.00000e+18
-1.00000e+18
-1.00000e+18
-1.00000e+18
-1.00000e+18
-1.00000e+18
-1.00000e+18
-1.00000e+18
-1.00000e+18
-1.00000e+18
-1.00000e+18
-1.00000e+18
-1.00000e+18
-1.00000e+18
-1.00000e+18
-1.00000e+18
-1.00000e+18
-1.00000e+18
-1.00000e+18
-1.00000e+18
-1.00000e+18
-1.00000e+18
-1.00000e+18
-1.00000e+18
-1.00000e+18
-1.00000e+18
-1.00000e+18
-1.00000e+18
-1.00000e+18
-1.00000e+18
-1.00000e+18
-1.00000e+18
-1.00000e+18
-1.00000e+18
-1.00000e+18
-1.00000e+18
-1.00000e+18
-1.00000e+18
-1.00000e+18
-1.00000e+18
-1.00000e+18
-1.00000e+18
-1.00000e+18
-1.00000e+18
-1.00000e+18
-1.00000e+18
-1.00000e+18
-1.00000e+18
-1.00000e+18
-1.00000e+18
-1.00000e+18
-1.00000e+18
-1.00000e+18
-1.00000e+18
-1.00000e+18
-1.00000e+18
-1.00000e+18
-1.00000e+18
-1.00000e+18
-1.00000e+18
-1.00000e+18
-1.00000e+18
-1.00000e+18
-1.00000e+18
-1.00000e+18
-1.00000e+18
-1.00000e+18
-1.00000e+18
-1.00000e+18
-1.00000e+18
-1.00000e+18
-1.00000e+18
-1.00000e+18
-1.00000e+18
-1.00000e+18
-1.00000e+18
-1.00000e+18
-1.00000e+18
-1.00000e+18
-1.00000e+18
-1.00000e+18
-1.00000e+18
-1.00000e+18
-1.00000e+18
-1.00000e+18
-1.00000e+18
-1.00000e+18
-1.00000e+18
-1.00000e+18
-1.00000e+18
-1.00000e+18
-1.00000e+18
-1.00000e+18
-1.00000e+18
-1.00000e+18
-1.00000e+18
-1.00000e+18
-1.00000e+18
-1.00000e+18
-1.00000e+18
-1.00000e+18
-1.00000e+18
-1.00000e+18
-1.00000e+18
-1.00000e+18
-1.00000e+18
-1.00000e+18
-1.00000e+18
-1.00000e+18
-1.00000e+18
-1.00000e+18
-1.00000e+18
-1.00000e+18
-1.00000e+18
-1.00000e+18
-1.00000e+18
-1.00000e+18
-1.00000e+18
-1.00000e+18
-1.00000e+18
-1.00000e+18
-1.00000e+18
-1.00000e+18
-1.00000e+18
-1.00000e+18
-1.00000e+18
-1.00000e+18
-1.00000e+18
-1.00000e+18
-1.00000e+18
-1.00000e+18
-1.00000e+18
-1.00000e+18
-1.00000e+18
-1.00000e+18
-1.00000e+18
-1.00000e+18
-1.00000e+18
-1.00000e+18
-1.00000e+18
-1.00000e+18
-1.00000e+18
-1.00000e+18
-1.00000e+18
-1.00000e+18
-1.00000e+18
-1.00000e+18
-1.00000e+18
-1.00000e+18
-1.00000e+18
-1.00000e+18
-1.00000e+18
-1.00000e+18
-1.00000e+18
-1.00000e+18
-1.00000e+18
-1.00000e+18
-1.00000e+18
-1.00000e+18
-1.00000e+18
-1.00000e+18
-1.00000e+18
-1.00000e+18
-1.00000e+18
-1.00000e+18
-1.00000e+18
-1.00000e+18
0.00000e+00
1.00000e+18
1.00000e+18
1.00000e+18
1.00000e+18
1.00000e+18
1.00000e+18
1.00000e+18
1.00000e+18
1.00000e+18
1.00000e+18
1.00000e+18
1.00000e+18
1.00000e+18
1.00000e+18
1.00000e+18
1.00000e+18
1.00000e+18
1.00000e+18
1.00000e+18
1.00000e+18
1.00000e+18
1.00000e+18
1.00000e+18
1.00000e+18
1.00000e+18
1.00000e+18
1.00000e+18
1.00000e+18
1.00000e+18
1.00000e+18
1.00000e+18
1.00000e+18
1.00000e+18
1.00000e+18
1.00000e+18
1.00000e+18
1.00000e+18
1.00000e+18
1.00000e+18
1.00000e+18
1.00000e+18
1.00000e+18
1.00000e+18
1.00000e+18
1.00000e+18
1.00000e+18
1.00000e+18
1.00000e+18
1.00000e+18
1.00000e+18
1.00000e+18
1.00000e+18
1.00000e+18
1.00000e+18
1.00000e+18
1.00000e+18
1.00000e+18
1.00000e+18
1.00000e+18
1.00000e+18
1.00000e+18
1.00000e+18
1.00000e+18
1.00000e+18
1.00000e+18
1.00000e+18
1.00000e+18
1.00000e+18
1.00000e+18
1.00000e+18
1.00000e+18
1.00000e+18
1.00000e+18
1.00000e+18
1.00000e+18
1.00000e+18
1.00000e+18
1.00000e+18
1.00000e+18
1.00000e+18
1.00000e+18
1.00000e+18
1.00000e+18
1.00000e+18
1.00000e+18
1.00000e+18
1.00000e+18
1.00000e+18
1.00000e+18
1.00000e+18
1.00000e+18
1.00000e+18
1.00000e+18
1.00000e+18
1.00000e+18
1.00000e+18
1.00000e+18
1.00000e+18
1.00000e+18
1.00000e+18
1.00000e+18
1.00000e+18
1.00000e+18
1.00000e+18
1.00000e+18
1.00000e+18
1.00000e+18
1.00000e+18
1.00000e+18
1.00000e+18
1.00000e+18
1.00000e+18
1.00000e+18
1.00000e+18
1.00000e+18
1.00000e+18
1.00000e+18
1.00000e+18
1.00000e+18
1.00000e+18
1.00000e+18
1.00000e+18
1.00000e+18
1.00000e+18
1.00000e+18
1.00000e+18
1.00000e+18
1.00000e+18
1.00000e+18
1.00000e+18
1.00000e+18
1.00000e+18
1.00000e+18
1.00000e+18
1.00000e+18
1.00000e+18
1.00000e+18
1.00000e+18
1.00000e+18
1.00000e+18
1.00000e+18
1.00000e+18
1.00000e+18
1.00000e+18
1.00000e+18
1.00000e+18
1.00000e+18
1.00000e+18
1.00000e+18
1.00000e+18
1.00000e+18
1.00000e+18
1.00000e+18
1.00000e+18
1.00000e+18
1.00000e+18
1.00000e+18
1.00000e+18
1.00000e+18
1.00000e+18
1.00000e+18
1.00000e+18
1.00000e+18
1.00000e+18
1.00000e+18
1.00000e+18
1.00000e+18
1.00000e+18
1.00000e+18
1.00000e+18
1.00000e+18
1.00000e+18
1.00000e+18
1.00000e+18
1.00000e+18
1.00000e+18
1.00000e+18
1.00000e+18
1.00000e+18
1.00000e+18
1.00000e+18
1.00000e+18
1.00000e+18
1.00000e+18
1.00000e+18
1.00000e+18
1.00000e+18
1.00000e+18
1.00000e+18
1.00000e+18
1.00000e+18
1.00000e+18
1.00000e+18
1.00000e+18
1.00000e+18
1.00000e+18
1.00000e+18
1.00000e+18
1.00000e+18
1.00000e+18
1.00000e+18
1.00000e+18
1.00000e+18
1.00000e+18
1.00000e+18
1.00000e+18
1.00000e+18
1.00000e+18
1.00000e+18
1.00000e+18
1.00000e+18
1.00000e+18
1.00000e+18
1.00000e+18
1.00000e+18
1.00000e+18
1.00000e+18
1.00000e+18
1.00000e+18
1.00000e+18
1.00000e+18
1.00000e+18
1.00000e+18
1.00000e+18
1.00000e+18
1.00000e+18
1.00000e+18
1.00000e+18
1.00000e+18
1.00000e+18
1.00000e+18
1.00000e+18
number of equations 465
Iteration: 0
  Device: "MyDevice"	RelError: 1.00000e+00	AbsError: 8.88882e-02
    Region: "MyRegion"	RelError: 1.00000e+00	AbsError: 8.88882e-02
      Equation: "PotentialEquation"	RelError: 1.00000e+00	AbsError: 8.88882e-02
Iteration: 1
  Device: "MyDevice"	RelError: 4.91285e-01	AbsError: 8.58427e-02
    Region: "MyRegion"	RelError: 4.91285e-01	AbsError: 8.58427e-02
      Equation: "PotentialEquation"	RelError: 4.91285e-01	AbsError: 8.58427e-02
Iteration: 2
  Device: "MyDevice"	RelError: 3.20761e-01	AbsError: 8.25143e-02
    Region: "MyRegion"	RelError: 3.20761e-01	AbsError: 8.25143e-02
      Equation: "PotentialEquation"	RelError: 3.20761e-01	AbsError: 8.25143e-02
Iteration: 3
  Device: "MyDevice"	RelError: 2.34478e-01	AbsError: 7.87938e-02
    Region: "MyRegion"	RelError: 2.34478e-01	AbsError: 7.87938e-02
      Equation: "PotentialEquation"	RelError: 2.34478e-01	AbsError: 7.87938e-02
Iteration: 4
  Device: "MyDevice"	RelError: 1.94308e-01	AbsError: 7.35513e-02
    Region: "MyRegion"	RelError: 1.94308e-01	AbsError: 7.35513e-02
      Equation: "PotentialEquation"	RelError: 1.94308e-01	AbsError: 7.35513e-02
Iteration: 5
  Device: "MyDevice"	RelError: 2.20512e+00	AbsError: 5.56633e-02
    Region: "MyRegion"	RelError: 2.20512e+00	AbsError: 5.56633e-02
      Equation: "PotentialEquation"	RelError: 2.20512e+00	AbsError: 5.56633e-02
Iteration: 6
  Device: "MyDevice"	RelError: 4.42954e-01	AbsError: 3.95692e-02
    Region: "MyRegion"	RelError: 4.42954e-01	AbsError: 3.95692e-02
      Equation: "PotentialEquation"	RelError: 4.42954e-01	AbsError: 3.95692e-02
Iteration: 7
  Device: "MyDevice"	RelError: 6.44444e-02	AbsError: 2.91367e-02
    Region: "MyRegion"	RelError: 6.44444e-02	AbsError: 2.91367e-02
      Equation: "PotentialEquation"	RelError: 6.44444e-02	AbsError: 2.91367e-02
Iteration: 8
  Device: "MyDevice"	RelError: 5.18778e-02	AbsError: 2.47384e-02
    Region: "MyRegion"	RelError: 5.18778e-02	AbsError: 2.47384e-02
      Equation: "PotentialEquation"	RelError: 5.18778e-02	AbsError: 2.47384e-02
Iteration: 9
  Device: "MyDevice"	RelError: 8.86327e-04	AbsError: 4.22634e-04
    Region: "MyRegion"	RelError: 8.86327e-04	AbsError: 4.22634e-04
      Equation: "PotentialEquation"	RelError: 8.86327e-04	AbsError: 4.22634e-04
Iteration: 10
  Device: "MyDevice"	RelError: 4.57979e-06	AbsError: 9.93520e-07
    Region: "MyRegion"	RelError: 4.57979e-06	AbsError: 9.93520e-07
      Equation: "PotentialEquation"	RelError: 4.57979e-06	AbsError: 9.93520e-07
Iteration: 11
  Device: "MyDevice"	RelError: 9.66553e-11	AbsError: 7.81762e-12
    Region: "MyRegion"	RelError: 9.66553e-11	AbsError: 7.81762e-12
      Equation: "PotentialEquation"	RelError: 9.66553e-11	AbsError: 7.81762e-12
Warning: Replacing equation with equation of the same name.
Region: MyRegion, Equation: PotentialEquation, Variable: Potential
number of equations 1395
Iteration: 0
  Device: "MyDevice"	RelError: 1.44684e-13	AbsError: 1.02400e+04
    Region: "MyRegion"	RelError: 1.44684e-13	AbsError: 1.02400e+04
      Equation: "ElectronContinuityEquation"	RelError: 9.37418e-15	AbsError: 5.12000e+03
      Equation: "HoleContinuityEquation"	RelError: 1.00615e-14	AbsError: 5.12000e+03
      Equation: "PotentialEquation"	RelError: 1.25248e-13	AbsError: 1.58050e-16
Replacing Node Model topnodemodel in region MyRegion of material Si
Replacing Node Model topnodemodel:Potential in region MyRegion of material Si
number of equations 1395
Iteration: 0
  Device: "MyDevice"	RelError: 3.42142e-13	AbsError: 3.98738e+02
    Region: "MyRegion"	RelError: 3.42142e-13	AbsError: 3.98738e+02
      Equation: "ElectronContinuityEquation"	RelError: 1.48931e-15	AbsError: 2.15833e+02
      Equation: "HoleContinuityEquation"	RelError: 3.56552e-15	AbsError: 1.82904e+02
      Equation: "PotentialEquation"	RelError: 3.37087e-13	AbsError: 8.14562e-17
top	0.0	-8.693443938556645e-25	-2.1558854434500004e-09	-2.1558854434500012e-09
bot	0.0	-4.7046820549940125e-08	-2.0451104162455877e-24	-4.7046820549940125e-08
number of equations 1395
Iteration: 0
  Device: "MyDevice"	RelError: 1.90956e+03	AbsError: 3.89580e+17
    Region: "MyRegion"	RelError: 1.90956e+03	AbsError: 3.89580e+17
      Equation: "ElectronContinuityEquation"	RelError: 8.76179e-01	AbsError: 2.37496e+17
      Equation: "HoleContinuityEquation"	RelError: 8.82708e-01	AbsError: 1.52084e+17
      Equation: "PotentialEquation"	RelError: 1.90780e+03	AbsError: 4.48930e-02
Iteration: 1
  Device: "MyDevice"	RelError: 4.74272e+03	AbsError: 1.90286e+17
    Region: "MyRegion"	RelError: 4.74272e+03	AbsError: 1.90286e+17
      Equation: "ElectronContinuityEquation"	RelError: 8.50090e-01	AbsError: 1.35950e+17
      Equation: "HoleContinuityEquation"	RelError: 7.22820e-01	AbsError: 5.43363e+16
      Equation: "PotentialEquation"	RelError: 4.74115e+03	AbsError: 3.35654e-02
Iteration: 2
  Device: "MyDevice"	RelError: 4.07711e+01	AbsError: 1.39861e+16
    Region: "MyRegion"	RelError: 4.07711e+01	AbsError: 1.39861e+16
      Equation: "ElectronContinuityEquation"	RelError: 4.85356e-01	AbsError: 7.47566e+15
      Equation: "HoleContinuityEquation"	RelError: 2.81309e-01	AbsError: 6.51041e+15
      Equation: "PotentialEquation"	RelError: 4.00045e+01	AbsError: 2.58924e-02
Iteration: 3
  Device: "MyDevice"	RelError: 3.90437e+00	AbsError: 8.60371e+15
    Region: "MyRegion"	RelError: 3.90437e+00	AbsError: 8.60371e+15
      Equation: "ElectronContinuityEquation"	RelError: 2.26882e-01	AbsError: 3.30006e+15
      Equation: "HoleContinuityEquation"	RelError: 1.01042e-01	AbsError: 5.30366e+15
      Equation: "PotentialEquation"	RelError: 3.57645e+00	AbsError: 1.29770e-02
Iteration: 4
  Device: "MyDevice"	RelError: 2.44217e-01	AbsError: 7.59597e+14
    Region: "MyRegion"	RelError: 2.44217e-01	AbsError: 7.59597e+14
      Equation: "ElectronContinuityEquation"	RelError: 6.98969e-02	AbsError: 8.38500e+13
      Equation: "HoleContinuityEquation"	RelError: 3.49466e-02	AbsError: 6.75747e+14
      Equation: "PotentialEquation"	RelError: 1.39373e-01	AbsError: 1.09207e-04
Iteration: 5
  Device: "MyDevice"	RelError: 3.26963e-03	AbsError: 8.35440e+12
    Region: "MyRegion"	RelError: 3.26963e-03	AbsError: 8.35440e+12
      Equation: "ElectronContinuityEquation"	RelError: 2.91099e-04	AbsError: 3.30803e+12
      Equation: "HoleContinuityEquation"	RelError: 1.00358e-04	AbsError: 5.04637e+12
      Equation: "PotentialEquation"	RelError: 2.87817e-03	AbsError: 3.06119e-06
Iteration: 6
  Device: "MyDevice"	RelError: 8.80729e-05	AbsError: 1.59644e+11
    Region: "MyRegion"	RelError: 8.80729e-05	AbsError: 1.59644e+11
      Equation: "ElectronContinuityEquation"	RelError: 2.93907e-06	AbsError: 1.08623e+11
      Equation: "HoleContinuityEquation"	RelError: 3.53118e-06	AbsError: 5.10207e+10
      Equation: "PotentialEquation"	RelError: 8.16026e-05	AbsError: 9.39318e-08
Iteration: 7
  Device: "MyDevice"	RelError: 1.47136e-07	AbsError: 2.85678e+08
    Region: "MyRegion"	RelError: 1.47136e-07	AbsError: 2.85678e+08
      Equation: "ElectronContinuityEquation"	RelError: 7.97143e-09	AbsError: 1.68425e+08
      Equation: "HoleContinuityEquation"	RelError: 5.60913e-09	AbsError: 1.17253e+08
      Equation: "PotentialEquation"	RelError: 1.33555e-07	AbsError: 1.49225e-10
Iteration: 8
  Device: "MyDevice"	RelError: 1.22721e-10	AbsError: 5.23380e+05
    Region: "MyRegion"	RelError: 1.22721e-10	AbsError: 5.23380e+05
      Equation: "ElectronContinuityEquation"	RelError: 8.38932e-12	AbsError: 1.77955e+05
      Equation: "HoleContinuityEquation"	RelError: 5.29738e-12	AbsError: 3.45425e+05
      Equation: "PotentialEquation"	RelError: 1.09034e-10	AbsError: 1.41348e-13
Iteration: 9
  Device: "MyDevice"	RelError: 2.57184e-12	AbsError: 5.33298e+03
    Region: "MyRegion"	RelError: 2.57184e-12	AbsError: 5.33298e+03
      Equation: "ElectronContinuityEquation"	RelError: 8.47935e-14	AbsError: 3.26947e+03
      Equation: "HoleContinuityEquation"	RelError: 1.08785e-13	AbsError: 2.06351e+03
      Equation: "PotentialEquation"	RelError: 2.37826e-12	AbsError: 2.75795e-15
top	0.1	2.775905363080393e-09	1.1314722596688752e-07	1.1592313132996792e-07
bot	0.0	-1.1737266843262372e-07	-1.3881215552428563e-09	-1.1876078998786658e-07
number of equations 1395
Iteration: 0
  Device: "MyDevice"	RelError: 9.11925e+01	AbsError: 2.62838e+17
    Region: "MyRegion"	RelError: 9.11925e+01	AbsError: 2.62838e+17
      Equation: "ElectronContinuityEquation"	RelError: 8.13132e-01	AbsError: 1.29491e+17
      Equation: "HoleContinuityEquation"	RelError: 8.15211e-01	AbsError: 1.33347e+17
      Equation: "PotentialEquation"	RelError: 8.95642e+01	AbsError: 4.09542e-02
Iteration: 1
  Device: "MyDevice"	RelError: 2.27666e+01	AbsError: 6.00232e+16
    Region: "MyRegion"	RelError: 2.27666e+01	AbsError: 6.00232e+16
      Equation: "ElectronContinuityEquation"	RelError: 7.38667e-01	AbsError: 2.01323e+16
      Equation: "HoleContinuityEquation"	RelError: 8.37044e-01	AbsError: 3.98909e+16
      Equation: "PotentialEquation"	RelError: 2.11909e+01	AbsError: 3.07632e-02
Iteration: 2
  Device: "MyDevice"	RelError: 3.06360e+01	AbsError: 2.27787e+16
    Region: "MyRegion"	RelError: 3.06360e+01	AbsError: 2.27787e+16
      Equation: "ElectronContinuityEquation"	RelError: 4.60746e-01	AbsError: 4.63265e+14
      Equation: "HoleContinuityEquation"	RelError: 3.40850e-01	AbsError: 2.23154e+16
      Equation: "PotentialEquation"	RelError: 2.98344e+01	AbsError: 2.58864e-02
Iteration: 3
  Device: "MyDevice"	RelError: 7.88784e-01	AbsError: 4.13124e+15
    Region: "MyRegion"	RelError: 7.88784e-01	AbsError: 4.13124e+15
      Equation: "ElectronContinuityEquation"	RelError: 2.16097e-01	AbsError: 8.11063e+14
      Equation: "HoleContinuityEquation"	RelError: 5.50390e-02	AbsError: 3.32018e+15
      Equation: "PotentialEquation"	RelError: 5.17648e-01	AbsError: 9.21146e-03
Iteration: 4
  Device: "MyDevice"	RelError: 7.65565e-02	AbsError: 1.15228e+15
    Region: "MyRegion"	RelError: 7.65565e-02	AbsError: 1.15228e+15
      Equation: "ElectronContinuityEquation"	RelError: 5.65422e-02	AbsError: 3.66791e+13
      Equation: "HoleContinuityEquation"	RelError: 1.11868e-03	AbsError: 1.11560e+15
      Equation: "PotentialEquation"	RelError: 1.88956e-02	AbsError: 3.02138e-05
Iteration: 5
  Device: "MyDevice"	RelError: 1.54620e-04	AbsError: 1.76972e+12
    Region: "MyRegion"	RelError: 1.54620e-04	AbsError: 1.76972e+12
      Equation: "ElectronContinuityEquation"	RelError: 4.63424e-05	AbsError: 2.09370e+11
      Equation: "HoleContinuityEquation"	RelError: 6.89239e-06	AbsError: 1.56035e+12
      Equation: "PotentialEquation"	RelError: 1.01385e-04	AbsError: 1.68511e-07
Iteration: 6
  Device: "MyDevice"	RelError: 7.03818e-07	AbsError: 3.55911e+09
    Region: "MyRegion"	RelError: 7.03818e-07	AbsError: 3.55911e+09
      Equation: "ElectronContinuityEquation"	RelError: 3.08812e-08	AbsError: 1.15394e+09
      Equation: "HoleContinuityEquation"	RelError: 3.72945e-08	AbsError: 2.40517e+09
      Equation: "PotentialEquation"	RelError: 6.35643e-07	AbsError: 9.79920e-10
Iteration: 7
  Device: "MyDevice"	RelError: 1.74082e-10	AbsError: 4.13296e+06
    Region: "MyRegion"	RelError: 1.74082e-10	AbsError: 4.13296e+06
      Equation: "ElectronContinuityEquation"	RelError: 4.85029e-11	AbsError: 1.82882e+05
      Equation: "HoleContinuityEquation"	RelError: 6.38017e-12	AbsError: 3.95007e+06
      Equation: "PotentialEquation"	RelError: 1.19199e-10	AbsError: 1.67401e-13
Iteration: 8
  Device: "MyDevice"	RelError: 1.69301e-12	AbsError: 1.23045e+04
    Region: "MyRegion"	RelError: 1.69301e-12	AbsError: 1.23045e+04
      Equation: "ElectronContinuityEquation"	RelError: 8.51364e-14	AbsError: 3.04133e+03
      Equation: "HoleContinuityEquation"	RelError: 9.58487e-14	AbsError: 9.26315e+03
      Equation: "PotentialEquation"	RelError: 1.51202e-12	AbsError: 2.47228e-15
top	0.2	1.2832944285759479e-07	1.0080071751381564e-06	1.1363366179957512e-06
bot	0.0	-1.0351389802923312e-06	-6.417201268020028e-08	-1.0993109929725315e-06
number of equations 1395
Iteration: 0
  Device: "MyDevice"	RelError: 2.88520e+01	AbsError: 2.39774e+17
    Region: "MyRegion"	RelError: 2.88520e+01	AbsError: 2.39774e+17
      Equation: "ElectronContinuityEquation"	RelError: 7.92356e-01	AbsError: 1.19488e+17
      Equation: "HoleContinuityEquation"	RelError: 7.93966e-01	AbsError: 1.20286e+17
      Equation: "PotentialEquation"	RelError: 2.72657e+01	AbsError: 4.09542e-02
Iteration: 1
  Device: "MyDevice"	RelError: 2.93747e+01	AbsError: 3.12048e+16
    Region: "MyRegion"	RelError: 2.93747e+01	AbsError: 3.12048e+16
      Equation: "ElectronContinuityEquation"	RelError: 6.91422e-01	AbsError: 1.58967e+16
      Equation: "HoleContinuityEquation"	RelError: 7.81944e-01	AbsError: 1.53081e+16
      Equation: "PotentialEquation"	RelError: 2.79013e+01	AbsError: 3.07701e-02
Iteration: 2
  Device: "MyDevice"	RelError: 1.48314e+01	AbsError: 2.97365e+15
    Region: "MyRegion"	RelError: 1.48314e+01	AbsError: 2.97365e+15
      Equation: "ElectronContinuityEquation"	RelError: 5.05948e-01	AbsError: 1.21634e+15
      Equation: "HoleContinuityEquation"	RelError: 4.84244e-01	AbsError: 1.75732e+15
      Equation: "PotentialEquation"	RelError: 1.38412e+01	AbsError: 2.56904e-02
Iteration: 3
  Device: "MyDevice"	RelError: 4.33902e-01	AbsError: 6.69021e+14
    Region: "MyRegion"	RelError: 4.33902e-01	AbsError: 6.69021e+14
      Equation: "ElectronContinuityEquation"	RelError: 2.78924e-01	AbsError: 1.15034e+14
      Equation: "HoleContinuityEquation"	RelError: 7.36557e-02	AbsError: 5.53987e+14
      Equation: "PotentialEquation"	RelError: 8.13223e-02	AbsError: 9.17947e-03
Iteration: 4
  Device: "MyDevice"	RelError: 1.52133e-01	AbsError: 1.00542e+15
    Region: "MyRegion"	RelError: 1.52133e-01	AbsError: 1.00542e+15
      Equation: "ElectronContinuityEquation"	RelError: 7.66812e-02	AbsError: 1.77249e+14
      Equation: "HoleContinuityEquation"	RelError: 3.35112e-03	AbsError: 8.28175e+14
      Equation: "PotentialEquation"	RelError: 7.21004e-02	AbsError: 1.00236e-04
Iteration: 5
  Device: "MyDevice"	RelError: 1.24135e-04	AbsError: 4.20158e+13
    Region: "MyRegion"	RelError: 1.24135e-04	AbsError: 4.20158e+13
      Equation: "ElectronContinuityEquation"	RelError: 6.59892e-05	AbsError: 3.07591e+13
      Equation: "HoleContinuityEquation"	RelError: 1.86651e-05	AbsError: 1.12567e+13
      Equation: "PotentialEquation"	RelError: 3.94806e-05	AbsError: 8.04274e-07
Iteration: 6
  Device: "MyDevice"	RelError: 1.04511e-06	AbsError: 3.74984e+11
    Region: "MyRegion"	RelError: 1.04511e-06	AbsError: 3.74984e+11
      Equation: "ElectronContinuityEquation"	RelError: 2.07923e-07	AbsError: 1.92463e+11
      Equation: "HoleContinuityEquation"	RelError: 1.99291e-07	AbsError: 1.82521e+11
      Equation: "PotentialEquation"	RelError: 6.37896e-07	AbsError: 5.15831e-09
Iteration: 7
  Device: "MyDevice"	RelError: 1.10143e-08	AbsError: 7.02007e+09
    Region: "MyRegion"	RelError: 1.10143e-08	AbsError: 7.02007e+09
      Equation: "ElectronContinuityEquation"	RelError: 3.97704e-09	AbsError: 3.61381e+09
      Equation: "HoleContinuityEquation"	RelError: 3.67721e-09	AbsError: 3.40627e+09
      Equation: "PotentialEquation"	RelError: 3.36007e-09	AbsError: 9.51920e-11
Iteration: 8
  Device: "MyDevice"	RelError: 2.29864e-10	AbsError: 9.45695e+07
    Region: "MyRegion"	RelError: 2.29864e-10	AbsError: 9.45695e+07
      Equation: "ElectronContinuityEquation"	RelError: 7.44325e-11	AbsError: 7.44187e+07
      Equation: "HoleContinuityEquation"	RelError: 4.35104e-11	AbsError: 2.01508e+07
      Equation: "PotentialEquation"	RelError: 1.11921e-10	AbsError: 1.79822e-12
Iteration: 9
  Device: "MyDevice"	RelError: 1.94179e-12	AbsError: 1.10347e+06
    Region: "MyRegion"	RelError: 1.94179e-12	AbsError: 1.10347e+06
      Equation: "ElectronContinuityEquation"	RelError: 1.01244e-12	AbsError: 1.01225e+06
      Equation: "HoleContinuityEquation"	RelError: 6.59299e-13	AbsError: 9.12206e+04
      Equation: "PotentialEquation"	RelError: 2.70056e-13	AbsError: 2.61673e-14
top	0.30000000000000004	5.806848290162486e-06	1.0124612479256645e-05	1.593146076941913e-05
bot	0.0	-1.3056397991844716e-05	-2.9037308535462027e-06	-1.596012884539092e-05
number of equations 1395
Iteration: 0
  Device: "MyDevice"	RelError: 2.22660e+02	AbsError: 2.51686e+17
    Region: "MyRegion"	RelError: 2.22660e+02	AbsError: 2.51686e+17
      Equation: "ElectronContinuityEquation"	RelError: 7.93845e-01	AbsError: 1.28064e+17
      Equation: "HoleContinuityEquation"	RelError: 7.94782e-01	AbsError: 1.23622e+17
      Equation: "PotentialEquation"	RelError: 2.21072e+02	AbsError: 4.10716e-02
Iteration: 1
  Device: "MyDevice"	RelError: 2.54712e+02	AbsError: 1.28500e+17
    Region: "MyRegion"	RelError: 2.54712e+02	AbsError: 1.28500e+17
      Equation: "ElectronContinuityEquation"	RelError: 6.87170e-01	AbsError: 8.16147e+16
      Equation: "HoleContinuityEquation"	RelError: 7.83908e-01	AbsError: 4.68857e+16
      Equation: "PotentialEquation"	RelError: 2.53241e+02	AbsError: 3.07632e-02
Iteration: 2
  Device: "MyDevice"	RelError: 1.82332e+01	AbsError: 5.19453e+15
    Region: "MyRegion"	RelError: 1.82332e+01	AbsError: 5.19453e+15
      Equation: "ElectronContinuityEquation"	RelError: 5.06393e-01	AbsError: 3.00764e+15
      Equation: "HoleContinuityEquation"	RelError: 4.98186e-01	AbsError: 2.18689e+15
      Equation: "PotentialEquation"	RelError: 1.72286e+01	AbsError: 2.58695e-02
Iteration: 3
  Device: "MyDevice"	RelError: 4.81415e-01	AbsError: 3.64167e+14
    Region: "MyRegion"	RelError: 4.81415e-01	AbsError: 3.64167e+14
      Equation: "ElectronContinuityEquation"	RelError: 2.85169e-01	AbsError: 1.21628e+14
      Equation: "HoleContinuityEquation"	RelError: 7.69977e-02	AbsError: 2.42540e+14
      Equation: "PotentialEquation"	RelError: 1.19247e-01	AbsError: 9.16533e-03
Iteration: 4
  Device: "MyDevice"	RelError: 8.27522e-02	AbsError: 2.73674e+14
    Region: "MyRegion"	RelError: 8.27522e-02	AbsError: 2.73674e+14
      Equation: "ElectronContinuityEquation"	RelError: 7.61345e-02	AbsError: 3.36583e+13
      Equation: "HoleContinuityEquation"	RelError: 3.35920e-04	AbsError: 2.40016e+14
      Equation: "PotentialEquation"	RelError: 6.28177e-03	AbsError: 8.73302e-06
Iteration: 5
  Device: "MyDevice"	RelError: 1.93626e-05	AbsError: 3.55522e+11
    Region: "MyRegion"	RelError: 1.93626e-05	AbsError: 3.55522e+11
      Equation: "ElectronContinuityEquation"	RelError: 1.83022e-05	AbsError: 3.38678e+11
      Equation: "HoleContinuityEquation"	RelError: 1.42871e-07	AbsError: 1.68448e+10
      Equation: "PotentialEquation"	RelError: 9.17555e-07	AbsError: 8.75383e-09
Iteration: 6
  Device: "MyDevice"	RelError: 6.22791e-11	AbsError: 3.66550e+07
    Region: "MyRegion"	RelError: 6.22791e-11	AbsError: 3.66550e+07
      Equation: "ElectronContinuityEquation"	RelError: 3.66580e-11	AbsError: 3.66536e+07
      Equation: "HoleContinuityEquation"	RelError: 2.36280e-11	AbsError: 1.43989e+03
      Equation: "PotentialEquation"	RelError: 1.99313e-12	AbsError: 9.50437e-13
top	0.4	0.0002622125271691064	0.00018654040521116932	0.0004487529323802757
bot	0.0	-0.0003176924394395212	-0.00013111905584502407	-0.0004488114952845453
number of equations 1395
Iteration: 0
  Device: "MyDevice"	RelError: 1.75288e+02	AbsError: 2.79354e+17
    Region: "MyRegion"	RelError: 1.75288e+02	AbsError: 2.79354e+17
      Equation: "ElectronContinuityEquation"	RelError: 7.92056e-01	AbsError: 1.39696e+17
      Equation: "HoleContinuityEquation"	RelError: 7.92058e-01	AbsError: 1.39658e+17
      Equation: "PotentialEquation"	RelError: 1.73704e+02	AbsError: 4.09542e-02
Iteration: 1
  Device: "MyDevice"	RelError: 1.74859e+02	AbsError: 4.70669e+16
    Region: "MyRegion"	RelError: 1.74859e+02	AbsError: 4.70669e+16
      Equation: "ElectronContinuityEquation"	RelError: 6.87375e-01	AbsError: 2.46045e+16
      Equation: "HoleContinuityEquation"	RelError: 7.76326e-01	AbsError: 2.24624e+16
      Equation: "PotentialEquation"	RelError: 1.73395e+02	AbsError: 3.07632e-02
Iteration: 2
  Device: "MyDevice"	RelError: 2.37604e+00	AbsError: 7.27562e+15
    Region: "MyRegion"	RelError: 2.37604e+00	AbsError: 7.27562e+15
      Equation: "ElectronContinuityEquation"	RelError: 5.06860e-01	AbsError: 4.32811e+15
      Equation: "HoleContinuityEquation"	RelError: 5.01218e-01	AbsError: 2.94751e+15
      Equation: "PotentialEquation"	RelError: 1.36796e+00	AbsError: 2.57724e-02
Iteration: 3
  Device: "MyDevice"	RelError: 7.54555e-01	AbsError: 2.67477e+14
    Region: "MyRegion"	RelError: 7.54555e-01	AbsError: 2.67477e+14
      Equation: "ElectronContinuityEquation"	RelError: 2.83968e-01	AbsError: 4.29440e+13
      Equation: "HoleContinuityEquation"	RelError: 7.45100e-02	AbsError: 2.24533e+14
      Equation: "PotentialEquation"	RelError: 3.96077e-01	AbsError: 9.16533e-03
Iteration: 4
  Device: "MyDevice"	RelError: 7.62986e-02	AbsError: 1.04085e+14
    Region: "MyRegion"	RelError: 7.62986e-02	AbsError: 1.04085e+14
      Equation: "ElectronContinuityEquation"	RelError: 7.59874e-02	AbsError: 2.01319e+13
      Equation: "HoleContinuityEquation"	RelError: 2.36767e-04	AbsError: 8.39530e+13
      Equation: "PotentialEquation"	RelError: 7.44660e-05	AbsError: 3.10433e-06
Iteration: 5
  Device: "MyDevice"	RelError: 4.20878e-06	AbsError: 4.22127e+09
    Region: "MyRegion"	RelError: 4.20878e-06	AbsError: 4.22127e+09
      Equation: "ElectronContinuityEquation"	RelError: 4.18693e-06	AbsError: 2.66100e+09
      Equation: "HoleContinuityEquation"	RelError: 2.12125e-08	AbsError: 1.56027e+09
      Equation: "PotentialEquation"	RelError: 6.42518e-10	AbsError: 7.41382e-11
Iteration: 6
  Device: "MyDevice"	RelError: 1.32260e-14	AbsError: 9.24576e+03
    Region: "MyRegion"	RelError: 1.32260e-14	AbsError: 9.24576e+03
      Equation: "ElectronContinuityEquation"	RelError: 8.93772e-15	AbsError: 8.93703e+03
      Equation: "HoleContinuityEquation"	RelError: 3.79526e-15	AbsError: 3.08732e+02
      Equation: "PotentialEquation"	RelError: 4.93031e-16	AbsError: 2.35106e-16
top	0.5	0.0118105431752826	0.006344611998005865	0.018155155173288466
bot	0.0	-0.012249431878576914	-0.005905798880927577	-0.018155230759504492
