Searching DEVSIM_MATH_LIBS="libopenblas.dylib:liblapack.dylib:libblas.dylib"
Loading "libopenblas.dylib": ALL BLAS/LAPACK LOADED
Skipping liblapack.dylib
Skipping libblas.dylib
loading UMFPACK 5.1 as direct solver
Physical group name Base has 0 Tetrahedra.
Physical group name Base has 223 Triangles.
Physical group name Base has 354 Lines.
Physical group name Base has 132 Points.
Physical group name Bulk has 6701 Tetrahedra.
Physical group name Bulk has 14066 Triangles.
Physical group name Bulk has 8781 Lines.
Physical group name Bulk has 1417 Points.
Physical group name Emitter has 0 Tetrahedra.
Physical group name Emitter has 201 Triangles.
Physical group name Emitter has 320 Lines.
Physical group name Emitter has 120 Points.
Device diode3d has 1417 coordinates with max index 1417
Region Bulk has 1417 nodes.
Contact bot in region Bulk with 120 nodes
Contact top in region Bulk with 132 nodes
number of equations 1417
Iteration: 0
  Device: "diode3d"	RelError: 1.00000e+00	AbsError: 9.05977e-02
    Region: "Bulk"	RelError: 1.00000e+00	AbsError: 9.05977e-02
      Equation: "PotentialEquation"	RelError: 1.00000e+00	AbsError: 9.05977e-02
Iteration: 1
  Device: "diode3d"	RelError: 4.91874e-01	AbsError: 8.77001e-02
    Region: "Bulk"	RelError: 4.91874e-01	AbsError: 8.77001e-02
      Equation: "PotentialEquation"	RelError: 4.91874e-01	AbsError: 8.77001e-02
Iteration: 2
  Device: "diode3d"	RelError: 3.21654e-01	AbsError: 8.45443e-02
    Region: "Bulk"	RelError: 3.21654e-01	AbsError: 8.45443e-02
      Equation: "PotentialEquation"	RelError: 3.21654e-01	AbsError: 8.45443e-02
Iteration: 3
  Device: "diode3d"	RelError: 3.59842e-01	AbsError: 8.10054e-02
    Region: "Bulk"	RelError: 3.59842e-01	AbsError: 8.10054e-02
      Equation: "PotentialEquation"	RelError: 3.59842e-01	AbsError: 8.10054e-02
Iteration: 4
  Device: "diode3d"	RelError: 2.91252e+00	AbsError: 7.54427e-02
    Region: "Bulk"	RelError: 2.91252e+00	AbsError: 7.54427e-02
      Equation: "PotentialEquation"	RelError: 2.91252e+00	AbsError: 7.54427e-02
Iteration: 5
  Device: "diode3d"	RelError: 4.89564e+00	AbsError: 5.61789e-02
    Region: "Bulk"	RelError: 4.89564e+00	AbsError: 5.61789e-02
      Equation: "PotentialEquation"	RelError: 4.89564e+00	AbsError: 5.61789e-02
Iteration: 6
  Device: "diode3d"	RelError: 1.85378e+00	AbsError: 3.95692e-02
    Region: "Bulk"	RelError: 1.85378e+00	AbsError: 3.95692e-02
      Equation: "PotentialEquation"	RelError: 1.85378e+00	AbsError: 3.95692e-02
Iteration: 7
  Device: "diode3d"	RelError: 7.12944e-02	AbsError: 2.91367e-02
    Region: "Bulk"	RelError: 7.12944e-02	AbsError: 2.91367e-02
      Equation: "PotentialEquation"	RelError: 7.12944e-02	AbsError: 2.91367e-02
Iteration: 8
  Device: "diode3d"	RelError: 5.18778e-02	AbsError: 2.47384e-02
    Region: "Bulk"	RelError: 5.18778e-02	AbsError: 2.47384e-02
      Equation: "PotentialEquation"	RelError: 5.18778e-02	AbsError: 2.47384e-02
Iteration: 9
  Device: "diode3d"	RelError: 8.22249e-05	AbsError: 3.91941e-05
    Region: "Bulk"	RelError: 8.22249e-05	AbsError: 3.91941e-05
      Equation: "PotentialEquation"	RelError: 8.22249e-05	AbsError: 3.91941e-05
Iteration: 10
  Device: "diode3d"	RelError: 2.86921e-08	AbsError: 1.36767e-08
    Region: "Bulk"	RelError: 2.86921e-08	AbsError: 1.36767e-08
      Equation: "PotentialEquation"	RelError: 2.86921e-08	AbsError: 1.36767e-08
Iteration: 11
  Device: "diode3d"	RelError: 3.38675e-15	AbsError: 1.61436e-15
    Region: "Bulk"	RelError: 3.38675e-15	AbsError: 1.61436e-15
      Equation: "PotentialEquation"	RelError: 3.38675e-15	AbsError: 1.61436e-15
Warning: Replacing equation with equation of the same name.
Region: Bulk, Equation: PotentialEquation, Variable: Potential
number of equations 4251
Iteration: 0
  Device: "diode3d"	RelError: 9.77366e-09	AbsError: 1.02400e+04
    Region: "Bulk"	RelError: 9.77366e-09	AbsError: 1.02400e+04
      Equation: "ElectronContinuityEquation"	RelError: 6.51682e-09	AbsError: 5.12000e+03
      Equation: "HoleContinuityEquation"	RelError: 3.25685e-09	AbsError: 5.12000e+03
      Equation: "PotentialEquation"	RelError: 1.05432e-15	AbsError: 1.50030e-16
number of equations 4251
Iteration: 0
  Device: "diode3d"	RelError: 8.40732e+00	AbsError: 2.09226e+17
    Region: "Bulk"	RelError: 8.40732e+00	AbsError: 2.09226e+17
      Equation: "ElectronContinuityEquation"	RelError: 7.77409e-01	AbsError: 1.03422e+17
      Equation: "HoleContinuityEquation"	RelError: 7.77360e-01	AbsError: 1.05804e+17
      Equation: "PotentialEquation"	RelError: 6.85255e+00	AbsError: 4.09542e-02
Iteration: 1
  Device: "diode3d"	RelError: 6.86871e+01	AbsError: 2.46461e+16
    Region: "Bulk"	RelError: 6.86871e+01	AbsError: 2.46461e+16
      Equation: "ElectronContinuityEquation"	RelError: 6.75541e-01	AbsError: 1.34838e+16
      Equation: "HoleContinuityEquation"	RelError: 7.54496e-01	AbsError: 1.11623e+16
      Equation: "PotentialEquation"	RelError: 6.72570e+01	AbsError: 3.07632e-02
Iteration: 2
  Device: "diode3d"	RelError: 1.30845e+00	AbsError: 2.47905e+15
    Region: "Bulk"	RelError: 1.30845e+00	AbsError: 2.47905e+15
      Equation: "ElectronContinuityEquation"	RelError: 4.93463e-01	AbsError: 6.92433e+14
      Equation: "HoleContinuityEquation"	RelError: 4.79896e-01	AbsError: 1.78661e+15
      Equation: "PotentialEquation"	RelError: 3.35089e-01	AbsError: 2.58599e-02
Iteration: 3
  Device: "diode3d"	RelError: 5.20005e-01	AbsError: 1.24719e+15
    Region: "Bulk"	RelError: 5.20005e-01	AbsError: 1.24719e+15
      Equation: "ElectronContinuityEquation"	RelError: 3.04618e-01	AbsError: 6.16112e+13
      Equation: "HoleContinuityEquation"	RelError: 1.40478e-01	AbsError: 1.18558e+15
      Equation: "PotentialEquation"	RelError: 7.49087e-02	AbsError: 9.16533e-03
Iteration: 4
  Device: "diode3d"	RelError: 3.95584e-01	AbsError: 1.45284e+15
    Region: "Bulk"	RelError: 3.95584e-01	AbsError: 1.45284e+15
      Equation: "ElectronContinuityEquation"	RelError: 8.49599e-02	AbsError: 1.37120e+14
      Equation: "HoleContinuityEquation"	RelError: 1.04355e-02	AbsError: 1.31572e+15
      Equation: "PotentialEquation"	RelError: 3.00189e-01	AbsError: 1.33019e-04
Iteration: 5
  Device: "diode3d"	RelError: 2.26219e-04	AbsError: 8.25913e+11
    Region: "Bulk"	RelError: 2.26219e-04	AbsError: 8.25913e+11
      Equation: "ElectronContinuityEquation"	RelError: 1.37322e-04	AbsError: 3.96586e+10
      Equation: "HoleContinuityEquation"	RelError: 3.15504e-05	AbsError: 7.86254e+11
      Equation: "PotentialEquation"	RelError: 5.73471e-05	AbsError: 5.60680e-08
Iteration: 6
  Device: "diode3d"	RelError: 9.56991e-09	AbsError: 3.65807e+05
    Region: "Bulk"	RelError: 9.56991e-09	AbsError: 3.65807e+05
      Equation: "ElectronContinuityEquation"	RelError: 3.78162e-09	AbsError: 7.15396e+03
      Equation: "HoleContinuityEquation"	RelError: 5.78215e-09	AbsError: 3.58653e+05
      Equation: "PotentialEquation"	RelError: 6.14343e-12	AbsError: 2.05972e-14
top	0.1	8.433170397664685e-19	4.432278954507977e-19	1.286544935217266e-18
bot	0.0	-8.752261227909323e-19	-4.1412129647059217e-19	-1.2893474192615245e-18
number of equations 4251
Iteration: 0
  Device: "diode3d"	RelError: 9.70266e+00	AbsError: 2.22682e+17
    Region: "Bulk"	RelError: 9.70266e+00	AbsError: 2.22682e+17
      Equation: "ElectronContinuityEquation"	RelError: 7.90151e-01	AbsError: 1.10225e+17
      Equation: "HoleContinuityEquation"	RelError: 7.90319e-01	AbsError: 1.12456e+17
      Equation: "PotentialEquation"	RelError: 8.12219e+00	AbsError: 4.09542e-02
Iteration: 1
  Device: "diode3d"	RelError: 9.35835e+00	AbsError: 2.90547e+16
    Region: "Bulk"	RelError: 9.35835e+00	AbsError: 2.90547e+16
      Equation: "ElectronContinuityEquation"	RelError: 6.85876e-01	AbsError: 1.58089e+16
      Equation: "HoleContinuityEquation"	RelError: 7.68623e-01	AbsError: 1.32459e+16
      Equation: "PotentialEquation"	RelError: 7.90385e+00	AbsError: 3.07632e-02
Iteration: 2
  Device: "diode3d"	RelError: 1.82264e+00	AbsError: 3.35640e+15
    Region: "Bulk"	RelError: 1.82264e+00	AbsError: 3.35640e+15
      Equation: "ElectronContinuityEquation"	RelError: 5.01875e-01	AbsError: 1.14555e+15
      Equation: "HoleContinuityEquation"	RelError: 4.81631e-01	AbsError: 2.21085e+15
      Equation: "PotentialEquation"	RelError: 8.39131e-01	AbsError: 2.58811e-02
Iteration: 3
  Device: "diode3d"	RelError: 4.80408e-01	AbsError: 1.18094e+15
    Region: "Bulk"	RelError: 4.80408e-01	AbsError: 1.18094e+15
      Equation: "ElectronContinuityEquation"	RelError: 3.04624e-01	AbsError: 6.14305e+13
      Equation: "HoleContinuityEquation"	RelError: 1.42679e-01	AbsError: 1.11951e+15
      Equation: "PotentialEquation"	RelError: 3.31046e-02	AbsError: 9.16533e-03
Iteration: 4
  Device: "diode3d"	RelError: 1.15247e-01	AbsError: 1.37306e+15
    Region: "Bulk"	RelError: 1.15247e-01	AbsError: 1.37306e+15
      Equation: "ElectronContinuityEquation"	RelError: 8.55735e-02	AbsError: 1.53264e+14
      Equation: "HoleContinuityEquation"	RelError: 9.51213e-03	AbsError: 1.21980e+15
      Equation: "PotentialEquation"	RelError: 2.01609e-02	AbsError: 1.26560e-04
Iteration: 5
  Device: "diode3d"	RelError: 1.68445e-04	AbsError: 6.74952e+11
    Region: "Bulk"	RelError: 1.68445e-04	AbsError: 6.74952e+11
      Equation: "ElectronContinuityEquation"	RelError: 1.38091e-04	AbsError: 3.53041e+10
      Equation: "HoleContinuityEquation"	RelError: 2.65290e-05	AbsError: 6.39648e+11
      Equation: "PotentialEquation"	RelError: 3.82447e-06	AbsError: 4.94545e-08
Iteration: 6
  Device: "diode3d"	RelError: 1.13474e-09	AbsError: 2.34609e+05
    Region: "Bulk"	RelError: 1.13474e-09	AbsError: 2.34609e+05
      Equation: "ElectronContinuityEquation"	RelError: 2.88039e-10	AbsError: 4.23858e+03
      Equation: "HoleContinuityEquation"	RelError: 8.46341e-10	AbsError: 2.30370e+05
      Equation: "PotentialEquation"	RelError: 3.64415e-13	AbsError: 1.49718e-14
top	0.2	3.8858112981304196e-17	1.927799040888761e-17	5.813610339019181e-17
bot	0.0	-3.9085410431711154e-17	-1.911258416840504e-17	-5.81979946001162e-17
number of equations 4251
Iteration: 0
  Device: "diode3d"	RelError: 1.10631e+01	AbsError: 2.39372e+17
    Region: "Bulk"	RelError: 1.10631e+01	AbsError: 2.39372e+17
      Equation: "ElectronContinuityEquation"	RelError: 7.92083e-01	AbsError: 1.19489e+17
      Equation: "HoleContinuityEquation"	RelError: 7.92132e-01	AbsError: 1.19883e+17
      Equation: "PotentialEquation"	RelError: 9.47887e+00	AbsError: 4.09542e-02
Iteration: 1
  Device: "diode3d"	RelError: 5.20179e+01	AbsError: 3.42474e+16
    Region: "Bulk"	RelError: 5.20179e+01	AbsError: 3.42474e+16
      Equation: "ElectronContinuityEquation"	RelError: 6.85656e-01	AbsError: 1.88106e+16
      Equation: "HoleContinuityEquation"	RelError: 7.69953e-01	AbsError: 1.54367e+16
      Equation: "PotentialEquation"	RelError: 5.05623e+01	AbsError: 3.07632e-02
Iteration: 2
  Device: "diode3d"	RelError: 9.24198e+01	AbsError: 4.43980e+15
    Region: "Bulk"	RelError: 9.24198e+01	AbsError: 4.43980e+15
      Equation: "ElectronContinuityEquation"	RelError: 5.02527e-01	AbsError: 1.62801e+15
      Equation: "HoleContinuityEquation"	RelError: 4.80900e-01	AbsError: 2.81179e+15
      Equation: "PotentialEquation"	RelError: 9.14363e+01	AbsError: 2.58448e-02
Iteration: 3
  Device: "diode3d"	RelError: 6.21023e-01	AbsError: 1.18257e+15
    Region: "Bulk"	RelError: 6.21023e-01	AbsError: 1.18257e+15
      Equation: "ElectronContinuityEquation"	RelError: 3.05213e-01	AbsError: 4.13104e+13
      Equation: "HoleContinuityEquation"	RelError: 1.42295e-01	AbsError: 1.14126e+15
      Equation: "PotentialEquation"	RelError: 1.73515e-01	AbsError: 9.16533e-03
Iteration: 4
  Device: "diode3d"	RelError: 5.01168e-01	AbsError: 1.25852e+15
    Region: "Bulk"	RelError: 5.01168e-01	AbsError: 1.25852e+15
      Equation: "ElectronContinuityEquation"	RelError: 8.52135e-02	AbsError: 1.50613e+14
      Equation: "HoleContinuityEquation"	RelError: 1.05545e-02	AbsError: 1.10790e+15
      Equation: "PotentialEquation"	RelError: 4.05400e-01	AbsError: 1.17560e-04
Iteration: 5
  Device: "diode3d"	RelError: 2.19701e-04	AbsError: 5.20802e+11
    Region: "Bulk"	RelError: 2.19701e-04	AbsError: 5.20802e+11
      Equation: "ElectronContinuityEquation"	RelError: 1.25680e-04	AbsError: 3.16967e+10
      Equation: "HoleContinuityEquation"	RelError: 2.42272e-05	AbsError: 4.89105e+11
      Equation: "PotentialEquation"	RelError: 6.97939e-05	AbsError: 3.33663e-08
Iteration: 6
  Device: "diode3d"	RelError: 1.53436e-10	AbsError: 1.19684e+05
    Region: "Bulk"	RelError: 1.53436e-10	AbsError: 1.19684e+05
      Equation: "ElectronContinuityEquation"	RelError: 9.69000e-11	AbsError: 2.59916e+03
      Equation: "HoleContinuityEquation"	RelError: 5.06564e-11	AbsError: 1.17085e+05
      Equation: "PotentialEquation"	RelError: 5.87988e-12	AbsError: 6.12439e-15
top	0.30000000000000004	1.7524669891934907e-15	8.645830904773787e-16	2.6170500796708693e-15
bot	0.0	-1.7536838505623502e-15	-8.632790027140256e-16	-2.6169628532763757e-15
number of equations 4251
Iteration: 0
  Device: "diode3d"	RelError: 2.00817e+01	AbsError: 2.58839e+17
    Region: "Bulk"	RelError: 2.00817e+01	AbsError: 2.58839e+17
      Equation: "ElectronContinuityEquation"	RelError: 7.92178e-01	AbsError: 1.29929e+17
      Equation: "HoleContinuityEquation"	RelError: 7.92207e-01	AbsError: 1.28910e+17
      Equation: "PotentialEquation"	RelError: 1.84973e+01	AbsError: 4.09542e-02
Iteration: 1
  Device: "diode3d"	RelError: 4.23576e+01	AbsError: 4.16487e+16
    Region: "Bulk"	RelError: 4.23576e+01	AbsError: 4.16487e+16
      Equation: "ElectronContinuityEquation"	RelError: 6.85682e-01	AbsError: 2.27227e+16
      Equation: "HoleContinuityEquation"	RelError: 7.70128e-01	AbsError: 1.89260e+16
      Equation: "PotentialEquation"	RelError: 4.09018e+01	AbsError: 3.07632e-02
Iteration: 2
  Device: "diode3d"	RelError: 5.83085e+01	AbsError: 6.26313e+15
    Region: "Bulk"	RelError: 5.83085e+01	AbsError: 6.26313e+15
      Equation: "ElectronContinuityEquation"	RelError: 5.03901e-01	AbsError: 2.82307e+15
      Equation: "HoleContinuityEquation"	RelError: 4.82141e-01	AbsError: 3.44006e+15
      Equation: "PotentialEquation"	RelError: 5.73225e+01	AbsError: 2.58789e-02
Iteration: 3
  Device: "diode3d"	RelError: 5.73313e-01	AbsError: 1.23169e+15
    Region: "Bulk"	RelError: 5.73313e-01	AbsError: 1.23169e+15
      Equation: "ElectronContinuityEquation"	RelError: 3.09490e-01	AbsError: 5.06557e+13
      Equation: "HoleContinuityEquation"	RelError: 1.43262e-01	AbsError: 1.18103e+15
      Equation: "PotentialEquation"	RelError: 1.20561e-01	AbsError: 9.16533e-03
Iteration: 4
  Device: "diode3d"	RelError: 5.17952e-01	AbsError: 1.19297e+15
    Region: "Bulk"	RelError: 5.17952e-01	AbsError: 1.19297e+15
      Equation: "ElectronContinuityEquation"	RelError: 8.48261e-02	AbsError: 1.48940e+14
      Equation: "HoleContinuityEquation"	RelError: 8.12096e-03	AbsError: 1.04403e+15
      Equation: "PotentialEquation"	RelError: 4.25005e-01	AbsError: 1.05130e-04
Iteration: 5
  Device: "diode3d"	RelError: 1.66708e-04	AbsError: 4.76945e+11
    Region: "Bulk"	RelError: 1.66708e-04	AbsError: 4.76945e+11
      Equation: "ElectronContinuityEquation"	RelError: 1.03898e-04	AbsError: 2.55436e+10
      Equation: "HoleContinuityEquation"	RelError: 1.90132e-05	AbsError: 4.51402e+11
      Equation: "PotentialEquation"	RelError: 4.37968e-05	AbsError: 2.78720e-08
Iteration: 6
  Device: "diode3d"	RelError: 4.35120e-11	AbsError: 9.98223e+04
    Region: "Bulk"	RelError: 4.35120e-11	AbsError: 9.98223e+04
      Equation: "ElectronContinuityEquation"	RelError: 2.75419e-11	AbsError: 1.65012e+03
      Equation: "HoleContinuityEquation"	RelError: 1.29646e-11	AbsError: 9.81721e+04
      Equation: "PotentialEquation"	RelError: 3.00540e-12	AbsError: 5.06388e-15
top	0.4	7.883949441496041e-14	3.891446440250968e-14	1.1775395881747009e-13
bot	0.0	-7.884917359814444e-14	-3.890485359353657e-14	-1.1775402719168102e-13
number of equations 4251
Iteration: 0
  Device: "diode3d"	RelError: 1.91833e+02	AbsError: 2.81526e+17
    Region: "Bulk"	RelError: 1.91833e+02	AbsError: 2.81526e+17
      Equation: "ElectronContinuityEquation"	RelError: 7.92086e-01	AbsError: 1.42922e+17
      Equation: "HoleContinuityEquation"	RelError: 7.92104e-01	AbsError: 1.38604e+17
      Equation: "PotentialEquation"	RelError: 1.90249e+02	AbsError: 4.09542e-02
Iteration: 1
  Device: "diode3d"	RelError: 1.02615e+03	AbsError: 5.10340e+16
    Region: "Bulk"	RelError: 1.02615e+03	AbsError: 5.10340e+16
      Equation: "ElectronContinuityEquation"	RelError: 6.86090e-01	AbsError: 2.85458e+16
      Equation: "HoleContinuityEquation"	RelError: 7.69411e-01	AbsError: 2.24882e+16
      Equation: "PotentialEquation"	RelError: 1.02470e+03	AbsError: 3.07632e-02
Iteration: 2
  Device: "diode3d"	RelError: 2.35458e+00	AbsError: 8.77701e+15
    Region: "Bulk"	RelError: 2.35458e+00	AbsError: 8.77701e+15
      Equation: "ElectronContinuityEquation"	RelError: 5.02877e-01	AbsError: 4.16041e+15
      Equation: "HoleContinuityEquation"	RelError: 4.83738e-01	AbsError: 4.61660e+15
      Equation: "PotentialEquation"	RelError: 1.36796e+00	AbsError: 2.58910e-02
Iteration: 3
  Device: "diode3d"	RelError: 8.49047e-01	AbsError: 1.61805e+15
    Region: "Bulk"	RelError: 8.49047e-01	AbsError: 1.61805e+15
      Equation: "ElectronContinuityEquation"	RelError: 3.09130e-01	AbsError: 1.46919e+14
      Equation: "HoleContinuityEquation"	RelError: 1.43840e-01	AbsError: 1.47113e+15
      Equation: "PotentialEquation"	RelError: 3.96077e-01	AbsError: 9.16533e-03
Iteration: 4
  Device: "diode3d"	RelError: 9.42730e-02	AbsError: 1.23393e+15
    Region: "Bulk"	RelError: 9.42730e-02	AbsError: 1.23393e+15
      Equation: "ElectronContinuityEquation"	RelError: 8.24641e-02	AbsError: 1.65630e+14
      Equation: "HoleContinuityEquation"	RelError: 9.47455e-03	AbsError: 1.06830e+15
      Equation: "PotentialEquation"	RelError: 2.33434e-03	AbsError: 1.05537e-04
Iteration: 5
  Device: "diode3d"	RelError: 1.24348e-04	AbsError: 6.06715e+11
    Region: "Bulk"	RelError: 1.24348e-04	AbsError: 6.06715e+11
      Equation: "ElectronContinuityEquation"	RelError: 1.03580e-04	AbsError: 3.65101e+10
      Equation: "HoleContinuityEquation"	RelError: 2.01891e-05	AbsError: 5.70205e+11
      Equation: "PotentialEquation"	RelError: 5.78861e-07	AbsError: 3.55516e-08
Iteration: 6
  Device: "diode3d"	RelError: 2.14150e-11	AbsError: 1.78856e+05
    Region: "Bulk"	RelError: 2.14150e-11	AbsError: 1.78856e+05
      Equation: "ElectronContinuityEquation"	RelError: 1.61529e-11	AbsError: 3.40119e+03
      Equation: "HoleContinuityEquation"	RelError: 5.13379e-12	AbsError: 1.75454e+05
      Equation: "PotentialEquation"	RelError: 1.28319e-13	AbsError: 8.68771e-15
top	0.5	3.5354759659153903e-12	1.7485535544230095e-12	5.2840295203384e-12
bot	0.0	-3.535549903056281e-12	-1.7484796334934078e-12	-5.284029536549689e-12
