Searching DEVSIM_MATH_LIBS="libopenblas.dylib:liblapack.dylib:libblas.dylib"
Loading "libopenblas.dylib": ALL BLAS/LAPACK LOADED
Skipping liblapack.dylib
Skipping libblas.dylib
Physical group name Base has 0 Tetrahedra.
Physical group name Base has 223 Triangles.
Physical group name Base has 354 Lines.
Physical group name Base has 132 Points.
Physical group name Bulk has 6701 Tetrahedra.
Physical group name Bulk has 14066 Triangles.
Physical group name Bulk has 8781 Lines.
Physical group name Bulk has 1417 Points.
Physical group name Emitter has 0 Tetrahedra.
Physical group name Emitter has 201 Triangles.
Physical group name Emitter has 320 Lines.
Physical group name Emitter has 120 Points.
Device diode3d has 1417 coordinates with max index 1417
Region Bulk has 1417 nodes.
Contact bot in region Bulk with 120 nodes
Contact top in region Bulk with 132 nodes
number of equations 1417
Iteration: 0
  Device: "diode3d"	RelError: 1.00000e+00	AbsError: 9.05977e-02
    Region: "Bulk"	RelError: 1.00000e+00	AbsError: 9.05977e-02
      Equation: "PotentialEquation"	RelError: 1.00000e+00	AbsError: 9.05977e-02
Iteration: 1
  Device: "diode3d"	RelError: 4.91874e-01	AbsError: 8.77001e-02
    Region: "Bulk"	RelError: 4.91874e-01	AbsError: 8.77001e-02
      Equation: "PotentialEquation"	RelError: 4.91874e-01	AbsError: 8.77001e-02
Iteration: 2
  Device: "diode3d"	RelError: 3.21654e-01	AbsError: 8.45443e-02
    Region: "Bulk"	RelError: 3.21654e-01	AbsError: 8.45443e-02
      Equation: "PotentialEquation"	RelError: 3.21654e-01	AbsError: 8.45443e-02
Iteration: 3
  Device: "diode3d"	RelError: 3.59842e-01	AbsError: 8.10054e-02
    Region: "Bulk"	RelError: 3.59842e-01	AbsError: 8.10054e-02
      Equation: "PotentialEquation"	RelError: 3.59842e-01	AbsError: 8.10054e-02
Iteration: 4
  Device: "diode3d"	RelError: 2.91252e+00	AbsError: 7.54427e-02
    Region: "Bulk"	RelError: 2.91252e+00	AbsError: 7.54427e-02
      Equation: "PotentialEquation"	RelError: 2.91252e+00	AbsError: 7.54427e-02
Iteration: 5
  Device: "diode3d"	RelError: 4.89564e+00	AbsError: 5.61789e-02
    Region: "Bulk"	RelError: 4.89564e+00	AbsError: 5.61789e-02
      Equation: "PotentialEquation"	RelError: 4.89564e+00	AbsError: 5.61789e-02
Iteration: 6
  Device: "diode3d"	RelError: 1.85378e+00	AbsError: 3.95692e-02
    Region: "Bulk"	RelError: 1.85378e+00	AbsError: 3.95692e-02
      Equation: "PotentialEquation"	RelError: 1.85378e+00	AbsError: 3.95692e-02
Iteration: 7
  Device: "diode3d"	RelError: 7.12944e-02	AbsError: 2.91367e-02
    Region: "Bulk"	RelError: 7.12944e-02	AbsError: 2.91367e-02
      Equation: "PotentialEquation"	RelError: 7.12944e-02	AbsError: 2.91367e-02
Iteration: 8
  Device: "diode3d"	RelError: 5.18778e-02	AbsError: 2.47384e-02
    Region: "Bulk"	RelError: 5.18778e-02	AbsError: 2.47384e-02
      Equation: "PotentialEquation"	RelError: 5.18778e-02	AbsError: 2.47384e-02
Iteration: 9
  Device: "diode3d"	RelError: 8.22249e-05	AbsError: 3.91941e-05
    Region: "Bulk"	RelError: 8.22249e-05	AbsError: 3.91941e-05
      Equation: "PotentialEquation"	RelError: 8.22249e-05	AbsError: 3.91941e-05
Iteration: 10
  Device: "diode3d"	RelError: 2.86921e-08	AbsError: 1.36767e-08
    Region: "Bulk"	RelError: 2.86921e-08	AbsError: 1.36767e-08
      Equation: "PotentialEquation"	RelError: 2.86921e-08	AbsError: 1.36767e-08
Iteration: 11
  Device: "diode3d"	RelError: 3.41816e-15	AbsError: 1.62933e-15
    Region: "Bulk"	RelError: 3.41816e-15	AbsError: 1.62933e-15
      Equation: "PotentialEquation"	RelError: 3.41816e-15	AbsError: 1.62933e-15
Warning: Replacing equation with equation of the same name.
Region: Bulk, Equation: PotentialEquation, Variable: Potential
number of equations 4251
Iteration: 0
  Device: "diode3d"	RelError: 1.81792e-26	AbsError: 9.85739e-10
    Region: "Bulk"	RelError: 1.81792e-26	AbsError: 9.85739e-10
      Equation: "ElectronContinuityEquation"	RelError: 1.47548e-26	AbsError: 8.08955e-11
      Equation: "HoleContinuityEquation"	RelError: 3.37495e-27	AbsError: 9.04843e-10
      Equation: "PotentialEquation"	RelError: 4.95035e-29	AbsError: 2.35968e-29
number of equations 4251
Iteration: 0
  Device: "diode3d"	RelError: 8.41446e+00	AbsError: 2.09478e+17
    Region: "Bulk"	RelError: 8.41446e+00	AbsError: 2.09478e+17
      Equation: "ElectronContinuityEquation"	RelError: 7.77487e-01	AbsError: 1.03687e+17
      Equation: "HoleContinuityEquation"	RelError: 7.77682e-01	AbsError: 1.05791e+17
      Equation: "PotentialEquation"	RelError: 6.85929e+00	AbsError: 4.40362e-02
Iteration: 1
  Device: "diode3d"	RelError: 7.73711e+01	AbsError: 2.44789e+16
    Region: "Bulk"	RelError: 7.73711e+01	AbsError: 2.44789e+16
      Equation: "ElectronContinuityEquation"	RelError: 6.75417e-01	AbsError: 1.33171e+16
      Equation: "HoleContinuityEquation"	RelError: 7.54450e-01	AbsError: 1.11618e+16
      Equation: "PotentialEquation"	RelError: 7.59412e+01	AbsError: 3.12785e-02
Iteration: 2
  Device: "diode3d"	RelError: 1.17819e+00	AbsError: 5.75351e+15
    Region: "Bulk"	RelError: 1.17819e+00	AbsError: 5.75351e+15
      Equation: "ElectronContinuityEquation"	RelError: 4.92687e-01	AbsError: 1.95187e+15
      Equation: "HoleContinuityEquation"	RelError: 4.80162e-01	AbsError: 3.80164e+15
      Equation: "PotentialEquation"	RelError: 2.05342e-01	AbsError: 2.58276e-02
Iteration: 3
  Device: "diode3d"	RelError: 5.07696e-01	AbsError: 3.15598e+15
    Region: "Bulk"	RelError: 5.07696e-01	AbsError: 3.15598e+15
      Equation: "ElectronContinuityEquation"	RelError: 3.05096e-01	AbsError: 1.94975e+15
      Equation: "HoleContinuityEquation"	RelError: 1.63895e-01	AbsError: 1.20622e+15
      Equation: "PotentialEquation"	RelError: 3.87047e-02	AbsError: 9.59886e-03
Iteration: 4
  Device: "diode3d"	RelError: 3.98421e-01	AbsError: 3.17524e+15
    Region: "Bulk"	RelError: 3.98421e-01	AbsError: 3.17524e+15
      Equation: "ElectronContinuityEquation"	RelError: 8.42044e-02	AbsError: 1.95169e+15
      Equation: "HoleContinuityEquation"	RelError: 1.26149e-02	AbsError: 1.22355e+15
      Equation: "PotentialEquation"	RelError: 3.01602e-01	AbsError: 1.66787e-03
Iteration: 5
  Device: "diode3d"	RelError: 6.03106e-04	AbsError: 5.17499e+13
    Region: "Bulk"	RelError: 6.03106e-04	AbsError: 5.17499e+13
      Equation: "ElectronContinuityEquation"	RelError: 1.69596e-04	AbsError: 1.05572e+13
      Equation: "HoleContinuityEquation"	RelError: 7.01636e-05	AbsError: 4.11927e+13
      Equation: "PotentialEquation"	RelError: 3.63347e-04	AbsError: 9.93348e-06
Iteration: 6
  Device: "diode3d"	RelError: 1.46669e-07	AbsError: 5.16686e+10
    Region: "Bulk"	RelError: 1.46669e-07	AbsError: 5.16686e+10
      Equation: "ElectronContinuityEquation"	RelError: 3.11534e-08	AbsError: 3.10670e+10
      Equation: "HoleContinuityEquation"	RelError: 2.08273e-08	AbsError: 2.06017e+10
      Equation: "PotentialEquation"	RelError: 9.46883e-08	AbsError: 1.68544e-09
Iteration: 7
  Device: "diode3d"	RelError: 2.48125e-10	AbsError: 1.01567e+08
    Region: "Bulk"	RelError: 2.48125e-10	AbsError: 1.01567e+08
      Equation: "ElectronContinuityEquation"	RelError: 8.22791e-11	AbsError: 1.65717e+07
      Equation: "HoleContinuityEquation"	RelError: 8.58643e-11	AbsError: 8.49951e+07
      Equation: "PotentialEquation"	RelError: 7.99817e-11	AbsError: 2.21042e-12
Iteration: 8
  Device: "diode3d"	RelError: 5.47779e-14	AbsError: 2.63172e+04
    Region: "Bulk"	RelError: 5.47779e-14	AbsError: 2.63172e+04
      Equation: "ElectronContinuityEquation"	RelError: 2.65643e-14	AbsError: 2.62983e+04
      Equation: "HoleContinuityEquation"	RelError: 2.66389e-14	AbsError: 1.88853e+01
      Equation: "PotentialEquation"	RelError: 1.57465e-15	AbsError: 6.88584e-16
Iteration: 9
  Device: "diode3d"	RelError: 9.22828e-19	AbsError: 1.58590e-02
    Region: "Bulk"	RelError: 9.22828e-19	AbsError: 1.58590e-02
      Equation: "ElectronContinuityEquation"	RelError: 3.43357e-19	AbsError: 3.28936e-03
      Equation: "HoleContinuityEquation"	RelError: 1.60311e-19	AbsError: 1.25697e-02
      Equation: "PotentialEquation"	RelError: 4.19159e-19	AbsError: 1.15778e-19
Iteration: 10
  Device: "diode3d"	RelError: 1.19395e-21	AbsError: 1.88435e-05
    Region: "Bulk"	RelError: 1.19395e-21	AbsError: 1.88435e-05
      Equation: "ElectronContinuityEquation"	RelError: 4.54407e-22	AbsError: 3.62955e-06
      Equation: "HoleContinuityEquation"	RelError: 1.82133e-22	AbsError: 1.52139e-05
      Equation: "PotentialEquation"	RelError: 5.57415e-22	AbsError: 7.42127e-23
top	0.1	8.433170398259848e-19	4.3684375333610825e-19	1.280160793162093e-18
bot	0.0	-8.660394966747907e-19	-4.141212964873024e-19	-1.280160793162093e-18
number of equations 4251
Iteration: 0
  Device: "diode3d"	RelError: 9.70884e+00	AbsError: 2.22692e+17
    Region: "Bulk"	RelError: 9.70884e+00	AbsError: 2.22692e+17
      Equation: "ElectronContinuityEquation"	RelError: 7.90020e-01	AbsError: 1.10221e+17
      Equation: "HoleContinuityEquation"	RelError: 7.90237e-01	AbsError: 1.12472e+17
      Equation: "PotentialEquation"	RelError: 8.12858e+00	AbsError: 4.54246e-02
Iteration: 1
  Device: "diode3d"	RelError: 9.39794e+00	AbsError: 5.61539e+16
    Region: "Bulk"	RelError: 9.39794e+00	AbsError: 5.61539e+16
      Equation: "ElectronContinuityEquation"	RelError: 6.85779e-01	AbsError: 1.65135e+16
      Equation: "HoleContinuityEquation"	RelError: 7.69012e-01	AbsError: 3.96405e+16
      Equation: "PotentialEquation"	RelError: 7.94315e+00	AbsError: 3.16449e-02
Iteration: 2
  Device: "diode3d"	RelError: 1.81649e+00	AbsError: 4.32300e+16
    Region: "Bulk"	RelError: 1.81649e+00	AbsError: 4.32300e+16
      Equation: "ElectronContinuityEquation"	RelError: 5.02615e-01	AbsError: 2.72003e+15
      Equation: "HoleContinuityEquation"	RelError: 4.81835e-01	AbsError: 4.05099e+16
      Equation: "PotentialEquation"	RelError: 8.32043e-01	AbsError: 2.58766e-02
Iteration: 3
  Device: "diode3d"	RelError: 4.95899e-01	AbsError: 1.90038e+16
    Region: "Bulk"	RelError: 4.95899e-01	AbsError: 1.90038e+16
      Equation: "ElectronContinuityEquation"	RelError: 3.04720e-01	AbsError: 2.74153e+15
      Equation: "HoleContinuityEquation"	RelError: 1.52339e-01	AbsError: 1.62623e+16
      Equation: "PotentialEquation"	RelError: 3.88398e-02	AbsError: 1.07541e-02
Iteration: 4
  Device: "diode3d"	RelError: 1.24960e-01	AbsError: 3.07284e+15
    Region: "Bulk"	RelError: 1.24960e-01	AbsError: 3.07284e+15
      Equation: "ElectronContinuityEquation"	RelError: 9.03324e-02	AbsError: 1.11275e+15
      Equation: "HoleContinuityEquation"	RelError: 1.38872e-02	AbsError: 1.96010e+15
      Equation: "PotentialEquation"	RelError: 2.07405e-02	AbsError: 1.23002e-03
Iteration: 5
  Device: "diode3d"	RelError: 4.07425e-04	AbsError: 3.31628e+13
    Region: "Bulk"	RelError: 4.07425e-04	AbsError: 3.31628e+13
      Equation: "ElectronContinuityEquation"	RelError: 2.34510e-04	AbsError: 9.37799e+12
      Equation: "HoleContinuityEquation"	RelError: 9.73207e-05	AbsError: 2.37848e+13
      Equation: "PotentialEquation"	RelError: 7.55943e-05	AbsError: 2.09290e-05
Iteration: 6
  Device: "diode3d"	RelError: 6.93812e-08	AbsError: 2.40605e+10
    Region: "Bulk"	RelError: 6.93812e-08	AbsError: 2.40605e+10
      Equation: "ElectronContinuityEquation"	RelError: 2.85976e-08	AbsError: 1.25986e+10
      Equation: "HoleContinuityEquation"	RelError: 2.85013e-08	AbsError: 1.14619e+10
      Equation: "PotentialEquation"	RelError: 1.22823e-08	AbsError: 1.48564e-09
Iteration: 7
  Device: "diode3d"	RelError: 3.92924e-11	AbsError: 2.59284e+07
    Region: "Bulk"	RelError: 3.92924e-11	AbsError: 2.59284e+07
      Equation: "ElectronContinuityEquation"	RelError: 1.86691e-11	AbsError: 1.19521e+07
      Equation: "HoleContinuityEquation"	RelError: 1.89847e-11	AbsError: 1.39762e+07
      Equation: "PotentialEquation"	RelError: 1.63860e-12	AbsError: 4.84375e-13
Iteration: 8
  Device: "diode3d"	RelError: 8.87304e-15	AbsError: 3.09189e+03
    Region: "Bulk"	RelError: 8.87304e-15	AbsError: 3.09189e+03
      Equation: "ElectronContinuityEquation"	RelError: 4.79661e-15	AbsError: 4.64957e+00
      Equation: "HoleContinuityEquation"	RelError: 3.09471e-15	AbsError: 3.08724e+03
      Equation: "PotentialEquation"	RelError: 9.81717e-16	AbsError: 2.71798e-16
Iteration: 9
  Device: "diode3d"	RelError: 4.38582e-19	AbsError: 3.96392e-03
    Region: "Bulk"	RelError: 4.38582e-19	AbsError: 3.96392e-03
      Equation: "ElectronContinuityEquation"	RelError: 1.00445e-19	AbsError: 1.03191e-03
      Equation: "HoleContinuityEquation"	RelError: 4.60209e-20	AbsError: 2.93201e-03
      Equation: "PotentialEquation"	RelError: 2.92116e-19	AbsError: 8.08752e-20
Iteration: 10
  Device: "diode3d"	RelError: 1.43212e-22	AbsError: 2.32884e-06
    Region: "Bulk"	RelError: 1.43212e-22	AbsError: 2.32884e-06
      Equation: "ElectronContinuityEquation"	RelError: 6.62995e-23	AbsError: 4.03415e-07
      Equation: "HoleContinuityEquation"	RelError: 1.83691e-23	AbsError: 1.92543e-06
      Equation: "PotentialEquation"	RelError: 5.85430e-23	AbsError: 1.62082e-23
top	0.2	3.885811298189603e-17	1.9289191074459398e-17	5.814730405635542e-17
bot	0.0	-3.9034719887819385e-17	-1.9112584168536037e-17	-5.814730405635542e-17
number of equations 4251
Iteration: 0
  Device: "diode3d"	RelError: 1.11258e+01	AbsError: 2.39286e+17
    Region: "Bulk"	RelError: 1.11258e+01	AbsError: 2.39286e+17
      Equation: "ElectronContinuityEquation"	RelError: 7.95480e-01	AbsError: 1.19425e+17
      Equation: "HoleContinuityEquation"	RelError: 7.92509e-01	AbsError: 1.19861e+17
      Equation: "PotentialEquation"	RelError: 9.53781e+00	AbsError: 4.64542e-02
Iteration: 1
  Device: "diode3d"	RelError: 4.69167e+01	AbsError: 5.27445e+16
    Region: "Bulk"	RelError: 4.69167e+01	AbsError: 5.27445e+16
      Equation: "ElectronContinuityEquation"	RelError: 6.85363e-01	AbsError: 3.71750e+16
      Equation: "HoleContinuityEquation"	RelError: 7.71182e-01	AbsError: 1.55696e+16
      Equation: "PotentialEquation"	RelError: 4.54602e+01	AbsError: 3.16506e-02
Iteration: 2
  Device: "diode3d"	RelError: 1.03310e+02	AbsError: 4.50677e+16
    Region: "Bulk"	RelError: 1.03310e+02	AbsError: 4.50677e+16
      Equation: "ElectronContinuityEquation"	RelError: 5.03400e-01	AbsError: 3.18533e+16
      Equation: "HoleContinuityEquation"	RelError: 4.80310e-01	AbsError: 1.32145e+16
      Equation: "PotentialEquation"	RelError: 1.02327e+02	AbsError: 2.58481e-02
Iteration: 3
  Device: "diode3d"	RelError: 6.65408e-01	AbsError: 6.77645e+15
    Region: "Bulk"	RelError: 6.65408e-01	AbsError: 6.77645e+15
      Equation: "ElectronContinuityEquation"	RelError: 3.04930e-01	AbsError: 4.64864e+15
      Equation: "HoleContinuityEquation"	RelError: 1.64835e-01	AbsError: 2.12782e+15
      Equation: "PotentialEquation"	RelError: 1.95643e-01	AbsError: 1.02672e-02
Iteration: 4
  Device: "diode3d"	RelError: 5.73291e-01	AbsError: 3.24421e+15
    Region: "Bulk"	RelError: 5.73291e-01	AbsError: 3.24421e+15
      Equation: "ElectronContinuityEquation"	RelError: 8.71123e-02	AbsError: 1.38772e+15
      Equation: "HoleContinuityEquation"	RelError: 1.05753e-02	AbsError: 1.85649e+15
      Equation: "PotentialEquation"	RelError: 4.75603e-01	AbsError: 3.18361e-03
Iteration: 5
  Device: "diode3d"	RelError: 5.21483e-04	AbsError: 3.93575e+13
    Region: "Bulk"	RelError: 5.21483e-04	AbsError: 3.93575e+13
      Equation: "ElectronContinuityEquation"	RelError: 2.11986e-04	AbsError: 2.77053e+13
      Equation: "HoleContinuityEquation"	RelError: 2.62108e-04	AbsError: 1.16521e+13
      Equation: "PotentialEquation"	RelError: 4.73896e-05	AbsError: 8.92010e-06
Iteration: 6
  Device: "diode3d"	RelError: 2.38526e-07	AbsError: 1.19872e+11
    Region: "Bulk"	RelError: 2.38526e-07	AbsError: 1.19872e+11
      Equation: "ElectronContinuityEquation"	RelError: 1.07054e-07	AbsError: 1.06737e+11
      Equation: "HoleContinuityEquation"	RelError: 9.76350e-08	AbsError: 1.31342e+10
      Equation: "PotentialEquation"	RelError: 3.38376e-08	AbsError: 7.97377e-09
Iteration: 7
  Device: "diode3d"	RelError: 6.60167e-10	AbsError: 3.06805e+08
    Region: "Bulk"	RelError: 6.60167e-10	AbsError: 3.06805e+08
      Equation: "ElectronContinuityEquation"	RelError: 2.63733e-10	AbsError: 2.62630e+08
      Equation: "HoleContinuityEquation"	RelError: 2.58203e-10	AbsError: 4.41746e+07
      Equation: "PotentialEquation"	RelError: 1.38231e-10	AbsError: 6.82545e-12
Iteration: 8
  Device: "diode3d"	RelError: 1.53175e-12	AbsError: 6.60629e+05
    Region: "Bulk"	RelError: 1.53175e-12	AbsError: 6.60629e+05
      Equation: "ElectronContinuityEquation"	RelError: 7.42985e-13	AbsError: 6.32683e+05
      Equation: "HoleContinuityEquation"	RelError: 7.47531e-13	AbsError: 2.79460e+04
      Equation: "PotentialEquation"	RelError: 4.12388e-14	AbsError: 1.92564e-14
Iteration: 9
  Device: "diode3d"	RelError: 5.05414e-15	AbsError: 1.71790e+03
    Region: "Bulk"	RelError: 5.05414e-15	AbsError: 1.71790e+03
      Equation: "ElectronContinuityEquation"	RelError: 2.33912e-15	AbsError: 1.68978e+03
      Equation: "HoleContinuityEquation"	RelError: 2.34259e-15	AbsError: 2.81197e+01
      Equation: "PotentialEquation"	RelError: 3.72427e-16	AbsError: 6.05481e-17
Iteration: 10
  Device: "diode3d"	RelError: 2.16955e-17	AbsError: 1.05842e+01
    Region: "Bulk"	RelError: 2.16955e-17	AbsError: 1.05842e+01
      Equation: "ElectronContinuityEquation"	RelError: 1.05916e-17	AbsError: 1.05473e+01
      Equation: "HoleContinuityEquation"	RelError: 1.05282e-17	AbsError: 3.68722e-02
      Equation: "PotentialEquation"	RelError: 5.75698e-19	AbsError: 2.74465e-19
Iteration: 11
  Device: "diode3d"	RelError: 9.95207e-21	AbsError: 2.83243e-03
    Region: "Bulk"	RelError: 9.95207e-21	AbsError: 2.83243e-03
      Equation: "ElectronContinuityEquation"	RelError: 3.75576e-21	AbsError: 2.71316e-03
      Equation: "HoleContinuityEquation"	RelError: 3.83149e-21	AbsError: 1.19279e-04
      Equation: "PotentialEquation"	RelError: 2.36482e-21	AbsError: 9.71519e-23
top	0.30000000000000004	1.7524669891894973e-15	8.645753251312547e-16	2.617042314320752e-15
bot	0.0	-1.7537633116089212e-15	-8.632790027118309e-16	-2.617042314320752e-15
number of equations 4251
Iteration: 0
  Device: "diode3d"	RelError: 2.05192e+01	AbsError: 3.39379e+17
    Region: "Bulk"	RelError: 2.05192e+01	AbsError: 3.39379e+17
      Equation: "ElectronContinuityEquation"	RelError: 7.99796e-01	AbsError: 1.32440e+17
      Equation: "HoleContinuityEquation"	RelError: 7.94081e-01	AbsError: 2.06939e+17
      Equation: "PotentialEquation"	RelError: 1.89253e+01	AbsError: 4.71022e-02
Iteration: 1
  Device: "diode3d"	RelError: 5.46227e+01	AbsError: 2.20445e+17
    Region: "Bulk"	RelError: 5.46227e+01	AbsError: 2.20445e+17
      Equation: "ElectronContinuityEquation"	RelError: 6.86253e-01	AbsError: 2.51023e+16
      Equation: "HoleContinuityEquation"	RelError: 7.72437e-01	AbsError: 1.95342e+17
      Equation: "PotentialEquation"	RelError: 5.31640e+01	AbsError: 3.53452e-02
Iteration: 2
  Device: "diode3d"	RelError: 6.01085e+01	AbsError: 2.71843e+16
    Region: "Bulk"	RelError: 6.01085e+01	AbsError: 2.71843e+16
      Equation: "ElectronContinuityEquation"	RelError: 5.09162e-01	AbsError: 1.47088e+16
      Equation: "HoleContinuityEquation"	RelError: 4.95633e-01	AbsError: 1.24755e+16
      Equation: "PotentialEquation"	RelError: 5.91037e+01	AbsError: 2.58885e-02
Iteration: 3
  Device: "diode3d"	RelError: 7.09593e-01	AbsError: 1.15335e+16
    Region: "Bulk"	RelError: 7.09593e-01	AbsError: 1.15335e+16
      Equation: "ElectronContinuityEquation"	RelError: 3.09743e-01	AbsError: 6.85998e+15
      Equation: "HoleContinuityEquation"	RelError: 1.61769e-01	AbsError: 4.67353e+15
      Equation: "PotentialEquation"	RelError: 2.38081e-01	AbsError: 1.80256e-02
Iteration: 4
  Device: "diode3d"	RelError: 5.34481e-01	AbsError: 5.32595e+15
    Region: "Bulk"	RelError: 5.34481e-01	AbsError: 5.32595e+15
      Equation: "ElectronContinuityEquation"	RelError: 9.39188e-02	AbsError: 3.02402e+15
      Equation: "HoleContinuityEquation"	RelError: 1.36235e-02	AbsError: 2.30194e+15
      Equation: "PotentialEquation"	RelError: 4.26939e-01	AbsError: 1.44077e-03
Iteration: 5
  Device: "diode3d"	RelError: 5.81950e-04	AbsError: 4.09252e+13
    Region: "Bulk"	RelError: 5.81950e-04	AbsError: 4.09252e+13
      Equation: "ElectronContinuityEquation"	RelError: 2.74114e-04	AbsError: 2.10033e+13
      Equation: "HoleContinuityEquation"	RelError: 9.08826e-05	AbsError: 1.99220e+13
      Equation: "PotentialEquation"	RelError: 2.16953e-04	AbsError: 1.22812e-05
Iteration: 6
  Device: "diode3d"	RelError: 7.56443e-07	AbsError: 3.34984e+11
    Region: "Bulk"	RelError: 7.56443e-07	AbsError: 3.34984e+11
      Equation: "ElectronContinuityEquation"	RelError: 3.00499e-07	AbsError: 2.99623e+11
      Equation: "HoleContinuityEquation"	RelError: 3.00139e-07	AbsError: 3.53612e+10
      Equation: "PotentialEquation"	RelError: 1.55805e-07	AbsError: 2.55426e-08
Iteration: 7
  Device: "diode3d"	RelError: 1.03099e-09	AbsError: 3.09732e+08
    Region: "Bulk"	RelError: 1.03099e-09	AbsError: 3.09732e+08
      Equation: "ElectronContinuityEquation"	RelError: 3.05692e-10	AbsError: 8.51108e+07
      Equation: "HoleContinuityEquation"	RelError: 3.05574e-10	AbsError: 2.24622e+08
      Equation: "PotentialEquation"	RelError: 4.19720e-10	AbsError: 7.90689e-12
Iteration: 8
  Device: "diode3d"	RelError: 1.16122e-12	AbsError: 7.78699e+05
    Region: "Bulk"	RelError: 1.16122e-12	AbsError: 7.78699e+05
      Equation: "ElectronContinuityEquation"	RelError: 5.00940e-13	AbsError: 4.99480e+05
      Equation: "HoleContinuityEquation"	RelError: 5.04805e-13	AbsError: 2.79219e+05
      Equation: "PotentialEquation"	RelError: 1.55480e-13	AbsError: 1.31395e-14
Iteration: 9
  Device: "diode3d"	RelError: 1.10426e-15	AbsError: 3.85590e+02
    Region: "Bulk"	RelError: 1.10426e-15	AbsError: 3.85590e+02
      Equation: "ElectronContinuityEquation"	RelError: 2.78907e-16	AbsError: 2.72837e+02
      Equation: "HoleContinuityEquation"	RelError: 2.80787e-16	AbsError: 1.12753e+02
      Equation: "PotentialEquation"	RelError: 5.44563e-16	AbsError: 7.25567e-18
Iteration: 10
  Device: "diode3d"	RelError: 1.89229e-18	AbsError: 9.38029e-01
    Region: "Bulk"	RelError: 1.89229e-18	AbsError: 9.38029e-01
      Equation: "ElectronContinuityEquation"	RelError: 7.23776e-19	AbsError: 7.21668e-01
      Equation: "HoleContinuityEquation"	RelError: 7.21303e-19	AbsError: 2.16361e-01
      Equation: "PotentialEquation"	RelError: 4.47215e-19	AbsError: 1.86530e-20
Iteration: 11
  Device: "diode3d"	RelError: 3.85922e-21	AbsError: 1.93929e-03
    Region: "Bulk"	RelError: 3.85922e-21	AbsError: 1.93929e-03
      Equation: "ElectronContinuityEquation"	RelError: 1.70787e-21	AbsError: 1.70289e-03
      Equation: "HoleContinuityEquation"	RelError: 1.71878e-21	AbsError: 2.36395e-04
      Equation: "PotentialEquation"	RelError: 4.32573e-22	AbsError: 4.45104e-23
top	0.4	7.883949441497838e-14	3.891446874225163e-14	1.1775396315723003e-13
bot	0.0	-7.88491095636792e-14	-3.8904853593550816e-14	-1.1775396315723003e-13
number of equations 4251
Iteration: 0
  Device: "diode3d"	RelError: 1.19254e+02	AbsError: 4.19129e+17
    Region: "Bulk"	RelError: 1.19254e+02	AbsError: 4.19129e+17
      Equation: "ElectronContinuityEquation"	RelError: 7.97356e-01	AbsError: 2.60150e+17
      Equation: "HoleContinuityEquation"	RelError: 8.00241e-01	AbsError: 1.58979e+17
      Equation: "PotentialEquation"	RelError: 1.17656e+02	AbsError: 4.99008e-02
Iteration: 1
  Device: "diode3d"	RelError: 4.34616e+03	AbsError: 3.18303e+17
    Region: "Bulk"	RelError: 4.34616e+03	AbsError: 3.18303e+17
      Equation: "ElectronContinuityEquation"	RelError: 6.98658e-01	AbsError: 1.70726e+17
      Equation: "HoleContinuityEquation"	RelError: 7.95092e-01	AbsError: 1.47577e+17
      Equation: "PotentialEquation"	RelError: 4.34467e+03	AbsError: 4.03732e-02
Iteration: 2
  Device: "diode3d"	RelError: 9.19371e+00	AbsError: 2.63532e+16
    Region: "Bulk"	RelError: 9.19371e+00	AbsError: 2.63532e+16
      Equation: "ElectronContinuityEquation"	RelError: 5.06180e-01	AbsError: 1.76833e+16
      Equation: "HoleContinuityEquation"	RelError: 5.52468e-01	AbsError: 8.66983e+15
      Equation: "PotentialEquation"	RelError: 8.13506e+00	AbsError: 3.01752e-02
Iteration: 3
  Device: "diode3d"	RelError: 1.70632e+00	AbsError: 1.23665e+16
    Region: "Bulk"	RelError: 1.70632e+00	AbsError: 1.23665e+16
      Equation: "ElectronContinuityEquation"	RelError: 3.08574e-01	AbsError: 7.86018e+15
      Equation: "HoleContinuityEquation"	RelError: 1.45849e-01	AbsError: 4.50634e+15
      Equation: "PotentialEquation"	RelError: 1.25190e+00	AbsError: 1.84346e-02
Iteration: 4
  Device: "diode3d"	RelError: 4.59474e-01	AbsError: 1.20634e+16
    Region: "Bulk"	RelError: 4.59474e-01	AbsError: 1.20634e+16
      Equation: "ElectronContinuityEquation"	RelError: 8.38883e-02	AbsError: 7.89812e+15
      Equation: "HoleContinuityEquation"	RelError: 1.18537e-02	AbsError: 4.16526e+15
      Equation: "PotentialEquation"	RelError: 3.63732e-01	AbsError: 8.41796e-03
Iteration: 5
  Device: "diode3d"	RelError: 3.68187e-03	AbsError: 1.53710e+14
    Region: "Bulk"	RelError: 3.68187e-03	AbsError: 1.53710e+14
      Equation: "ElectronContinuityEquation"	RelError: 2.96170e-03	AbsError: 8.61750e+13
      Equation: "HoleContinuityEquation"	RelError: 1.06402e-04	AbsError: 6.75352e+13
      Equation: "PotentialEquation"	RelError: 6.13773e-04	AbsError: 2.22048e-05
Iteration: 6
  Device: "diode3d"	RelError: 2.48232e-07	AbsError: 7.40953e+10
    Region: "Bulk"	RelError: 2.48232e-07	AbsError: 7.40953e+10
      Equation: "ElectronContinuityEquation"	RelError: 8.01893e-08	AbsError: 5.28516e+10
      Equation: "HoleContinuityEquation"	RelError: 8.05311e-08	AbsError: 2.12436e+10
      Equation: "PotentialEquation"	RelError: 8.75121e-08	AbsError: 8.69340e-09
Iteration: 7
  Device: "diode3d"	RelError: 3.78266e-10	AbsError: 2.16575e+08
    Region: "Bulk"	RelError: 3.78266e-10	AbsError: 2.16575e+08
      Equation: "ElectronContinuityEquation"	RelError: 1.44741e-10	AbsError: 1.37590e+08
      Equation: "HoleContinuityEquation"	RelError: 1.45859e-10	AbsError: 7.89847e+07
      Equation: "PotentialEquation"	RelError: 8.76661e-11	AbsError: 3.73268e-12
Iteration: 8
  Device: "diode3d"	RelError: 3.41401e-13	AbsError: 1.90833e+05
    Region: "Bulk"	RelError: 3.41401e-13	AbsError: 1.90833e+05
      Equation: "ElectronContinuityEquation"	RelError: 1.39679e-13	AbsError: 1.39033e+05
      Equation: "HoleContinuityEquation"	RelError: 1.43126e-13	AbsError: 5.18004e+04
      Equation: "PotentialEquation"	RelError: 5.85948e-14	AbsError: 3.68046e-15
Iteration: 9
  Device: "diode3d"	RelError: 1.74049e-15	AbsError: 8.99778e+02
    Region: "Bulk"	RelError: 1.74049e-15	AbsError: 8.99778e+02
      Equation: "ElectronContinuityEquation"	RelError: 8.27683e-16	AbsError: 8.26072e+02
      Equation: "HoleContinuityEquation"	RelError: 8.28882e-16	AbsError: 7.37059e+01
      Equation: "PotentialEquation"	RelError: 8.39288e-17	AbsError: 2.13994e-17
Iteration: 10
  Device: "diode3d"	RelError: 2.16696e-18	AbsError: 1.04358e+00
    Region: "Bulk"	RelError: 2.16696e-18	AbsError: 1.04358e+00
      Equation: "ElectronContinuityEquation"	RelError: 1.03444e-18	AbsError: 1.03243e+00
      Equation: "HoleContinuityEquation"	RelError: 1.03292e-18	AbsError: 1.11510e-02
      Equation: "PotentialEquation"	RelError: 9.95960e-20	AbsError: 2.66864e-20
Iteration: 11
  Device: "diode3d"	RelError: 1.59281e-22	AbsError: 8.65401e-05
    Region: "Bulk"	RelError: 1.59281e-22	AbsError: 8.65401e-05
      Equation: "ElectronContinuityEquation"	RelError: 6.71490e-23	AbsError: 6.70183e-05
      Equation: "HoleContinuityEquation"	RelError: 7.03417e-23	AbsError: 1.95218e-05
      Equation: "PotentialEquation"	RelError: 2.17898e-23	AbsError: 1.78668e-24
top	0.5	3.535475965915349e-12	1.7485535565274138e-12	5.284029522442763e-12
bot	0.0	-3.5355498889492315e-12	-1.7484796334935311e-12	-5.284029522442763e-12
